[1.448s] DEBUG:colcon:Command line arguments: ['/usr/bin/colcon', 'build', '--packages-select', 'custom_msg1']
[1.448s] DEBUG:colcon:Parsed command line arguments: Namespace(log_base=None, log_level=None, verb_name='build', build_base='build', install_base='install', merge_install=False, symlink_install=False, test_result_base=None, continue_on_error=False, executor='parallel', parallel_workers=4, event_handlers=None, ignore_user_meta=False, metas=['./colcon.meta'], base_paths=['.'], packages_ignore=None, packages_ignore_regex=None, paths=None, packages_up_to=None, packages_up_to_regex=None, packages_above=None, packages_above_and_dependencies=None, packages_above_depth=None, packages_select_by_dep=None, packages_skip_by_dep=None, packages_skip_up_to=None, packages_select_build_failed=False, packages_skip_build_finished=False, packages_select_test_failures=False, packages_skip_test_passed=False, packages_select=['custom_msg1'], packages_skip=None, packages_select_regex=None, packages_skip_regex=None, packages_start=None, packages_end=None, allow_overriding=[], cmake_args=None, cmake_target=None, cmake_target_skip_unavailable=False, cmake_clean_cache=False, cmake_clean_first=False, cmake_force_configure=False, ament_cmake_args=None, catkin_cmake_args=None, catkin_skip_building_tests=False, verb_parser=<colcon_defaults.argument_parser.defaults.DefaultArgumentsDecorator object at 0x7facc19eef80>, verb_extension=<colcon_core.verb.build.BuildVerb object at 0x7facc28131c0>, main=<bound method BuildVerb.main of <colcon_core.verb.build.BuildVerb object at 0x7facc28131c0>>)
[1.513s] Level 1:colcon.colcon_core.package_discovery:discover_packages(colcon_meta) check parameters
[1.513s] Level 1:colcon.colcon_core.package_discovery:discover_packages(recursive) check parameters
[1.513s] Level 1:colcon.colcon_core.package_discovery:discover_packages(ignore) check parameters
[1.513s] Level 1:colcon.colcon_core.package_discovery:discover_packages(path) check parameters
[1.513s] Level 1:colcon.colcon_core.package_discovery:discover_packages(colcon_meta) discover
[1.513s] Level 1:colcon.colcon_core.package_discovery:discover_packages(recursive) discover
[1.513s] INFO:colcon.colcon_core.package_discovery:Crawling recursively for packages in '/home/sajjad/Downloads/demo_ros2/ros2_ws'
[1.514s] Level 1:colcon.colcon_core.package_identification:_identify(.) by extensions ['ignore', 'ignore_ament_install']
[1.514s] Level 1:colcon.colcon_core.package_identification:_identify(.) by extension 'ignore'
[1.514s] Level 1:colcon.colcon_core.package_identification:_identify(.) by extension 'ignore_ament_install'
[1.514s] Level 1:colcon.colcon_core.package_identification:_identify(.) by extensions ['colcon_pkg']
[1.514s] Level 1:colcon.colcon_core.package_identification:_identify(.) by extension 'colcon_pkg'
[1.514s] Level 1:colcon.colcon_core.package_identification:_identify(.) by extensions ['colcon_meta']
[1.514s] Level 1:colcon.colcon_core.package_identification:_identify(.) by extension 'colcon_meta'
[1.514s] Level 1:colcon.colcon_core.package_identification:_identify(.) by extensions ['ros']
[1.514s] Level 1:colcon.colcon_core.package_identification:_identify(.) by extension 'ros'
[1.527s] Level 1:colcon.colcon_core.package_identification:_identify(.) by extensions ['cmake', 'python']
[1.527s] Level 1:colcon.colcon_core.package_identification:_identify(.) by extension 'cmake'
[1.527s] Level 1:colcon.colcon_core.package_identification:_identify(.) by extension 'python'
[1.527s] Level 1:colcon.colcon_core.package_identification:_identify(.) by extensions ['python_setup_py']
[1.527s] Level 1:colcon.colcon_core.package_identification:_identify(.) by extension 'python_setup_py'
[1.527s] Level 1:colcon.colcon_core.package_identification:_identify(build) by extensions ['ignore', 'ignore_ament_install']
[1.528s] Level 1:colcon.colcon_core.package_identification:_identify(build) by extension 'ignore'
[1.528s] Level 1:colcon.colcon_core.package_identification:_identify(build) ignored
[1.528s] Level 1:colcon.colcon_core.package_identification:_identify(install) by extensions ['ignore', 'ignore_ament_install']
[1.528s] Level 1:colcon.colcon_core.package_identification:_identify(install) by extension 'ignore'
[1.528s] Level 1:colcon.colcon_core.package_identification:_identify(install) ignored
[1.528s] Level 1:colcon.colcon_core.package_identification:_identify(log) by extensions ['ignore', 'ignore_ament_install']
[1.528s] Level 1:colcon.colcon_core.package_identification:_identify(log) by extension 'ignore'
[1.528s] Level 1:colcon.colcon_core.package_identification:_identify(log) ignored
[1.528s] Level 1:colcon.colcon_core.package_identification:_identify(src) by extensions ['ignore', 'ignore_ament_install']
[1.528s] Level 1:colcon.colcon_core.package_identification:_identify(src) by extension 'ignore'
[1.528s] Level 1:colcon.colcon_core.package_identification:_identify(src) by extension 'ignore_ament_install'
[1.528s] Level 1:colcon.colcon_core.package_identification:_identify(src) by extensions ['colcon_pkg']
[1.528s] Level 1:colcon.colcon_core.package_identification:_identify(src) by extension 'colcon_pkg'
[1.529s] Level 1:colcon.colcon_core.package_identification:_identify(src) by extensions ['colcon_meta']
[1.529s] Level 1:colcon.colcon_core.package_identification:_identify(src) by extension 'colcon_meta'
[1.529s] Level 1:colcon.colcon_core.package_identification:_identify(src) by extensions ['ros']
[1.529s] Level 1:colcon.colcon_core.package_identification:_identify(src) by extension 'ros'
[1.529s] Level 1:colcon.colcon_core.package_identification:_identify(src) by extensions ['cmake', 'python']
[1.529s] Level 1:colcon.colcon_core.package_identification:_identify(src) by extension 'cmake'
[1.529s] Level 1:colcon.colcon_core.package_identification:_identify(src) by extension 'python'
[1.529s] Level 1:colcon.colcon_core.package_identification:_identify(src) by extensions ['python_setup_py']
[1.529s] Level 1:colcon.colcon_core.package_identification:_identify(src) by extension 'python_setup_py'
[1.529s] Level 1:colcon.colcon_core.package_identification:_identify(src/custom_msg) by extensions ['ignore', 'ignore_ament_install']
[1.529s] Level 1:colcon.colcon_core.package_identification:_identify(src/custom_msg) by extension 'ignore'
[1.529s] Level 1:colcon.colcon_core.package_identification:_identify(src/custom_msg) by extension 'ignore_ament_install'
[1.529s] Level 1:colcon.colcon_core.package_identification:_identify(src/custom_msg) by extensions ['colcon_pkg']
[1.529s] Level 1:colcon.colcon_core.package_identification:_identify(src/custom_msg) by extension 'colcon_pkg'
[1.529s] Level 1:colcon.colcon_core.package_identification:_identify(src/custom_msg) by extensions ['colcon_meta']
[1.529s] Level 1:colcon.colcon_core.package_identification:_identify(src/custom_msg) by extension 'colcon_meta'
[1.530s] Level 1:colcon.colcon_core.package_identification:_identify(src/custom_msg) by extensions ['ros']
[1.530s] Level 1:colcon.colcon_core.package_identification:_identify(src/custom_msg) by extension 'ros'
[1.533s] DEBUG:colcon.colcon_core.package_identification:Package 'src/custom_msg' with type 'ros.ament_cmake' and name 'custom_msg'
[1.533s] Level 1:colcon.colcon_core.package_identification:_identify(src/custom_msg1) by extensions ['ignore', 'ignore_ament_install']
[1.533s] Level 1:colcon.colcon_core.package_identification:_identify(src/custom_msg1) by extension 'ignore'
[1.533s] Level 1:colcon.colcon_core.package_identification:_identify(src/custom_msg1) by extension 'ignore_ament_install'
[1.533s] Level 1:colcon.colcon_core.package_identification:_identify(src/custom_msg1) by extensions ['colcon_pkg']
[1.533s] Level 1:colcon.colcon_core.package_identification:_identify(src/custom_msg1) by extension 'colcon_pkg'
[1.533s] Level 1:colcon.colcon_core.package_identification:_identify(src/custom_msg1) by extensions ['colcon_meta']
[1.533s] Level 1:colcon.colcon_core.package_identification:_identify(src/custom_msg1) by extension 'colcon_meta'
[1.533s] Level 1:colcon.colcon_core.package_identification:_identify(src/custom_msg1) by extensions ['ros']
[1.533s] Level 1:colcon.colcon_core.package_identification:_identify(src/custom_msg1) by extension 'ros'
[1.534s] DEBUG:colcon.colcon_core.package_identification:Package 'src/custom_msg1' with type 'ros.ament_cmake' and name 'custom_msg1'
[1.534s] Level 1:colcon.colcon_core.package_identification:_identify(src/my_robot_interfaces) by extensions ['ignore', 'ignore_ament_install']
[1.534s] Level 1:colcon.colcon_core.package_identification:_identify(src/my_robot_interfaces) by extension 'ignore'
[1.534s] Level 1:colcon.colcon_core.package_identification:_identify(src/my_robot_interfaces) by extension 'ignore_ament_install'
[1.534s] Level 1:colcon.colcon_core.package_identification:_identify(src/my_robot_interfaces) by extensions ['colcon_pkg']
[1.534s] Level 1:colcon.colcon_core.package_identification:_identify(src/my_robot_interfaces) by extension 'colcon_pkg'
[1.534s] Level 1:colcon.colcon_core.package_identification:_identify(src/my_robot_interfaces) by extensions ['colcon_meta']
[1.535s] Level 1:colcon.colcon_core.package_identification:_identify(src/my_robot_interfaces) by extension 'colcon_meta'
[1.535s] Level 1:colcon.colcon_core.package_identification:_identify(src/my_robot_interfaces) by extensions ['ros']
[1.535s] Level 1:colcon.colcon_core.package_identification:_identify(src/my_robot_interfaces) by extension 'ros'
[1.535s] DEBUG:colcon.colcon_core.package_identification:Package 'src/my_robot_interfaces' with type 'ros.ament_cmake' and name 'my_robot_interfaces'
[1.535s] Level 1:colcon.colcon_core.package_identification:_identify(src/pub_sub_custom_msg) by extensions ['ignore', 'ignore_ament_install']
[1.536s] Level 1:colcon.colcon_core.package_identification:_identify(src/pub_sub_custom_msg) by extension 'ignore'
[1.536s] Level 1:colcon.colcon_core.package_identification:_identify(src/pub_sub_custom_msg) by extension 'ignore_ament_install'
[1.536s] Level 1:colcon.colcon_core.package_identification:_identify(src/pub_sub_custom_msg) by extensions ['colcon_pkg']
[1.536s] Level 1:colcon.colcon_core.package_identification:_identify(src/pub_sub_custom_msg) by extension 'colcon_pkg'
[1.536s] Level 1:colcon.colcon_core.package_identification:_identify(src/pub_sub_custom_msg) by extensions ['colcon_meta']
[1.536s] Level 1:colcon.colcon_core.package_identification:_identify(src/pub_sub_custom_msg) by extension 'colcon_meta'
[1.536s] Level 1:colcon.colcon_core.package_identification:_identify(src/pub_sub_custom_msg) by extensions ['ros']
[1.536s] Level 1:colcon.colcon_core.package_identification:_identify(src/pub_sub_custom_msg) by extension 'ros'
[1.537s] DEBUG:colcon.colcon_core.package_identification:Package 'src/pub_sub_custom_msg' with type 'ros.ament_cmake' and name 'pub_sub_custom_msg'
[1.537s] Level 1:colcon.colcon_core.package_identification:_identify(src/pub_sub_custom_msg1) by extensions ['ignore', 'ignore_ament_install']
[1.537s] Level 1:colcon.colcon_core.package_identification:_identify(src/pub_sub_custom_msg1) by extension 'ignore'
[1.537s] Level 1:colcon.colcon_core.package_identification:_identify(src/pub_sub_custom_msg1) by extension 'ignore_ament_install'
[1.537s] Level 1:colcon.colcon_core.package_identification:_identify(src/pub_sub_custom_msg1) by extensions ['colcon_pkg']
[1.537s] Level 1:colcon.colcon_core.package_identification:_identify(src/pub_sub_custom_msg1) by extension 'colcon_pkg'
[1.537s] Level 1:colcon.colcon_core.package_identification:_identify(src/pub_sub_custom_msg1) by extensions ['colcon_meta']
[1.537s] Level 1:colcon.colcon_core.package_identification:_identify(src/pub_sub_custom_msg1) by extension 'colcon_meta'
[1.537s] Level 1:colcon.colcon_core.package_identification:_identify(src/pub_sub_custom_msg1) by extensions ['ros']
[1.537s] Level 1:colcon.colcon_core.package_identification:_identify(src/pub_sub_custom_msg1) by extension 'ros'
[1.538s] DEBUG:colcon.colcon_core.package_identification:Package 'src/pub_sub_custom_msg1' with type 'ros.ament_cmake' and name 'pub_sub_custom_msg1'
[1.538s] Level 1:colcon.colcon_core.package_identification:_identify(src/ros2_msg) by extensions ['ignore', 'ignore_ament_install']
[1.538s] Level 1:colcon.colcon_core.package_identification:_identify(src/ros2_msg) by extension 'ignore'
[1.538s] Level 1:colcon.colcon_core.package_identification:_identify(src/ros2_msg) by extension 'ignore_ament_install'
[1.538s] Level 1:colcon.colcon_core.package_identification:_identify(src/ros2_msg) by extensions ['colcon_pkg']
[1.538s] Level 1:colcon.colcon_core.package_identification:_identify(src/ros2_msg) by extension 'colcon_pkg'
[1.538s] Level 1:colcon.colcon_core.package_identification:_identify(src/ros2_msg) by extensions ['colcon_meta']
[1.538s] Level 1:colcon.colcon_core.package_identification:_identify(src/ros2_msg) by extension 'colcon_meta'
[1.538s] Level 1:colcon.colcon_core.package_identification:_identify(src/ros2_msg) by extensions ['ros']
[1.538s] Level 1:colcon.colcon_core.package_identification:_identify(src/ros2_msg) by extension 'ros'
[1.539s] DEBUG:colcon.colcon_core.package_identification:Package 'src/ros2_msg' with type 'ros.ament_cmake' and name 'ros2_msg'
[1.539s] Level 1:colcon.colcon_core.package_discovery:discover_packages(recursive) using defaults
[1.540s] Level 1:colcon.colcon_core.package_discovery:discover_packages(ignore) discover
[1.540s] Level 1:colcon.colcon_core.package_discovery:discover_packages(ignore) using defaults
[1.540s] Level 1:colcon.colcon_core.package_discovery:discover_packages(path) discover
[1.540s] Level 1:colcon.colcon_core.package_discovery:discover_packages(path) using defaults
[1.627s] INFO:colcon.colcon_core.package_selection:Skipping not selected package 'custom_msg' in 'src/custom_msg'
[1.627s] INFO:colcon.colcon_core.package_selection:Skipping not selected package 'my_robot_interfaces' in 'src/my_robot_interfaces'
[1.627s] INFO:colcon.colcon_core.package_selection:Skipping not selected package 'ros2_msg' in 'src/ros2_msg'
[1.627s] INFO:colcon.colcon_core.package_selection:Skipping not selected package 'pub_sub_custom_msg' in 'src/pub_sub_custom_msg'
[1.627s] INFO:colcon.colcon_core.package_selection:Skipping not selected package 'pub_sub_custom_msg1' in 'src/pub_sub_custom_msg1'
[1.670s] Level 1:colcon.colcon_core.package_discovery:discover_packages(prefix_path) check parameters
[1.670s] Level 1:colcon.colcon_core.package_discovery:discover_packages(prefix_path) discover
[1.716s] DEBUG:colcon.colcon_installed_package_information.package_discovery:Found 270 installed packages in /opt/ros/humble
[1.717s] Level 1:colcon.colcon_core.package_discovery:discover_packages(prefix_path) using defaults
[1.834s] Level 5:colcon.colcon_core.verb:set package 'custom_msg1' build argument 'cmake_args' from command line to 'None'
[1.834s] Level 5:colcon.colcon_core.verb:set package 'custom_msg1' build argument 'cmake_target' from command line to 'None'
[1.835s] Level 5:colcon.colcon_core.verb:set package 'custom_msg1' build argument 'cmake_target_skip_unavailable' from command line to 'False'
[1.835s] Level 5:colcon.colcon_core.verb:set package 'custom_msg1' build argument 'cmake_clean_cache' from command line to 'False'
[1.835s] Level 5:colcon.colcon_core.verb:set package 'custom_msg1' build argument 'cmake_clean_first' from command line to 'False'
[1.835s] Level 5:colcon.colcon_core.verb:set package 'custom_msg1' build argument 'cmake_force_configure' from command line to 'False'
[1.835s] Level 5:colcon.colcon_core.verb:set package 'custom_msg1' build argument 'ament_cmake_args' from command line to 'None'
[1.835s] Level 5:colcon.colcon_core.verb:set package 'custom_msg1' build argument 'catkin_cmake_args' from command line to 'None'
[1.835s] Level 5:colcon.colcon_core.verb:set package 'custom_msg1' build argument 'catkin_skip_building_tests' from command line to 'False'
[1.835s] DEBUG:colcon.colcon_core.verb:Building package 'custom_msg1' with the following arguments: {'ament_cmake_args': None, 'build_base': '/home/sajjad/Downloads/demo_ros2/ros2_ws/build/custom_msg1', 'catkin_cmake_args': None, 'catkin_skip_building_tests': False, 'cmake_args': None, 'cmake_clean_cache': False, 'cmake_clean_first': False, 'cmake_force_configure': False, 'cmake_target': None, 'cmake_target_skip_unavailable': False, 'install_base': '/home/sajjad/Downloads/demo_ros2/ros2_ws/install/custom_msg1', 'merge_install': False, 'path': '/home/sajjad/Downloads/demo_ros2/ros2_ws/src/custom_msg1', 'symlink_install': False, 'test_result_base': None}
[1.856s] INFO:colcon.colcon_core.executor:Executing jobs using 'parallel' executor
[1.878s] DEBUG:colcon.colcon_parallel_executor.executor.parallel:run_until_complete
[1.878s] INFO:colcon.colcon_ros.task.ament_cmake.build:Building ROS package in '/home/sajjad/Downloads/demo_ros2/ros2_ws/src/custom_msg1' with build type 'ament_cmake'
[1.879s] INFO:colcon.colcon_cmake.task.cmake.build:Building CMake package in '/home/sajjad/Downloads/demo_ros2/ros2_ws/src/custom_msg1'
[1.903s] INFO:colcon.colcon_core.plugin_system:Skipping extension 'colcon_core.shell.bat': Not used on non-Windows systems
[1.903s] INFO:colcon.colcon_core.shell:Skip shell extension 'powershell' for command environment: Not usable outside of PowerShell
[1.903s] DEBUG:colcon.colcon_core.shell:Skip shell extension 'dsv' for command environment
[1.961s] DEBUG:colcon.colcon_core.event_handler.log_command:Invoking command in '/home/sajjad/Downloads/demo_ros2/ros2_ws/build/custom_msg1': CMAKE_PREFIX_PATH=/opt/ros/humble /usr/bin/cmake --build /home/sajjad/Downloads/demo_ros2/ros2_ws/build/custom_msg1 -- -j4 -l4
[2.510s] DEBUG:colcon.colcon_core.event_handler.log_command:Invoked command in '/home/sajjad/Downloads/demo_ros2/ros2_ws/build/custom_msg1' returned '0': CMAKE_PREFIX_PATH=/opt/ros/humble /usr/bin/cmake --build /home/sajjad/Downloads/demo_ros2/ros2_ws/build/custom_msg1 -- -j4 -l4
[2.609s] DEBUG:colcon.colcon_core.event_handler.log_command:Invoking command in '/home/sajjad/Downloads/demo_ros2/ros2_ws/build/custom_msg1': CMAKE_PREFIX_PATH=/opt/ros/humble /usr/bin/cmake --install /home/sajjad/Downloads/demo_ros2/ros2_ws/build/custom_msg1
[2.699s] Level 1:colcon.colcon_core.environment:create_environment_scripts_only(custom_msg1)
[2.699s] DEBUG:colcon.colcon_core.event_handler.log_command:Invoked command in '/home/sajjad/Downloads/demo_ros2/ros2_ws/build/custom_msg1' returned '0': CMAKE_PREFIX_PATH=/opt/ros/humble /usr/bin/cmake --install /home/sajjad/Downloads/demo_ros2/ros2_ws/build/custom_msg1
[2.726s] Level 1:colcon.colcon_core.environment:checking '/home/sajjad/Downloads/demo_ros2/ros2_ws/install/custom_msg1' for CMake module files
[2.727s] Level 1:colcon.colcon_core.environment:checking '/home/sajjad/Downloads/demo_ros2/ros2_ws/install/custom_msg1' for CMake config files
[2.727s] Level 1:colcon.colcon_core.shell:create_environment_hook('custom_msg1', 'cmake_prefix_path')
[2.749s] INFO:colcon.colcon_core.shell:Creating environment hook '/home/sajjad/Downloads/demo_ros2/ros2_ws/install/custom_msg1/share/custom_msg1/hook/cmake_prefix_path.ps1'
[2.750s] INFO:colcon.colcon_core.shell:Creating environment descriptor '/home/sajjad/Downloads/demo_ros2/ros2_ws/install/custom_msg1/share/custom_msg1/hook/cmake_prefix_path.dsv'
[2.750s] INFO:colcon.colcon_core.shell:Creating environment hook '/home/sajjad/Downloads/demo_ros2/ros2_ws/install/custom_msg1/share/custom_msg1/hook/cmake_prefix_path.sh'
[2.751s] Level 1:colcon.colcon_core.environment:checking '/home/sajjad/Downloads/demo_ros2/ros2_ws/install/custom_msg1/lib'
[2.751s] Level 1:colcon.colcon_core.shell:create_environment_hook('custom_msg1', 'ld_library_path_lib')
[2.772s] INFO:colcon.colcon_core.shell:Creating environment hook '/home/sajjad/Downloads/demo_ros2/ros2_ws/install/custom_msg1/share/custom_msg1/hook/ld_library_path_lib.ps1'
[2.773s] INFO:colcon.colcon_core.shell:Creating environment descriptor '/home/sajjad/Downloads/demo_ros2/ros2_ws/install/custom_msg1/share/custom_msg1/hook/ld_library_path_lib.dsv'
[2.773s] INFO:colcon.colcon_core.shell:Creating environment hook '/home/sajjad/Downloads/demo_ros2/ros2_ws/install/custom_msg1/share/custom_msg1/hook/ld_library_path_lib.sh'
[2.774s] Level 1:colcon.colcon_core.environment:checking '/home/sajjad/Downloads/demo_ros2/ros2_ws/install/custom_msg1/bin'
[2.774s] Level 1:colcon.colcon_core.environment:checking '/home/sajjad/Downloads/demo_ros2/ros2_ws/install/custom_msg1/lib/pkgconfig/custom_msg1.pc'
[2.774s] Level 1:colcon.colcon_core.environment:checking '/home/sajjad/Downloads/demo_ros2/ros2_ws/install/custom_msg1/lib/python3.10/site-packages'
[2.774s] Level 1:colcon.colcon_core.environment:checking '/home/sajjad/Downloads/demo_ros2/ros2_ws/install/custom_msg1/bin'
[2.796s] INFO:colcon.colcon_core.shell:Creating package script '/home/sajjad/Downloads/demo_ros2/ros2_ws/install/custom_msg1/share/custom_msg1/package.ps1'
[2.797s] INFO:colcon.colcon_core.shell:Creating package descriptor '/home/sajjad/Downloads/demo_ros2/ros2_ws/install/custom_msg1/share/custom_msg1/package.dsv'
[2.798s] INFO:colcon.colcon_core.shell:Creating package script '/home/sajjad/Downloads/demo_ros2/ros2_ws/install/custom_msg1/share/custom_msg1/package.sh'
[2.798s] INFO:colcon.colcon_core.shell:Creating package script '/home/sajjad/Downloads/demo_ros2/ros2_ws/install/custom_msg1/share/custom_msg1/package.bash'
[2.799s] INFO:colcon.colcon_core.shell:Creating package script '/home/sajjad/Downloads/demo_ros2/ros2_ws/install/custom_msg1/share/custom_msg1/package.zsh'
[2.800s] Level 1:colcon.colcon_core.environment:create_file_with_runtime_dependencies(/home/sajjad/Downloads/demo_ros2/ros2_ws/install/custom_msg1/share/colcon-core/packages/custom_msg1)
[2.910s] Level 1:colcon.colcon_core.environment:create_environment_scripts_only(custom_msg1)
[2.932s] Level 1:colcon.colcon_core.environment:checking '/home/sajjad/Downloads/demo_ros2/ros2_ws/install/custom_msg1' for CMake module files
[2.932s] Level 1:colcon.colcon_core.environment:checking '/home/sajjad/Downloads/demo_ros2/ros2_ws/install/custom_msg1' for CMake config files
[2.933s] Level 1:colcon.colcon_core.shell:create_environment_hook('custom_msg1', 'cmake_prefix_path')
[2.955s] INFO:colcon.colcon_core.shell:Creating environment hook '/home/sajjad/Downloads/demo_ros2/ros2_ws/install/custom_msg1/share/custom_msg1/hook/cmake_prefix_path.ps1'
[2.955s] INFO:colcon.colcon_core.shell:Creating environment descriptor '/home/sajjad/Downloads/demo_ros2/ros2_ws/install/custom_msg1/share/custom_msg1/hook/cmake_prefix_path.dsv'
[2.955s] INFO:colcon.colcon_core.shell:Creating environment hook '/home/sajjad/Downloads/demo_ros2/ros2_ws/install/custom_msg1/share/custom_msg1/hook/cmake_prefix_path.sh'
[2.956s] Level 1:colcon.colcon_core.environment:checking '/home/sajjad/Downloads/demo_ros2/ros2_ws/install/custom_msg1/lib'
[2.956s] Level 1:colcon.colcon_core.shell:create_environment_hook('custom_msg1', 'ld_library_path_lib')
[2.991s] INFO:colcon.colcon_core.shell:Creating environment hook '/home/sajjad/Downloads/demo_ros2/ros2_ws/install/custom_msg1/share/custom_msg1/hook/ld_library_path_lib.ps1'
[2.992s] INFO:colcon.colcon_core.shell:Creating environment descriptor '/home/sajjad/Downloads/demo_ros2/ros2_ws/install/custom_msg1/share/custom_msg1/hook/ld_library_path_lib.dsv'
[2.992s] INFO:colcon.colcon_core.shell:Creating environment hook '/home/sajjad/Downloads/demo_ros2/ros2_ws/install/custom_msg1/share/custom_msg1/hook/ld_library_path_lib.sh'
[2.993s] Level 1:colcon.colcon_core.environment:checking '/home/sajjad/Downloads/demo_ros2/ros2_ws/install/custom_msg1/bin'
[2.993s] Level 1:colcon.colcon_core.environment:checking '/home/sajjad/Downloads/demo_ros2/ros2_ws/install/custom_msg1/lib/pkgconfig/custom_msg1.pc'
[2.993s] Level 1:colcon.colcon_core.environment:checking '/home/sajjad/Downloads/demo_ros2/ros2_ws/install/custom_msg1/lib/python3.10/site-packages'
[2.993s] Level 1:colcon.colcon_core.environment:checking '/home/sajjad/Downloads/demo_ros2/ros2_ws/install/custom_msg1/bin'
[3.017s] INFO:colcon.colcon_core.shell:Creating package script '/home/sajjad/Downloads/demo_ros2/ros2_ws/install/custom_msg1/share/custom_msg1/package.ps1'
[3.018s] INFO:colcon.colcon_core.shell:Creating package descriptor '/home/sajjad/Downloads/demo_ros2/ros2_ws/install/custom_msg1/share/custom_msg1/package.dsv'
[3.019s] INFO:colcon.colcon_core.shell:Creating package script '/home/sajjad/Downloads/demo_ros2/ros2_ws/install/custom_msg1/share/custom_msg1/package.sh'
[3.020s] INFO:colcon.colcon_core.shell:Creating package script '/home/sajjad/Downloads/demo_ros2/ros2_ws/install/custom_msg1/share/custom_msg1/package.bash'
[3.021s] INFO:colcon.colcon_core.shell:Creating package script '/home/sajjad/Downloads/demo_ros2/ros2_ws/install/custom_msg1/share/custom_msg1/package.zsh'
[3.021s] Level 1:colcon.colcon_core.environment:create_file_with_runtime_dependencies(/home/sajjad/Downloads/demo_ros2/ros2_ws/install/custom_msg1/share/colcon-core/packages/custom_msg1)
[3.022s] DEBUG:colcon.colcon_parallel_executor.executor.parallel:closing loop
[3.022s] DEBUG:colcon.colcon_parallel_executor.executor.parallel:loop closed
[3.022s] DEBUG:colcon.colcon_parallel_executor.executor.parallel:run_until_complete finished with '0'
[3.022s] DEBUG:colcon.colcon_core.event_reactor:joining thread
[3.057s] INFO:colcon.colcon_core.plugin_system:Skipping extension 'colcon_notification.desktop_notification.terminal_notifier': Not used on non-Darwin systems
[3.057s] INFO:colcon.colcon_core.plugin_system:Skipping extension 'colcon_notification.desktop_notification.win32': Not used on non-Windows systems
[3.057s] INFO:colcon.colcon_notification.desktop_notification:Sending desktop notification using 'notify2'
[3.071s] DEBUG:colcon.colcon_core.event_reactor:joined thread
[3.096s] INFO:colcon.colcon_core.shell:Creating prefix script '/home/sajjad/Downloads/demo_ros2/ros2_ws/install/local_setup.ps1'
[3.097s] INFO:colcon.colcon_core.shell:Creating prefix util module '/home/sajjad/Downloads/demo_ros2/ros2_ws/install/_local_setup_util_ps1.py'
[3.098s] INFO:colcon.colcon_core.shell:Creating prefix chain script '/home/sajjad/Downloads/demo_ros2/ros2_ws/install/setup.ps1'
[3.122s] INFO:colcon.colcon_core.shell:Creating prefix script '/home/sajjad/Downloads/demo_ros2/ros2_ws/install/local_setup.sh'
[3.123s] INFO:colcon.colcon_core.shell:Creating prefix util module '/home/sajjad/Downloads/demo_ros2/ros2_ws/install/_local_setup_util_sh.py'
[3.123s] INFO:colcon.colcon_core.shell:Creating prefix chain script '/home/sajjad/Downloads/demo_ros2/ros2_ws/install/setup.sh'
[3.147s] INFO:colcon.colcon_core.shell:Creating prefix script '/home/sajjad/Downloads/demo_ros2/ros2_ws/install/local_setup.bash'
[3.147s] INFO:colcon.colcon_core.shell:Creating prefix chain script '/home/sajjad/Downloads/demo_ros2/ros2_ws/install/setup.bash'
[3.170s] INFO:colcon.colcon_core.shell:Creating prefix script '/home/sajjad/Downloads/demo_ros2/ros2_ws/install/local_setup.zsh'
[3.171s] INFO:colcon.colcon_core.shell:Creating prefix chain script '/home/sajjad/Downloads/demo_ros2/ros2_ws/install/setup.zsh'
