[0.103s] Invoking command in '/home/sajjad/Downloads/demo_ros2/ros2_ws/build/pub_sub_custom_msg': CMAKE_PREFIX_PATH=/home/sajjad/Downloads/demo_ros2/ros2_ws/install/custom_msg:/home/sajjad/Downloads/demo_ros2/ros2_ws/install/ros2_msg:/home/sajjad/Downloads/demo_ros2/ros2_ws/install/my_robot_interfaces:/opt/ros/humble LD_LIBRARY_PATH=/home/sajjad/Downloads/demo_ros2/ros2_ws/install/custom_msg/lib:/home/sajjad/Downloads/demo_ros2/ros2_ws/install/ros2_msg/lib:/home/sajjad/Downloads/demo_ros2/ros2_ws/install/my_robot_interfaces/lib:/opt/ros/humble/opt/rviz_ogre_vendor/lib:/opt/ros/humble/lib/x86_64-linux-gnu:/opt/ros/humble/lib /usr/bin/cmake --build /home/sajjad/Downloads/demo_ros2/ros2_ws/build/pub_sub_custom_msg -- -j4 -l4
[0.137s] -- Found ament_cmake: 1.3.5 (/opt/ros/humble/share/ament_cmake/cmake)
[0.317s] -- Found rclcpp: 16.0.6 (/opt/ros/humble/share/rclcpp/cmake)
[0.355s] -- Found rosidl_generator_c: 3.1.5 (/opt/ros/humble/share/rosidl_generator_c/cmake)
[0.358s] -- Found rosidl_adapter: 3.1.5 (/opt/ros/humble/share/rosidl_adapter/cmake)
[0.366s] -- Found rosidl_generator_cpp: 3.1.5 (/opt/ros/humble/share/rosidl_generator_cpp/cmake)
[0.380s] -- Using all available rosidl_typesupport_c: rosidl_typesupport_fastrtps_c;rosidl_typesupport_introspection_c
[0.400s] -- Using all available rosidl_typesupport_cpp: rosidl_typesupport_fastrtps_cpp;rosidl_typesupport_introspection_cpp
[0.476s] -- Found rmw_implementation_cmake: 6.1.1 (/opt/ros/humble/share/rmw_implementation_cmake/cmake)
[0.478s] -- Found rmw_fastrtps_cpp: 6.2.4 (/opt/ros/humble/share/rmw_fastrtps_cpp/cmake)
[0.626s] -- Using RMW implementation 'rmw_fastrtps_cpp' as default
[0.832s] -- Found custom_msg: 0.0.0 (/home/sajjad/Downloads/demo_ros2/ros2_ws/install/custom_msg/share/custom_msg/cmake)
[0.855s] -- Found rosidl_default_generators: 1.2.0 (/opt/ros/humble/share/rosidl_default_generators/cmake)
[0.866s] -- Found ament_lint_auto: 0.12.8 (/opt/ros/humble/share/ament_lint_auto/cmake)
[0.953s] [31mCMake Error at /opt/ros/humble/share/rosidl_cmake/cmake/rosidl_generate_interfaces.cmake:93 (message):
[0.953s]   rosidl_generate_interfaces() the passed file 'msg/LogTf.msg' doesn't exist
[0.953s]   relative to the CMAKE_CURRENT_SOURCE_DIR
[0.953s]   '/home/sajjad/Downloads/demo_ros2/ros2_ws/src/pub_sub_custom_msg'
[0.954s] Call Stack (most recent call first):
[0.954s]   CMakeLists.txt:45 (rosidl_generate_interfaces)
[0.954s] 
[0.954s] [0m
[0.954s] -- Configuring incomplete, errors occurred!
[0.954s] See also "/home/sajjad/Downloads/demo_ros2/ros2_ws/build/pub_sub_custom_msg/CMakeFiles/CMakeOutput.log".
[0.962s] gmake: *** [Makefile:308: cmake_check_build_system] Error 1
[0.965s] Invoked command in '/home/sajjad/Downloads/demo_ros2/ros2_ws/build/pub_sub_custom_msg' returned '2': CMAKE_PREFIX_PATH=/home/sajjad/Downloads/demo_ros2/ros2_ws/install/custom_msg:/home/sajjad/Downloads/demo_ros2/ros2_ws/install/ros2_msg:/home/sajjad/Downloads/demo_ros2/ros2_ws/install/my_robot_interfaces:/opt/ros/humble LD_LIBRARY_PATH=/home/sajjad/Downloads/demo_ros2/ros2_ws/install/custom_msg/lib:/home/sajjad/Downloads/demo_ros2/ros2_ws/install/ros2_msg/lib:/home/sajjad/Downloads/demo_ros2/ros2_ws/install/my_robot_interfaces/lib:/opt/ros/humble/opt/rviz_ogre_vendor/lib:/opt/ros/humble/lib/x86_64-linux-gnu:/opt/ros/humble/lib /usr/bin/cmake --build /home/sajjad/Downloads/demo_ros2/ros2_ws/build/pub_sub_custom_msg -- -j4 -l4
