[0.081s] Invoking command in '/home/sajjad/Downloads/demo_ros2/ros2_ws/build/custom_msg1': CMAKE_PREFIX_PATH=/opt/ros/humble /usr/bin/cmake --build /home/sajjad/Downloads/demo_ros2/ros2_ws/build/custom_msg1 -- -j4 -l4
[0.151s] [  9%] Built target custom_msg1__rosidl_generator_c
[0.154s] [ 12%] Built target custom_msg1__cpp
[0.167s] [ 12%] Built target ament_cmake_python_copy_custom_msg1
[0.191s] [ 22%] Built target custom_msg1__rosidl_typesupport_introspection_c
[0.193s] [ 41%] Built target custom_msg1__rosidl_typesupport_fastrtps_c
[0.193s] [ 41%] Built target custom_msg1__rosidl_typesupport_c
[0.209s] [ 51%] Built target custom_msg1__rosidl_typesupport_fastrtps_cpp
[0.233s] [ 61%] Built target custom_msg1__rosidl_typesupport_introspection_cpp
[0.236s] [ 70%] Built target custom_msg1__rosidl_typesupport_cpp
[0.264s] [ 70%] Built target custom_msg1
[0.291s] [ 74%] Built target custom_msg1__py
[0.320s] [ 80%] Built target custom_msg1__rosidl_generator_py
[0.362s] [ 87%] Built target custom_msg1__rosidl_typesupport_introspection_c__pyext
[0.363s] [ 93%] Built target custom_msg1__rosidl_typesupport_c__pyext
[0.366s] [100%] Built target custom_msg1__rosidl_typesupport_fastrtps_c__pyext
[0.569s] running egg_info
[0.571s] writing custom_msg1.egg-info/PKG-INFO
[0.571s] writing dependency_links to custom_msg1.egg-info/dependency_links.txt
[0.571s] writing top-level names to custom_msg1.egg-info/top_level.txt
[0.575s] reading manifest file 'custom_msg1.egg-info/SOURCES.txt'
[0.575s] writing manifest file 'custom_msg1.egg-info/SOURCES.txt'
[0.610s] [100%] Built target ament_cmake_python_build_custom_msg1_egg
[0.626s] Invoked command in '/home/sajjad/Downloads/demo_ros2/ros2_ws/build/custom_msg1' returned '0': CMAKE_PREFIX_PATH=/opt/ros/humble /usr/bin/cmake --build /home/sajjad/Downloads/demo_ros2/ros2_ws/build/custom_msg1 -- -j4 -l4
[0.728s] Invoking command in '/home/sajjad/Downloads/demo_ros2/ros2_ws/build/custom_msg1': CMAKE_PREFIX_PATH=/opt/ros/humble /usr/bin/cmake --install /home/sajjad/Downloads/demo_ros2/ros2_ws/build/custom_msg1
[0.739s] -- Install configuration: ""
[0.739s] -- Up-to-date: /home/sajjad/Downloads/demo_ros2/ros2_ws/install/custom_msg1/share/ament_index/resource_index/rosidl_interfaces/custom_msg1
[0.739s] -- Up-to-date: /home/sajjad/Downloads/demo_ros2/ros2_ws/install/custom_msg1/include/custom_msg1/custom_msg1
[0.739s] -- Up-to-date: /home/sajjad/Downloads/demo_ros2/ros2_ws/install/custom_msg1/include/custom_msg1/custom_msg1/msg
[0.739s] -- Up-to-date: /home/sajjad/Downloads/demo_ros2/ros2_ws/install/custom_msg1/include/custom_msg1/custom_msg1/msg/log_tf.h
[0.740s] -- Up-to-date: /home/sajjad/Downloads/demo_ros2/ros2_ws/install/custom_msg1/include/custom_msg1/custom_msg1/msg/detail
[0.740s] -- Up-to-date: /home/sajjad/Downloads/demo_ros2/ros2_ws/install/custom_msg1/include/custom_msg1/custom_msg1/msg/detail/log_tf__functions.h
[0.740s] -- Up-to-date: /home/sajjad/Downloads/demo_ros2/ros2_ws/install/custom_msg1/include/custom_msg1/custom_msg1/msg/detail/log_tf__struct.h
[0.740s] -- Up-to-date: /home/sajjad/Downloads/demo_ros2/ros2_ws/install/custom_msg1/include/custom_msg1/custom_msg1/msg/detail/log_tf__functions.c
[0.740s] -- Up-to-date: /home/sajjad/Downloads/demo_ros2/ros2_ws/install/custom_msg1/include/custom_msg1/custom_msg1/msg/detail/log_tf__type_support.h
[0.740s] -- Up-to-date: /home/sajjad/Downloads/demo_ros2/ros2_ws/install/custom_msg1/include/custom_msg1/custom_msg1/msg/rosidl_generator_c__visibility_control.h
[0.740s] -- Up-to-date: /home/sajjad/Downloads/demo_ros2/ros2_ws/install/custom_msg1/share/custom_msg1/environment/library_path.sh
[0.741s] -- Up-to-date: /home/sajjad/Downloads/demo_ros2/ros2_ws/install/custom_msg1/share/custom_msg1/environment/library_path.dsv
[0.741s] -- Up-to-date: /home/sajjad/Downloads/demo_ros2/ros2_ws/install/custom_msg1/lib/libcustom_msg1__rosidl_generator_c.so
[0.741s] -- Up-to-date: /home/sajjad/Downloads/demo_ros2/ros2_ws/install/custom_msg1/include/custom_msg1/custom_msg1
[0.741s] -- Up-to-date: /home/sajjad/Downloads/demo_ros2/ros2_ws/install/custom_msg1/include/custom_msg1/custom_msg1/msg
[0.741s] -- Up-to-date: /home/sajjad/Downloads/demo_ros2/ros2_ws/install/custom_msg1/include/custom_msg1/custom_msg1/msg/detail
[0.741s] -- Up-to-date: /home/sajjad/Downloads/demo_ros2/ros2_ws/install/custom_msg1/include/custom_msg1/custom_msg1/msg/detail/log_tf__rosidl_typesupport_fastrtps_c.h
[0.741s] -- Up-to-date: /home/sajjad/Downloads/demo_ros2/ros2_ws/install/custom_msg1/include/custom_msg1/custom_msg1/msg/rosidl_typesupport_fastrtps_c__visibility_control.h
[0.741s] -- Up-to-date: /home/sajjad/Downloads/demo_ros2/ros2_ws/install/custom_msg1/lib/libcustom_msg1__rosidl_typesupport_fastrtps_c.so
[0.741s] -- Up-to-date: /home/sajjad/Downloads/demo_ros2/ros2_ws/install/custom_msg1/include/custom_msg1/custom_msg1
[0.742s] -- Up-to-date: /home/sajjad/Downloads/demo_ros2/ros2_ws/install/custom_msg1/include/custom_msg1/custom_msg1/msg
[0.742s] -- Up-to-date: /home/sajjad/Downloads/demo_ros2/ros2_ws/install/custom_msg1/include/custom_msg1/custom_msg1/msg/rosidl_typesupport_introspection_c__visibility_control.h
[0.742s] -- Up-to-date: /home/sajjad/Downloads/demo_ros2/ros2_ws/install/custom_msg1/include/custom_msg1/custom_msg1/msg/detail
[0.742s] -- Up-to-date: /home/sajjad/Downloads/demo_ros2/ros2_ws/install/custom_msg1/include/custom_msg1/custom_msg1/msg/detail/log_tf__rosidl_typesupport_introspection_c.h
[0.742s] -- Up-to-date: /home/sajjad/Downloads/demo_ros2/ros2_ws/install/custom_msg1/include/custom_msg1/custom_msg1/msg/detail/log_tf__type_support.c
[0.742s] -- Up-to-date: /home/sajjad/Downloads/demo_ros2/ros2_ws/install/custom_msg1/lib/libcustom_msg1__rosidl_typesupport_introspection_c.so
[0.743s] -- Up-to-date: /home/sajjad/Downloads/demo_ros2/ros2_ws/install/custom_msg1/lib/libcustom_msg1__rosidl_typesupport_c.so
[0.743s] -- Up-to-date: /home/sajjad/Downloads/demo_ros2/ros2_ws/install/custom_msg1/include/custom_msg1/custom_msg1
[0.743s] -- Up-to-date: /home/sajjad/Downloads/demo_ros2/ros2_ws/install/custom_msg1/include/custom_msg1/custom_msg1/msg
[0.743s] -- Up-to-date: /home/sajjad/Downloads/demo_ros2/ros2_ws/install/custom_msg1/include/custom_msg1/custom_msg1/msg/detail
[0.743s] -- Up-to-date: /home/sajjad/Downloads/demo_ros2/ros2_ws/install/custom_msg1/include/custom_msg1/custom_msg1/msg/detail/log_tf__traits.hpp
[0.744s] -- Up-to-date: /home/sajjad/Downloads/demo_ros2/ros2_ws/install/custom_msg1/include/custom_msg1/custom_msg1/msg/detail/log_tf__struct.hpp
[0.744s] -- Up-to-date: /home/sajjad/Downloads/demo_ros2/ros2_ws/install/custom_msg1/include/custom_msg1/custom_msg1/msg/detail/log_tf__builder.hpp
[0.744s] -- Up-to-date: /home/sajjad/Downloads/demo_ros2/ros2_ws/install/custom_msg1/include/custom_msg1/custom_msg1/msg/log_tf.hpp
[0.744s] -- Up-to-date: /home/sajjad/Downloads/demo_ros2/ros2_ws/install/custom_msg1/include/custom_msg1/custom_msg1
[0.744s] -- Up-to-date: /home/sajjad/Downloads/demo_ros2/ros2_ws/install/custom_msg1/include/custom_msg1/custom_msg1/msg
[0.744s] -- Up-to-date: /home/sajjad/Downloads/demo_ros2/ros2_ws/install/custom_msg1/include/custom_msg1/custom_msg1/msg/detail
[0.745s] -- Up-to-date: /home/sajjad/Downloads/demo_ros2/ros2_ws/install/custom_msg1/include/custom_msg1/custom_msg1/msg/detail/log_tf__rosidl_typesupport_fastrtps_cpp.hpp
[0.745s] -- Up-to-date: /home/sajjad/Downloads/demo_ros2/ros2_ws/install/custom_msg1/include/custom_msg1/custom_msg1/msg/detail/dds_fastrtps
[0.745s] -- Up-to-date: /home/sajjad/Downloads/demo_ros2/ros2_ws/install/custom_msg1/include/custom_msg1/custom_msg1/msg/rosidl_typesupport_fastrtps_cpp__visibility_control.h
[0.745s] -- Up-to-date: /home/sajjad/Downloads/demo_ros2/ros2_ws/install/custom_msg1/lib/libcustom_msg1__rosidl_typesupport_fastrtps_cpp.so
[0.745s] -- Up-to-date: /home/sajjad/Downloads/demo_ros2/ros2_ws/install/custom_msg1/include/custom_msg1/custom_msg1
[0.745s] -- Up-to-date: /home/sajjad/Downloads/demo_ros2/ros2_ws/install/custom_msg1/include/custom_msg1/custom_msg1/msg
[0.745s] -- Up-to-date: /home/sajjad/Downloads/demo_ros2/ros2_ws/install/custom_msg1/include/custom_msg1/custom_msg1/msg/detail
[0.746s] -- Up-to-date: /home/sajjad/Downloads/demo_ros2/ros2_ws/install/custom_msg1/include/custom_msg1/custom_msg1/msg/detail/log_tf__rosidl_typesupport_introspection_cpp.hpp
[0.746s] -- Up-to-date: /home/sajjad/Downloads/demo_ros2/ros2_ws/install/custom_msg1/include/custom_msg1/custom_msg1/msg/detail/log_tf__type_support.cpp
[0.746s] -- Up-to-date: /home/sajjad/Downloads/demo_ros2/ros2_ws/install/custom_msg1/lib/libcustom_msg1__rosidl_typesupport_introspection_cpp.so
[0.746s] -- Up-to-date: /home/sajjad/Downloads/demo_ros2/ros2_ws/install/custom_msg1/lib/libcustom_msg1__rosidl_typesupport_cpp.so
[0.746s] -- Up-to-date: /home/sajjad/Downloads/demo_ros2/ros2_ws/install/custom_msg1/share/custom_msg1/environment/pythonpath.sh
[0.746s] -- Up-to-date: /home/sajjad/Downloads/demo_ros2/ros2_ws/install/custom_msg1/share/custom_msg1/environment/pythonpath.dsv
[0.747s] -- Up-to-date: /home/sajjad/Downloads/demo_ros2/ros2_ws/install/custom_msg1/local/lib/python3.10/dist-packages/custom_msg1-0.0.0-py3.10.egg-info
[0.747s] -- Installing: /home/sajjad/Downloads/demo_ros2/ros2_ws/install/custom_msg1/local/lib/python3.10/dist-packages/custom_msg1-0.0.0-py3.10.egg-info/SOURCES.txt
[0.747s] -- Installing: /home/sajjad/Downloads/demo_ros2/ros2_ws/install/custom_msg1/local/lib/python3.10/dist-packages/custom_msg1-0.0.0-py3.10.egg-info/PKG-INFO
[0.747s] -- Installing: /home/sajjad/Downloads/demo_ros2/ros2_ws/install/custom_msg1/local/lib/python3.10/dist-packages/custom_msg1-0.0.0-py3.10.egg-info/dependency_links.txt
[0.747s] -- Installing: /home/sajjad/Downloads/demo_ros2/ros2_ws/install/custom_msg1/local/lib/python3.10/dist-packages/custom_msg1-0.0.0-py3.10.egg-info/top_level.txt
[0.747s] -- Up-to-date: /home/sajjad/Downloads/demo_ros2/ros2_ws/install/custom_msg1/local/lib/python3.10/dist-packages/custom_msg1
[0.748s] -- Up-to-date: /home/sajjad/Downloads/demo_ros2/ros2_ws/install/custom_msg1/local/lib/python3.10/dist-packages/custom_msg1/custom_msg1_s__rosidl_typesupport_fastrtps_c.cpython-310-x86_64-linux-gnu.so
[0.748s] -- Up-to-date: /home/sajjad/Downloads/demo_ros2/ros2_ws/install/custom_msg1/local/lib/python3.10/dist-packages/custom_msg1/_custom_msg1_s.ep.rosidl_typesupport_c.c
[0.748s] -- Up-to-date: /home/sajjad/Downloads/demo_ros2/ros2_ws/install/custom_msg1/local/lib/python3.10/dist-packages/custom_msg1/custom_msg1_s__rosidl_typesupport_introspection_c.cpython-310-x86_64-linux-gnu.so
[0.748s] -- Up-to-date: /home/sajjad/Downloads/demo_ros2/ros2_ws/install/custom_msg1/local/lib/python3.10/dist-packages/custom_msg1/custom_msg1_s__rosidl_typesupport_c.cpython-310-x86_64-linux-gnu.so
[0.748s] -- Up-to-date: /home/sajjad/Downloads/demo_ros2/ros2_ws/install/custom_msg1/local/lib/python3.10/dist-packages/custom_msg1/_custom_msg1_s.ep.rosidl_typesupport_fastrtps_c.c
[0.748s] -- Up-to-date: /home/sajjad/Downloads/demo_ros2/ros2_ws/install/custom_msg1/local/lib/python3.10/dist-packages/custom_msg1/_custom_msg1_s.ep.rosidl_typesupport_introspection_c.c
[0.749s] -- Up-to-date: /home/sajjad/Downloads/demo_ros2/ros2_ws/install/custom_msg1/local/lib/python3.10/dist-packages/custom_msg1/libcustom_msg1__rosidl_generator_py.so
[0.749s] -- Up-to-date: /home/sajjad/Downloads/demo_ros2/ros2_ws/install/custom_msg1/local/lib/python3.10/dist-packages/custom_msg1/msg
[0.749s] -- Up-to-date: /home/sajjad/Downloads/demo_ros2/ros2_ws/install/custom_msg1/local/lib/python3.10/dist-packages/custom_msg1/msg/_log_tf_s.c
[0.749s] -- Up-to-date: /home/sajjad/Downloads/demo_ros2/ros2_ws/install/custom_msg1/local/lib/python3.10/dist-packages/custom_msg1/msg/_log_tf.py
[0.749s] -- Up-to-date: /home/sajjad/Downloads/demo_ros2/ros2_ws/install/custom_msg1/local/lib/python3.10/dist-packages/custom_msg1/msg/__init__.py
[0.749s] -- Up-to-date: /home/sajjad/Downloads/demo_ros2/ros2_ws/install/custom_msg1/local/lib/python3.10/dist-packages/custom_msg1/__init__.py
[0.785s] Listing '/home/sajjad/Downloads/demo_ros2/ros2_ws/install/custom_msg1/local/lib/python3.10/dist-packages/custom_msg1'...
[0.785s] Listing '/home/sajjad/Downloads/demo_ros2/ros2_ws/install/custom_msg1/local/lib/python3.10/dist-packages/custom_msg1/msg'...
[0.791s] -- Up-to-date: /home/sajjad/Downloads/demo_ros2/ros2_ws/install/custom_msg1/local/lib/python3.10/dist-packages/custom_msg1/custom_msg1_s__rosidl_typesupport_fastrtps_c.cpython-310-x86_64-linux-gnu.so
[0.792s] -- Up-to-date: /home/sajjad/Downloads/demo_ros2/ros2_ws/install/custom_msg1/local/lib/python3.10/dist-packages/custom_msg1/custom_msg1_s__rosidl_typesupport_introspection_c.cpython-310-x86_64-linux-gnu.so
[0.792s] -- Up-to-date: /home/sajjad/Downloads/demo_ros2/ros2_ws/install/custom_msg1/local/lib/python3.10/dist-packages/custom_msg1/custom_msg1_s__rosidl_typesupport_c.cpython-310-x86_64-linux-gnu.so
[0.793s] -- Up-to-date: /home/sajjad/Downloads/demo_ros2/ros2_ws/install/custom_msg1/lib/libcustom_msg1__rosidl_generator_py.so
[0.794s] -- Up-to-date: /home/sajjad/Downloads/demo_ros2/ros2_ws/install/custom_msg1/share/custom_msg1/msg/LogTf.idl
[0.794s] -- Up-to-date: /home/sajjad/Downloads/demo_ros2/ros2_ws/install/custom_msg1/share/custom_msg1/msg/LogTf.msg
[0.794s] -- Up-to-date: /home/sajjad/Downloads/demo_ros2/ros2_ws/install/custom_msg1/share/ament_index/resource_index/package_run_dependencies/custom_msg1
[0.794s] -- Up-to-date: /home/sajjad/Downloads/demo_ros2/ros2_ws/install/custom_msg1/share/ament_index/resource_index/parent_prefix_path/custom_msg1
[0.794s] -- Up-to-date: /home/sajjad/Downloads/demo_ros2/ros2_ws/install/custom_msg1/share/custom_msg1/environment/ament_prefix_path.sh
[0.795s] -- Up-to-date: /home/sajjad/Downloads/demo_ros2/ros2_ws/install/custom_msg1/share/custom_msg1/environment/ament_prefix_path.dsv
[0.795s] -- Up-to-date: /home/sajjad/Downloads/demo_ros2/ros2_ws/install/custom_msg1/share/custom_msg1/environment/path.sh
[0.795s] -- Up-to-date: /home/sajjad/Downloads/demo_ros2/ros2_ws/install/custom_msg1/share/custom_msg1/environment/path.dsv
[0.795s] -- Up-to-date: /home/sajjad/Downloads/demo_ros2/ros2_ws/install/custom_msg1/share/custom_msg1/local_setup.bash
[0.795s] -- Up-to-date: /home/sajjad/Downloads/demo_ros2/ros2_ws/install/custom_msg1/share/custom_msg1/local_setup.sh
[0.795s] -- Up-to-date: /home/sajjad/Downloads/demo_ros2/ros2_ws/install/custom_msg1/share/custom_msg1/local_setup.zsh
[0.796s] -- Up-to-date: /home/sajjad/Downloads/demo_ros2/ros2_ws/install/custom_msg1/share/custom_msg1/local_setup.dsv
[0.796s] -- Installing: /home/sajjad/Downloads/demo_ros2/ros2_ws/install/custom_msg1/share/custom_msg1/package.dsv
[0.796s] -- Up-to-date: /home/sajjad/Downloads/demo_ros2/ros2_ws/install/custom_msg1/share/ament_index/resource_index/packages/custom_msg1
[0.796s] -- Up-to-date: /home/sajjad/Downloads/demo_ros2/ros2_ws/install/custom_msg1/share/custom_msg1/cmake/export_custom_msg1__rosidl_generator_cExport.cmake
[0.796s] -- Up-to-date: /home/sajjad/Downloads/demo_ros2/ros2_ws/install/custom_msg1/share/custom_msg1/cmake/export_custom_msg1__rosidl_generator_cExport-noconfig.cmake
[0.796s] -- Up-to-date: /home/sajjad/Downloads/demo_ros2/ros2_ws/install/custom_msg1/share/custom_msg1/cmake/export_custom_msg1__rosidl_typesupport_fastrtps_cExport.cmake
[0.797s] -- Up-to-date: /home/sajjad/Downloads/demo_ros2/ros2_ws/install/custom_msg1/share/custom_msg1/cmake/export_custom_msg1__rosidl_typesupport_fastrtps_cExport-noconfig.cmake
[0.797s] -- Up-to-date: /home/sajjad/Downloads/demo_ros2/ros2_ws/install/custom_msg1/share/custom_msg1/cmake/custom_msg1__rosidl_typesupport_introspection_cExport.cmake
[0.797s] -- Up-to-date: /home/sajjad/Downloads/demo_ros2/ros2_ws/install/custom_msg1/share/custom_msg1/cmake/custom_msg1__rosidl_typesupport_introspection_cExport-noconfig.cmake
[0.797s] -- Up-to-date: /home/sajjad/Downloads/demo_ros2/ros2_ws/install/custom_msg1/share/custom_msg1/cmake/custom_msg1__rosidl_typesupport_cExport.cmake
[0.797s] -- Up-to-date: /home/sajjad/Downloads/demo_ros2/ros2_ws/install/custom_msg1/share/custom_msg1/cmake/custom_msg1__rosidl_typesupport_cExport-noconfig.cmake
[0.798s] -- Up-to-date: /home/sajjad/Downloads/demo_ros2/ros2_ws/install/custom_msg1/share/custom_msg1/cmake/export_custom_msg1__rosidl_generator_cppExport.cmake
[0.798s] -- Up-to-date: /home/sajjad/Downloads/demo_ros2/ros2_ws/install/custom_msg1/share/custom_msg1/cmake/export_custom_msg1__rosidl_typesupport_fastrtps_cppExport.cmake
[0.798s] -- Up-to-date: /home/sajjad/Downloads/demo_ros2/ros2_ws/install/custom_msg1/share/custom_msg1/cmake/export_custom_msg1__rosidl_typesupport_fastrtps_cppExport-noconfig.cmake
[0.798s] -- Up-to-date: /home/sajjad/Downloads/demo_ros2/ros2_ws/install/custom_msg1/share/custom_msg1/cmake/custom_msg1__rosidl_typesupport_introspection_cppExport.cmake
[0.798s] -- Up-to-date: /home/sajjad/Downloads/demo_ros2/ros2_ws/install/custom_msg1/share/custom_msg1/cmake/custom_msg1__rosidl_typesupport_introspection_cppExport-noconfig.cmake
[0.798s] -- Up-to-date: /home/sajjad/Downloads/demo_ros2/ros2_ws/install/custom_msg1/share/custom_msg1/cmake/custom_msg1__rosidl_typesupport_cppExport.cmake
[0.798s] -- Up-to-date: /home/sajjad/Downloads/demo_ros2/ros2_ws/install/custom_msg1/share/custom_msg1/cmake/custom_msg1__rosidl_typesupport_cppExport-noconfig.cmake
[0.798s] -- Up-to-date: /home/sajjad/Downloads/demo_ros2/ros2_ws/install/custom_msg1/share/custom_msg1/cmake/export_custom_msg1__rosidl_generator_pyExport.cmake
[0.798s] -- Up-to-date: /home/sajjad/Downloads/demo_ros2/ros2_ws/install/custom_msg1/share/custom_msg1/cmake/export_custom_msg1__rosidl_generator_pyExport-noconfig.cmake
[0.799s] -- Up-to-date: /home/sajjad/Downloads/demo_ros2/ros2_ws/install/custom_msg1/share/custom_msg1/cmake/rosidl_cmake-extras.cmake
[0.799s] -- Up-to-date: /home/sajjad/Downloads/demo_ros2/ros2_ws/install/custom_msg1/share/custom_msg1/cmake/ament_cmake_export_include_directories-extras.cmake
[0.799s] -- Up-to-date: /home/sajjad/Downloads/demo_ros2/ros2_ws/install/custom_msg1/share/custom_msg1/cmake/ament_cmake_export_libraries-extras.cmake
[0.799s] -- Up-to-date: /home/sajjad/Downloads/demo_ros2/ros2_ws/install/custom_msg1/share/custom_msg1/cmake/ament_cmake_export_targets-extras.cmake
[0.799s] -- Up-to-date: /home/sajjad/Downloads/demo_ros2/ros2_ws/install/custom_msg1/share/custom_msg1/cmake/rosidl_cmake_export_typesupport_targets-extras.cmake
[0.799s] -- Up-to-date: /home/sajjad/Downloads/demo_ros2/ros2_ws/install/custom_msg1/share/custom_msg1/cmake/ament_cmake_export_dependencies-extras.cmake
[0.800s] -- Up-to-date: /home/sajjad/Downloads/demo_ros2/ros2_ws/install/custom_msg1/share/custom_msg1/cmake/rosidl_cmake_export_typesupport_libraries-extras.cmake
[0.800s] -- Up-to-date: /home/sajjad/Downloads/demo_ros2/ros2_ws/install/custom_msg1/share/custom_msg1/cmake/custom_msg1Config.cmake
[0.801s] -- Up-to-date: /home/sajjad/Downloads/demo_ros2/ros2_ws/install/custom_msg1/share/custom_msg1/cmake/custom_msg1Config-version.cmake
[0.801s] -- Up-to-date: /home/sajjad/Downloads/demo_ros2/ros2_ws/install/custom_msg1/share/custom_msg1/package.xml
[0.802s] Invoked command in '/home/sajjad/Downloads/demo_ros2/ros2_ws/build/custom_msg1' returned '0': CMAKE_PREFIX_PATH=/opt/ros/humble /usr/bin/cmake --install /home/sajjad/Downloads/demo_ros2/ros2_ws/build/custom_msg1
