[0.077s] Invoking command in '/home/sajjad/Downloads/demo_ros2/ros2_ws/build/ros2_msg': CMAKE_PREFIX_PATH=/opt/ros/humble /usr/bin/cmake /home/sajjad/Downloads/demo_ros2/ros2_ws/src/ros2_msg -DAMENT_CMAKE_SYMLINK_INSTALL=1 -DCMAKE_INSTALL_PREFIX=/home/sajjad/Downloads/demo_ros2/ros2_ws/install/ros2_msg
[0.148s] -- The C compiler identification is GNU 11.4.0
[0.218s] -- The CXX compiler identification is GNU 11.4.0
[0.228s] -- Detecting C compiler ABI info
[0.315s] -- Detecting C compiler ABI info - done
[0.324s] -- Check for working C compiler: /usr/bin/cc - skipped
[0.324s] -- Detecting C compile features
[0.324s] -- Detecting C compile features - done
[0.329s] -- Detecting CXX compiler ABI info
[0.431s] -- Detecting CXX compiler ABI info - done
[0.440s] -- Check for working CXX compiler: /usr/bin/c++ - skipped
[0.440s] -- Detecting CXX compile features
[0.441s] -- Detecting CXX compile features - done
[0.443s] -- Found ament_cmake: 1.3.5 (/opt/ros/humble/share/ament_cmake/cmake)
[0.651s] -- Found Python3: /usr/bin/python3.10 (found version "3.10.12") found components: Interpreter 
[0.725s] -- Override CMake install command with custom implementation using symlinks instead of copying resources
[0.754s] -- Found rclcpp: 16.0.6 (/opt/ros/humble/share/rclcpp/cmake)
[0.802s] -- Found rosidl_generator_c: 3.1.5 (/opt/ros/humble/share/rosidl_generator_c/cmake)
[0.807s] -- Found rosidl_adapter: 3.1.5 (/opt/ros/humble/share/rosidl_adapter/cmake)
[0.817s] -- Found rosidl_generator_cpp: 3.1.5 (/opt/ros/humble/share/rosidl_generator_cpp/cmake)
[0.834s] -- Using all available rosidl_typesupport_c: rosidl_typesupport_fastrtps_c;rosidl_typesupport_introspection_c
[0.858s] -- Using all available rosidl_typesupport_cpp: rosidl_typesupport_fastrtps_cpp;rosidl_typesupport_introspection_cpp
[0.944s] -- Found rmw_implementation_cmake: 6.1.1 (/opt/ros/humble/share/rmw_implementation_cmake/cmake)
[0.947s] -- Found rmw_fastrtps_cpp: 6.2.4 (/opt/ros/humble/share/rmw_fastrtps_cpp/cmake)
[1.071s] -- Found OpenSSL: /usr/lib/x86_64-linux-gnu/libcrypto.so (found version "3.0.2")  
[1.103s] -- Found FastRTPS: /opt/ros/humble/include  
[1.161s] -- Using RMW implementation 'rmw_fastrtps_cpp' as default
[1.172s] -- Looking for pthread.h
[1.264s] -- Looking for pthread.h - found
[1.264s] -- Performing Test CMAKE_HAVE_LIBC_PTHREAD
[1.358s] -- Performing Test CMAKE_HAVE_LIBC_PTHREAD - Success
[1.360s] -- Found Threads: TRUE  
[1.568s] -- Found rosidl_default_generators: 1.2.0 (/opt/ros/humble/share/rosidl_default_generators/cmake)
[1.579s] -- Found ament_lint_auto: 0.12.8 (/opt/ros/humble/share/ament_lint_auto/cmake)
[1.893s] -- Found ament_cmake_ros: 0.10.0 (/opt/ros/humble/share/ament_cmake_ros/cmake)
[2.267s] -- Using all available rosidl_typesupport_c: rosidl_typesupport_fastrtps_c;rosidl_typesupport_introspection_c
[2.412s] -- Using all available rosidl_typesupport_cpp: rosidl_typesupport_fastrtps_cpp;rosidl_typesupport_introspection_cpp
[2.441s] -- Found PythonInterp: /usr/bin/python3 (found suitable version "3.10.12", minimum required is "3.6") 
[2.442s] -- Found python_cmake_module: 0.10.0 (/opt/ros/humble/share/python_cmake_module/cmake)
[2.474s] -- Found PythonLibs: /usr/lib/x86_64-linux-gnu/libpython3.10.so (found suitable version "3.10.12", minimum required is "3.5") 
[2.475s] -- Using PYTHON_EXECUTABLE: /usr/bin/python3
[2.475s] -- Using PYTHON_INCLUDE_DIRS: /usr/include/python3.10
[2.475s] -- Using PYTHON_LIBRARIES: /usr/lib/x86_64-linux-gnu/libpython3.10.so
[2.501s] -- Found PythonExtra: .so  
[2.553s] -- Added test 'lint_cmake' to check CMake code style
[2.555s] -- Added test 'xmllint' to check XML markup files
[2.562s] -- Configuring done
[2.603s] -- Generating done
[2.606s] -- Build files have been written to: /home/sajjad/Downloads/demo_ros2/ros2_ws/build/ros2_msg
[2.621s] Invoked command in '/home/sajjad/Downloads/demo_ros2/ros2_ws/build/ros2_msg' returned '0': CMAKE_PREFIX_PATH=/opt/ros/humble /usr/bin/cmake /home/sajjad/Downloads/demo_ros2/ros2_ws/src/ros2_msg -DAMENT_CMAKE_SYMLINK_INSTALL=1 -DCMAKE_INSTALL_PREFIX=/home/sajjad/Downloads/demo_ros2/ros2_ws/install/ros2_msg
[2.623s] Invoking command in '/home/sajjad/Downloads/demo_ros2/ros2_ws/build/ros2_msg': CMAKE_PREFIX_PATH=/opt/ros/humble /usr/bin/cmake --build /home/sajjad/Downloads/demo_ros2/ros2_ws/build/ros2_msg -- -j4 -l4
[2.678s] [  3%] [34m[1mGenerating C code for ROS interfaces[0m
[2.695s] [  6%] [34m[1mGenerating C++ code for ROS interfaces[0m
[2.715s] [  6%] Built target ament_cmake_python_symlink_ros2_msg
[3.021s] [  6%] Built target new_msg__cpp
[3.041s] [  9%] [34m[1mGenerating C++ type support for eProsima Fast-RTPS[0m
[3.041s] [ 12%] [34m[1mGenerating C++ type support dispatch for ROS interfaces[0m
[3.266s] [ 16%] [32mBuilding C object CMakeFiles/new_msg__rosidl_generator_c.dir/rosidl_generator_c/ros2_msg/msg/detail/my_msg__functions.c.o[0m
[3.297s] running egg_info
[3.300s] creating ros2_msg.egg-info
[3.301s] writing ros2_msg.egg-info/PKG-INFO
[3.301s] writing dependency_links to ros2_msg.egg-info/dependency_links.txt
[3.302s] writing top-level names to ros2_msg.egg-info/top_level.txt
[3.302s] writing manifest file 'ros2_msg.egg-info/SOURCES.txt'
[3.307s] reading manifest file 'ros2_msg.egg-info/SOURCES.txt'
[3.308s] writing manifest file 'ros2_msg.egg-info/SOURCES.txt'
[3.362s] [ 19%] [32m[1mLinking C shared library libnew_msg__rosidl_generator_c.so[0m
[3.363s] [ 19%] Built target ament_cmake_python_build_ros2_msg_egg
[3.383s] [ 22%] [34m[1mGenerating C++ introspection for ROS interfaces[0m
[3.436s] [ 22%] Built target new_msg__rosidl_generator_c
[3.455s] [ 25%] [34m[1mGenerating C type support for eProsima Fast-RTPS[0m
[3.527s] [ 29%] [32mBuilding CXX object CMakeFiles/new_msg__rosidl_typesupport_cpp.dir/rosidl_typesupport_cpp/ros2_msg/msg/my_msg__type_support.cpp.o[0m
[3.578s] [ 32%] [32mBuilding CXX object CMakeFiles/new_msg__rosidl_typesupport_fastrtps_cpp.dir/rosidl_typesupport_fastrtps_cpp/ros2_msg/msg/detail/dds_fastrtps/my_msg__type_support.cpp.o[0m
[3.892s] [ 35%] [32mBuilding CXX object CMakeFiles/new_msg__rosidl_typesupport_introspection_cpp.dir/rosidl_typesupport_introspection_cpp/ros2_msg/msg/detail/my_msg__type_support.cpp.o[0m
[3.997s] [ 38%] [32mBuilding CXX object CMakeFiles/new_msg__rosidl_typesupport_fastrtps_c.dir/rosidl_typesupport_fastrtps_c/ros2_msg/msg/detail/my_msg__type_support_c.cpp.o[0m
[4.097s] [ 41%] [32m[1mLinking CXX shared library libnew_msg__rosidl_typesupport_cpp.so[0m
[4.185s] [ 41%] Built target new_msg__rosidl_typesupport_cpp
[4.205s] [ 45%] [34m[1mGenerating C introspection for ROS interfaces[0m
[4.401s] [ 48%] [32m[1mLinking CXX shared library libnew_msg__rosidl_typesupport_fastrtps_cpp.so[0m
[4.599s] [ 48%] Built target new_msg__rosidl_typesupport_fastrtps_cpp
[4.619s] [ 51%] [34m[1mGenerating C type support dispatch for ROS interfaces[0m
[4.752s] [ 54%] [32m[1mLinking CXX shared library libnew_msg__rosidl_typesupport_introspection_cpp.so[0m
[4.752s] [ 58%] [32m[1mLinking CXX shared library libnew_msg__rosidl_typesupport_fastrtps_c.so[0m
[4.809s] [ 61%] [32mBuilding C object CMakeFiles/new_msg__rosidl_typesupport_introspection_c.dir/rosidl_typesupport_introspection_c/ros2_msg/msg/detail/my_msg__type_support.c.o[0m
[4.883s] [ 64%] [32m[1mLinking C shared library libnew_msg__rosidl_typesupport_introspection_c.so[0m
[4.901s] [ 64%] Built target new_msg__rosidl_typesupport_introspection_cpp
[4.919s] [ 64%] Built target new_msg__rosidl_typesupport_fastrtps_c
[4.940s] [ 64%] Built target new_msg__rosidl_typesupport_introspection_c
[5.045s] [ 67%] [32mBuilding CXX object CMakeFiles/new_msg__rosidl_typesupport_c.dir/rosidl_typesupport_c/ros2_msg/msg/my_msg__type_support.cpp.o[0m
[5.085s] [ 70%] [32m[1mLinking CXX shared library libnew_msg__rosidl_typesupport_c.so[0m
[5.140s] [ 70%] Built target new_msg__rosidl_typesupport_c
[5.166s] [ 70%] Built target new_msg
[5.193s] [ 74%] [34m[1mGenerating Python code for ROS interfaces[0m
[5.540s] [ 74%] Built target new_msg__py
[5.567s] [ 77%] [32mBuilding C object CMakeFiles/new_msg__rosidl_generator_py.dir/rosidl_generator_py/ros2_msg/msg/_my_msg_s.c.o[0m
[5.692s] [ 80%] [32m[1mLinking C shared library rosidl_generator_py/ros2_msg/libnew_msg__rosidl_generator_py.so[0m
[5.745s] [ 80%] Built target new_msg__rosidl_generator_py
[5.777s] [ 83%] [32mBuilding C object CMakeFiles/ros2_msg__rosidl_typesupport_introspection_c__pyext.dir/rosidl_generator_py/ros2_msg/_ros2_msg_s.ep.rosidl_typesupport_introspection_c.c.o[0m
[5.778s] [ 87%] [32mBuilding C object CMakeFiles/ros2_msg__rosidl_typesupport_c__pyext.dir/rosidl_generator_py/ros2_msg/_ros2_msg_s.ep.rosidl_typesupport_c.c.o[0m
[5.780s] [ 90%] [32mBuilding C object CMakeFiles/ros2_msg__rosidl_typesupport_fastrtps_c__pyext.dir/rosidl_generator_py/ros2_msg/_ros2_msg_s.ep.rosidl_typesupport_fastrtps_c.c.o[0m
[5.944s] [ 93%] [32m[1mLinking C shared library rosidl_generator_py/ros2_msg/ros2_msg_s__rosidl_typesupport_c.cpython-310-x86_64-linux-gnu.so[0m
[5.948s] [ 96%] [32m[1mLinking C shared library rosidl_generator_py/ros2_msg/ros2_msg_s__rosidl_typesupport_fastrtps_c.cpython-310-x86_64-linux-gnu.so[0m
[5.979s] [100%] [32m[1mLinking C shared library rosidl_generator_py/ros2_msg/ros2_msg_s__rosidl_typesupport_introspection_c.cpython-310-x86_64-linux-gnu.so[0m
[6.017s] [100%] Built target ros2_msg__rosidl_typesupport_c__pyext
[6.018s] [100%] Built target ros2_msg__rosidl_typesupport_fastrtps_c__pyext
[6.032s] [100%] Built target ros2_msg__rosidl_typesupport_introspection_c__pyext
[6.048s] Invoked command in '/home/sajjad/Downloads/demo_ros2/ros2_ws/build/ros2_msg' returned '0': CMAKE_PREFIX_PATH=/opt/ros/humble /usr/bin/cmake --build /home/sajjad/Downloads/demo_ros2/ros2_ws/build/ros2_msg -- -j4 -l4
[6.146s] Invoking command in '/home/sajjad/Downloads/demo_ros2/ros2_ws/build/ros2_msg': CMAKE_PREFIX_PATH=/opt/ros/humble /usr/bin/cmake --install /home/sajjad/Downloads/demo_ros2/ros2_ws/build/ros2_msg
[6.155s] -- Install configuration: ""
[6.156s] -- Execute custom install script
[6.156s] -- Symlinking: /home/sajjad/Downloads/demo_ros2/ros2_ws/install/ros2_msg/share/ament_index/resource_index/rosidl_interfaces/ros2_msg
[6.169s] -- Symlinking: /home/sajjad/Downloads/demo_ros2/ros2_ws/install/ros2_msg/include/ros2_msg/ros2_msg/msg/detail/my_msg__functions.h
[6.180s] -- Symlinking: /home/sajjad/Downloads/demo_ros2/ros2_ws/install/ros2_msg/include/ros2_msg/ros2_msg/msg/detail/my_msg__struct.h
[6.191s] -- Symlinking: /home/sajjad/Downloads/demo_ros2/ros2_ws/install/ros2_msg/include/ros2_msg/ros2_msg/msg/detail/my_msg__type_support.h
[6.202s] -- Symlinking: /home/sajjad/Downloads/demo_ros2/ros2_ws/install/ros2_msg/include/ros2_msg/ros2_msg/msg/my_msg.h
[6.214s] -- Symlinking: /home/sajjad/Downloads/demo_ros2/ros2_ws/install/ros2_msg/include/ros2_msg/ros2_msg/msg/rosidl_generator_c__visibility_control.h
[6.225s] -- Symlinking: /home/sajjad/Downloads/demo_ros2/ros2_ws/install/ros2_msg/share/ros2_msg/environment/library_path.sh
[6.236s] -- Symlinking: /home/sajjad/Downloads/demo_ros2/ros2_ws/install/ros2_msg/share/ros2_msg/environment/library_path.dsv
[6.248s] -- Symlinking: /home/sajjad/Downloads/demo_ros2/ros2_ws/install/ros2_msg/include/ros2_msg/ros2_msg/msg/detail/my_msg__rosidl_typesupport_fastrtps_c.h
[6.260s] -- Symlinking: /home/sajjad/Downloads/demo_ros2/ros2_ws/install/ros2_msg/include/ros2_msg/ros2_msg/msg/rosidl_typesupport_fastrtps_c__visibility_control.h
[6.272s] -- Symlinking: /home/sajjad/Downloads/demo_ros2/ros2_ws/install/ros2_msg/include/ros2_msg/ros2_msg/msg/detail/my_msg__builder.hpp
[6.284s] -- Symlinking: /home/sajjad/Downloads/demo_ros2/ros2_ws/install/ros2_msg/include/ros2_msg/ros2_msg/msg/detail/my_msg__struct.hpp
[6.295s] -- Symlinking: /home/sajjad/Downloads/demo_ros2/ros2_ws/install/ros2_msg/include/ros2_msg/ros2_msg/msg/detail/my_msg__traits.hpp
[6.307s] -- Symlinking: /home/sajjad/Downloads/demo_ros2/ros2_ws/install/ros2_msg/include/ros2_msg/ros2_msg/msg/my_msg.hpp
[6.319s] -- Symlinking: /home/sajjad/Downloads/demo_ros2/ros2_ws/install/ros2_msg/include/ros2_msg/ros2_msg/msg/detail/my_msg__rosidl_typesupport_fastrtps_cpp.hpp
[6.330s] -- Symlinking: /home/sajjad/Downloads/demo_ros2/ros2_ws/install/ros2_msg/include/ros2_msg/ros2_msg/msg/rosidl_typesupport_fastrtps_cpp__visibility_control.h
[6.343s] -- Symlinking: /home/sajjad/Downloads/demo_ros2/ros2_ws/install/ros2_msg/include/ros2_msg/ros2_msg/msg/detail/my_msg__rosidl_typesupport_introspection_c.h
[6.355s] -- Symlinking: /home/sajjad/Downloads/demo_ros2/ros2_ws/install/ros2_msg/include/ros2_msg/ros2_msg/msg/rosidl_typesupport_introspection_c__visibility_control.h
[6.367s] -- Symlinking: /home/sajjad/Downloads/demo_ros2/ros2_ws/install/ros2_msg/include/ros2_msg/ros2_msg/msg/detail/my_msg__rosidl_typesupport_introspection_cpp.hpp
[6.378s] -- Symlinking: /home/sajjad/Downloads/demo_ros2/ros2_ws/install/ros2_msg/share/ros2_msg/environment/pythonpath.sh
[6.390s] -- Symlinking: /home/sajjad/Downloads/demo_ros2/ros2_ws/install/ros2_msg/share/ros2_msg/environment/pythonpath.dsv
[6.402s] -- Symlinking: /home/sajjad/Downloads/demo_ros2/ros2_ws/install/ros2_msg/local/lib/python3.10/dist-packages/ros2_msg-0.0.0-py3.10.egg-info/PKG-INFO
[6.413s] -- Symlinking: /home/sajjad/Downloads/demo_ros2/ros2_ws/install/ros2_msg/local/lib/python3.10/dist-packages/ros2_msg-0.0.0-py3.10.egg-info/SOURCES.txt
[6.425s] -- Symlinking: /home/sajjad/Downloads/demo_ros2/ros2_ws/install/ros2_msg/local/lib/python3.10/dist-packages/ros2_msg-0.0.0-py3.10.egg-info/dependency_links.txt
[6.436s] -- Symlinking: /home/sajjad/Downloads/demo_ros2/ros2_ws/install/ros2_msg/local/lib/python3.10/dist-packages/ros2_msg-0.0.0-py3.10.egg-info/top_level.txt
[6.449s] -- Symlinking: /home/sajjad/Downloads/demo_ros2/ros2_ws/install/ros2_msg/local/lib/python3.10/dist-packages/ros2_msg/__init__.py
[6.461s] -- Symlinking: /home/sajjad/Downloads/demo_ros2/ros2_ws/install/ros2_msg/local/lib/python3.10/dist-packages/ros2_msg/_ros2_msg_s.ep.rosidl_typesupport_c.c
[6.472s] -- Symlinking: /home/sajjad/Downloads/demo_ros2/ros2_ws/install/ros2_msg/local/lib/python3.10/dist-packages/ros2_msg/_ros2_msg_s.ep.rosidl_typesupport_fastrtps_c.c
[6.484s] -- Symlinking: /home/sajjad/Downloads/demo_ros2/ros2_ws/install/ros2_msg/local/lib/python3.10/dist-packages/ros2_msg/_ros2_msg_s.ep.rosidl_typesupport_introspection_c.c
[6.495s] -- Symlinking: /home/sajjad/Downloads/demo_ros2/ros2_ws/install/ros2_msg/local/lib/python3.10/dist-packages/ros2_msg/libnew_msg__rosidl_generator_py.so
[6.507s] -- Symlinking: /home/sajjad/Downloads/demo_ros2/ros2_ws/install/ros2_msg/local/lib/python3.10/dist-packages/ros2_msg/msg/__init__.py
[6.518s] -- Symlinking: /home/sajjad/Downloads/demo_ros2/ros2_ws/install/ros2_msg/local/lib/python3.10/dist-packages/ros2_msg/msg/_my_msg.py
[6.530s] -- Symlinking: /home/sajjad/Downloads/demo_ros2/ros2_ws/install/ros2_msg/local/lib/python3.10/dist-packages/ros2_msg/msg/_my_msg_s.c
[6.543s] -- Symlinking: /home/sajjad/Downloads/demo_ros2/ros2_ws/install/ros2_msg/local/lib/python3.10/dist-packages/ros2_msg/ros2_msg_s__rosidl_typesupport_c.cpython-310-x86_64-linux-gnu.so
[6.555s] -- Symlinking: /home/sajjad/Downloads/demo_ros2/ros2_ws/install/ros2_msg/local/lib/python3.10/dist-packages/ros2_msg/ros2_msg_s__rosidl_typesupport_fastrtps_c.cpython-310-x86_64-linux-gnu.so
[6.567s] -- Symlinking: /home/sajjad/Downloads/demo_ros2/ros2_ws/install/ros2_msg/local/lib/python3.10/dist-packages/ros2_msg/ros2_msg_s__rosidl_typesupport_introspection_c.cpython-310-x86_64-linux-gnu.so
[6.578s] -- Up-to-date symlink: /home/sajjad/Downloads/demo_ros2/ros2_ws/install/ros2_msg/local/lib/python3.10/dist-packages/ros2_msg/ros2_msg_s__rosidl_typesupport_fastrtps_c.cpython-310-x86_64-linux-gnu.so
[6.579s] -- Up-to-date symlink: /home/sajjad/Downloads/demo_ros2/ros2_ws/install/ros2_msg/local/lib/python3.10/dist-packages/ros2_msg/ros2_msg_s__rosidl_typesupport_introspection_c.cpython-310-x86_64-linux-gnu.so
[6.579s] -- Up-to-date symlink: /home/sajjad/Downloads/demo_ros2/ros2_ws/install/ros2_msg/local/lib/python3.10/dist-packages/ros2_msg/ros2_msg_s__rosidl_typesupport_c.cpython-310-x86_64-linux-gnu.so
[6.580s] -- Symlinking: /home/sajjad/Downloads/demo_ros2/ros2_ws/install/ros2_msg/share/ros2_msg/msg/MyMsg.idl
[6.591s] -- Symlinking: /home/sajjad/Downloads/demo_ros2/ros2_ws/install/ros2_msg/share/ros2_msg/msg/MyMsg.msg
[6.603s] -- Symlinking: /home/sajjad/Downloads/demo_ros2/ros2_ws/install/ros2_msg/share/ament_index/resource_index/package_run_dependencies/ros2_msg
[6.615s] -- Symlinking: /home/sajjad/Downloads/demo_ros2/ros2_ws/install/ros2_msg/share/ament_index/resource_index/parent_prefix_path/ros2_msg
[6.626s] -- Symlinking: /home/sajjad/Downloads/demo_ros2/ros2_ws/install/ros2_msg/share/ros2_msg/environment/ament_prefix_path.sh
[6.638s] -- Symlinking: /home/sajjad/Downloads/demo_ros2/ros2_ws/install/ros2_msg/share/ros2_msg/environment/ament_prefix_path.dsv
[6.650s] -- Symlinking: /home/sajjad/Downloads/demo_ros2/ros2_ws/install/ros2_msg/share/ros2_msg/environment/path.sh
[6.662s] -- Symlinking: /home/sajjad/Downloads/demo_ros2/ros2_ws/install/ros2_msg/share/ros2_msg/environment/path.dsv
[6.673s] -- Symlinking: /home/sajjad/Downloads/demo_ros2/ros2_ws/install/ros2_msg/share/ros2_msg/local_setup.bash
[6.685s] -- Symlinking: /home/sajjad/Downloads/demo_ros2/ros2_ws/install/ros2_msg/share/ros2_msg/local_setup.sh
[6.696s] -- Symlinking: /home/sajjad/Downloads/demo_ros2/ros2_ws/install/ros2_msg/share/ros2_msg/local_setup.zsh
[6.707s] -- Symlinking: /home/sajjad/Downloads/demo_ros2/ros2_ws/install/ros2_msg/share/ros2_msg/local_setup.dsv
[6.719s] -- Symlinking: /home/sajjad/Downloads/demo_ros2/ros2_ws/install/ros2_msg/share/ros2_msg/package.dsv
[6.730s] -- Symlinking: /home/sajjad/Downloads/demo_ros2/ros2_ws/install/ros2_msg/share/ament_index/resource_index/packages/ros2_msg
[6.743s] -- Symlinking: /home/sajjad/Downloads/demo_ros2/ros2_ws/install/ros2_msg/share/ros2_msg/cmake/rosidl_cmake-extras.cmake
[6.755s] -- Symlinking: /home/sajjad/Downloads/demo_ros2/ros2_ws/install/ros2_msg/share/ros2_msg/cmake/ament_cmake_export_dependencies-extras.cmake
[6.767s] -- Symlinking: /home/sajjad/Downloads/demo_ros2/ros2_ws/install/ros2_msg/share/ros2_msg/cmake/ament_cmake_export_include_directories-extras.cmake
[6.778s] -- Symlinking: /home/sajjad/Downloads/demo_ros2/ros2_ws/install/ros2_msg/share/ros2_msg/cmake/ament_cmake_export_libraries-extras.cmake
[6.789s] -- Symlinking: /home/sajjad/Downloads/demo_ros2/ros2_ws/install/ros2_msg/share/ros2_msg/cmake/ament_cmake_export_targets-extras.cmake
[6.801s] -- Symlinking: /home/sajjad/Downloads/demo_ros2/ros2_ws/install/ros2_msg/share/ros2_msg/cmake/rosidl_cmake_export_typesupport_targets-extras.cmake
[6.813s] -- Symlinking: /home/sajjad/Downloads/demo_ros2/ros2_ws/install/ros2_msg/share/ros2_msg/cmake/rosidl_cmake_export_typesupport_libraries-extras.cmake
[6.824s] -- Symlinking: /home/sajjad/Downloads/demo_ros2/ros2_ws/install/ros2_msg/share/ros2_msg/cmake/ros2_msgConfig.cmake
[6.836s] -- Symlinking: /home/sajjad/Downloads/demo_ros2/ros2_ws/install/ros2_msg/share/ros2_msg/cmake/ros2_msgConfig-version.cmake
[6.848s] -- Symlinking: /home/sajjad/Downloads/demo_ros2/ros2_ws/install/ros2_msg/share/ros2_msg/package.xml
[6.860s] -- Installing: /home/sajjad/Downloads/demo_ros2/ros2_ws/install/ros2_msg/lib/libnew_msg__rosidl_generator_c.so
[6.861s] -- Set runtime path of "/home/sajjad/Downloads/demo_ros2/ros2_ws/install/ros2_msg/lib/libnew_msg__rosidl_generator_c.so" to ""
[6.861s] -- Installing: /home/sajjad/Downloads/demo_ros2/ros2_ws/install/ros2_msg/lib/libnew_msg__rosidl_typesupport_fastrtps_c.so
[6.861s] -- Set runtime path of "/home/sajjad/Downloads/demo_ros2/ros2_ws/install/ros2_msg/lib/libnew_msg__rosidl_typesupport_fastrtps_c.so" to ""
[6.861s] -- Installing: /home/sajjad/Downloads/demo_ros2/ros2_ws/install/ros2_msg/lib/libnew_msg__rosidl_typesupport_fastrtps_cpp.so
[6.862s] -- Set runtime path of "/home/sajjad/Downloads/demo_ros2/ros2_ws/install/ros2_msg/lib/libnew_msg__rosidl_typesupport_fastrtps_cpp.so" to ""
[6.862s] -- Installing: /home/sajjad/Downloads/demo_ros2/ros2_ws/install/ros2_msg/lib/libnew_msg__rosidl_typesupport_introspection_c.so
[6.863s] -- Set runtime path of "/home/sajjad/Downloads/demo_ros2/ros2_ws/install/ros2_msg/lib/libnew_msg__rosidl_typesupport_introspection_c.so" to ""
[6.863s] -- Installing: /home/sajjad/Downloads/demo_ros2/ros2_ws/install/ros2_msg/lib/libnew_msg__rosidl_typesupport_c.so
[6.863s] -- Set runtime path of "/home/sajjad/Downloads/demo_ros2/ros2_ws/install/ros2_msg/lib/libnew_msg__rosidl_typesupport_c.so" to ""
[6.863s] -- Installing: /home/sajjad/Downloads/demo_ros2/ros2_ws/install/ros2_msg/lib/libnew_msg__rosidl_typesupport_introspection_cpp.so
[6.864s] -- Set runtime path of "/home/sajjad/Downloads/demo_ros2/ros2_ws/install/ros2_msg/lib/libnew_msg__rosidl_typesupport_introspection_cpp.so" to ""
[6.864s] -- Installing: /home/sajjad/Downloads/demo_ros2/ros2_ws/install/ros2_msg/lib/libnew_msg__rosidl_typesupport_cpp.so
[6.865s] -- Set runtime path of "/home/sajjad/Downloads/demo_ros2/ros2_ws/install/ros2_msg/lib/libnew_msg__rosidl_typesupport_cpp.so" to ""
[6.904s] Listing '/home/sajjad/Downloads/demo_ros2/ros2_ws/install/ros2_msg/local/lib/python3.10/dist-packages/ros2_msg'...
[6.905s] Compiling '/home/sajjad/Downloads/demo_ros2/ros2_ws/install/ros2_msg/local/lib/python3.10/dist-packages/ros2_msg/__init__.py'...
[6.905s] Listing '/home/sajjad/Downloads/demo_ros2/ros2_ws/install/ros2_msg/local/lib/python3.10/dist-packages/ros2_msg/msg'...
[6.905s] Compiling '/home/sajjad/Downloads/demo_ros2/ros2_ws/install/ros2_msg/local/lib/python3.10/dist-packages/ros2_msg/msg/__init__.py'...
[6.905s] Compiling '/home/sajjad/Downloads/demo_ros2/ros2_ws/install/ros2_msg/local/lib/python3.10/dist-packages/ros2_msg/msg/_my_msg.py'...
[6.910s] -- Installing: /home/sajjad/Downloads/demo_ros2/ros2_ws/install/ros2_msg/lib/libnew_msg__rosidl_generator_py.so
[6.911s] -- Set runtime path of "/home/sajjad/Downloads/demo_ros2/ros2_ws/install/ros2_msg/lib/libnew_msg__rosidl_generator_py.so" to ""
[6.911s] -- Installing: /home/sajjad/Downloads/demo_ros2/ros2_ws/install/ros2_msg/share/ros2_msg/cmake/export_new_msg__rosidl_generator_cExport.cmake
[6.912s] -- Installing: /home/sajjad/Downloads/demo_ros2/ros2_ws/install/ros2_msg/share/ros2_msg/cmake/export_new_msg__rosidl_generator_cExport-noconfig.cmake
[6.912s] -- Installing: /home/sajjad/Downloads/demo_ros2/ros2_ws/install/ros2_msg/share/ros2_msg/cmake/export_new_msg__rosidl_typesupport_fastrtps_cExport.cmake
[6.912s] -- Installing: /home/sajjad/Downloads/demo_ros2/ros2_ws/install/ros2_msg/share/ros2_msg/cmake/export_new_msg__rosidl_typesupport_fastrtps_cExport-noconfig.cmake
[6.912s] -- Installing: /home/sajjad/Downloads/demo_ros2/ros2_ws/install/ros2_msg/share/ros2_msg/cmake/export_new_msg__rosidl_generator_cppExport.cmake
[6.912s] -- Installing: /home/sajjad/Downloads/demo_ros2/ros2_ws/install/ros2_msg/share/ros2_msg/cmake/export_new_msg__rosidl_typesupport_fastrtps_cppExport.cmake
[6.913s] -- Installing: /home/sajjad/Downloads/demo_ros2/ros2_ws/install/ros2_msg/share/ros2_msg/cmake/export_new_msg__rosidl_typesupport_fastrtps_cppExport-noconfig.cmake
[6.913s] -- Installing: /home/sajjad/Downloads/demo_ros2/ros2_ws/install/ros2_msg/share/ros2_msg/cmake/new_msg__rosidl_typesupport_introspection_cExport.cmake
[6.913s] -- Installing: /home/sajjad/Downloads/demo_ros2/ros2_ws/install/ros2_msg/share/ros2_msg/cmake/new_msg__rosidl_typesupport_introspection_cExport-noconfig.cmake
[6.913s] -- Installing: /home/sajjad/Downloads/demo_ros2/ros2_ws/install/ros2_msg/share/ros2_msg/cmake/new_msg__rosidl_typesupport_cExport.cmake
[6.913s] -- Installing: /home/sajjad/Downloads/demo_ros2/ros2_ws/install/ros2_msg/share/ros2_msg/cmake/new_msg__rosidl_typesupport_cExport-noconfig.cmake
[6.914s] -- Installing: /home/sajjad/Downloads/demo_ros2/ros2_ws/install/ros2_msg/share/ros2_msg/cmake/new_msg__rosidl_typesupport_introspection_cppExport.cmake
[6.914s] -- Installing: /home/sajjad/Downloads/demo_ros2/ros2_ws/install/ros2_msg/share/ros2_msg/cmake/new_msg__rosidl_typesupport_introspection_cppExport-noconfig.cmake
[6.914s] -- Installing: /home/sajjad/Downloads/demo_ros2/ros2_ws/install/ros2_msg/share/ros2_msg/cmake/new_msg__rosidl_typesupport_cppExport.cmake
[6.914s] -- Installing: /home/sajjad/Downloads/demo_ros2/ros2_ws/install/ros2_msg/share/ros2_msg/cmake/new_msg__rosidl_typesupport_cppExport-noconfig.cmake
[6.914s] -- Installing: /home/sajjad/Downloads/demo_ros2/ros2_ws/install/ros2_msg/share/ros2_msg/cmake/export_new_msg__rosidl_generator_pyExport.cmake
[6.915s] -- Installing: /home/sajjad/Downloads/demo_ros2/ros2_ws/install/ros2_msg/share/ros2_msg/cmake/export_new_msg__rosidl_generator_pyExport-noconfig.cmake
[6.917s] Invoked command in '/home/sajjad/Downloads/demo_ros2/ros2_ws/build/ros2_msg' returned '0': CMAKE_PREFIX_PATH=/opt/ros/humble /usr/bin/cmake --install /home/sajjad/Downloads/demo_ros2/ros2_ws/build/ros2_msg
