[1.429s] DEBUG:colcon:Command line arguments: ['/usr/bin/colcon', 'build', '--packages-select', 'custom_msg']
[1.430s] DEBUG:colcon:Parsed command line arguments: Namespace(log_base=None, log_level=None, verb_name='build', build_base='build', install_base='install', merge_install=False, symlink_install=False, test_result_base=None, continue_on_error=False, executor='parallel', parallel_workers=4, event_handlers=None, ignore_user_meta=False, metas=['./colcon.meta'], base_paths=['.'], packages_ignore=None, packages_ignore_regex=None, paths=None, packages_up_to=None, packages_up_to_regex=None, packages_above=None, packages_above_and_dependencies=None, packages_above_depth=None, packages_select_by_dep=None, packages_skip_by_dep=None, packages_skip_up_to=None, packages_select_build_failed=False, packages_skip_build_finished=False, packages_select_test_failures=False, packages_skip_test_passed=False, packages_select=['custom_msg'], packages_skip=None, packages_select_regex=None, packages_skip_regex=None, packages_start=None, packages_end=None, allow_overriding=[], cmake_args=None, cmake_target=None, cmake_target_skip_unavailable=False, cmake_clean_cache=False, cmake_clean_first=False, cmake_force_configure=False, ament_cmake_args=None, catkin_cmake_args=None, catkin_skip_building_tests=False, verb_parser=<colcon_defaults.argument_parser.defaults.DefaultArgumentsDecorator object at 0x7f2d458cc7f0>, verb_extension=<colcon_core.verb.build.BuildVerb object at 0x7f2d46763190>, main=<bound method BuildVerb.main of <colcon_core.verb.build.BuildVerb object at 0x7f2d46763190>>)
[1.494s] Level 1:colcon.colcon_core.package_discovery:discover_packages(colcon_meta) check parameters
[1.494s] Level 1:colcon.colcon_core.package_discovery:discover_packages(recursive) check parameters
[1.494s] Level 1:colcon.colcon_core.package_discovery:discover_packages(ignore) check parameters
[1.494s] Level 1:colcon.colcon_core.package_discovery:discover_packages(path) check parameters
[1.494s] Level 1:colcon.colcon_core.package_discovery:discover_packages(colcon_meta) discover
[1.494s] Level 1:colcon.colcon_core.package_discovery:discover_packages(recursive) discover
[1.495s] INFO:colcon.colcon_core.package_discovery:Crawling recursively for packages in '/home/sajjad/Downloads/demo_ros2/ros2_ws'
[1.495s] Level 1:colcon.colcon_core.package_identification:_identify(.) by extensions ['ignore', 'ignore_ament_install']
[1.495s] Level 1:colcon.colcon_core.package_identification:_identify(.) by extension 'ignore'
[1.495s] Level 1:colcon.colcon_core.package_identification:_identify(.) by extension 'ignore_ament_install'
[1.495s] Level 1:colcon.colcon_core.package_identification:_identify(.) by extensions ['colcon_pkg']
[1.495s] Level 1:colcon.colcon_core.package_identification:_identify(.) by extension 'colcon_pkg'
[1.495s] Level 1:colcon.colcon_core.package_identification:_identify(.) by extensions ['colcon_meta']
[1.495s] Level 1:colcon.colcon_core.package_identification:_identify(.) by extension 'colcon_meta'
[1.495s] Level 1:colcon.colcon_core.package_identification:_identify(.) by extensions ['ros']
[1.495s] Level 1:colcon.colcon_core.package_identification:_identify(.) by extension 'ros'
[1.508s] Level 1:colcon.colcon_core.package_identification:_identify(.) by extensions ['cmake', 'python']
[1.508s] Level 1:colcon.colcon_core.package_identification:_identify(.) by extension 'cmake'
[1.508s] Level 1:colcon.colcon_core.package_identification:_identify(.) by extension 'python'
[1.508s] Level 1:colcon.colcon_core.package_identification:_identify(.) by extensions ['python_setup_py']
[1.508s] Level 1:colcon.colcon_core.package_identification:_identify(.) by extension 'python_setup_py'
[1.508s] Level 1:colcon.colcon_core.package_identification:_identify(build) by extensions ['ignore', 'ignore_ament_install']
[1.509s] Level 1:colcon.colcon_core.package_identification:_identify(build) by extension 'ignore'
[1.509s] Level 1:colcon.colcon_core.package_identification:_identify(build) ignored
[1.509s] Level 1:colcon.colcon_core.package_identification:_identify(install) by extensions ['ignore', 'ignore_ament_install']
[1.509s] Level 1:colcon.colcon_core.package_identification:_identify(install) by extension 'ignore'
[1.509s] Level 1:colcon.colcon_core.package_identification:_identify(install) ignored
[1.509s] Level 1:colcon.colcon_core.package_identification:_identify(log) by extensions ['ignore', 'ignore_ament_install']
[1.509s] Level 1:colcon.colcon_core.package_identification:_identify(log) by extension 'ignore'
[1.509s] Level 1:colcon.colcon_core.package_identification:_identify(log) ignored
[1.509s] Level 1:colcon.colcon_core.package_identification:_identify(src) by extensions ['ignore', 'ignore_ament_install']
[1.509s] Level 1:colcon.colcon_core.package_identification:_identify(src) by extension 'ignore'
[1.509s] Level 1:colcon.colcon_core.package_identification:_identify(src) by extension 'ignore_ament_install'
[1.510s] Level 1:colcon.colcon_core.package_identification:_identify(src) by extensions ['colcon_pkg']
[1.510s] Level 1:colcon.colcon_core.package_identification:_identify(src) by extension 'colcon_pkg'
[1.510s] Level 1:colcon.colcon_core.package_identification:_identify(src) by extensions ['colcon_meta']
[1.510s] Level 1:colcon.colcon_core.package_identification:_identify(src) by extension 'colcon_meta'
[1.510s] Level 1:colcon.colcon_core.package_identification:_identify(src) by extensions ['ros']
[1.510s] Level 1:colcon.colcon_core.package_identification:_identify(src) by extension 'ros'
[1.510s] Level 1:colcon.colcon_core.package_identification:_identify(src) by extensions ['cmake', 'python']
[1.510s] Level 1:colcon.colcon_core.package_identification:_identify(src) by extension 'cmake'
[1.510s] Level 1:colcon.colcon_core.package_identification:_identify(src) by extension 'python'
[1.510s] Level 1:colcon.colcon_core.package_identification:_identify(src) by extensions ['python_setup_py']
[1.510s] Level 1:colcon.colcon_core.package_identification:_identify(src) by extension 'python_setup_py'
[1.510s] Level 1:colcon.colcon_core.package_identification:_identify(src/custom_msg) by extensions ['ignore', 'ignore_ament_install']
[1.510s] Level 1:colcon.colcon_core.package_identification:_identify(src/custom_msg) by extension 'ignore'
[1.510s] Level 1:colcon.colcon_core.package_identification:_identify(src/custom_msg) by extension 'ignore_ament_install'
[1.510s] Level 1:colcon.colcon_core.package_identification:_identify(src/custom_msg) by extensions ['colcon_pkg']
[1.510s] Level 1:colcon.colcon_core.package_identification:_identify(src/custom_msg) by extension 'colcon_pkg'
[1.511s] Level 1:colcon.colcon_core.package_identification:_identify(src/custom_msg) by extensions ['colcon_meta']
[1.511s] Level 1:colcon.colcon_core.package_identification:_identify(src/custom_msg) by extension 'colcon_meta'
[1.511s] Level 1:colcon.colcon_core.package_identification:_identify(src/custom_msg) by extensions ['ros']
[1.511s] Level 1:colcon.colcon_core.package_identification:_identify(src/custom_msg) by extension 'ros'
[1.514s] DEBUG:colcon.colcon_core.package_identification:Package 'src/custom_msg' with type 'ros.ament_cmake' and name 'custom_msg'
[1.514s] Level 1:colcon.colcon_core.package_identification:_identify(src/my_robot_interfaces) by extensions ['ignore', 'ignore_ament_install']
[1.514s] Level 1:colcon.colcon_core.package_identification:_identify(src/my_robot_interfaces) by extension 'ignore'
[1.514s] Level 1:colcon.colcon_core.package_identification:_identify(src/my_robot_interfaces) by extension 'ignore_ament_install'
[1.514s] Level 1:colcon.colcon_core.package_identification:_identify(src/my_robot_interfaces) by extensions ['colcon_pkg']
[1.514s] Level 1:colcon.colcon_core.package_identification:_identify(src/my_robot_interfaces) by extension 'colcon_pkg'
[1.514s] Level 1:colcon.colcon_core.package_identification:_identify(src/my_robot_interfaces) by extensions ['colcon_meta']
[1.514s] Level 1:colcon.colcon_core.package_identification:_identify(src/my_robot_interfaces) by extension 'colcon_meta'
[1.514s] Level 1:colcon.colcon_core.package_identification:_identify(src/my_robot_interfaces) by extensions ['ros']
[1.514s] Level 1:colcon.colcon_core.package_identification:_identify(src/my_robot_interfaces) by extension 'ros'
[1.515s] DEBUG:colcon.colcon_core.package_identification:Package 'src/my_robot_interfaces' with type 'ros.ament_cmake' and name 'my_robot_interfaces'
[1.515s] Level 1:colcon.colcon_core.package_identification:_identify(src/ros2_msg) by extensions ['ignore', 'ignore_ament_install']
[1.515s] Level 1:colcon.colcon_core.package_identification:_identify(src/ros2_msg) by extension 'ignore'
[1.515s] Level 1:colcon.colcon_core.package_identification:_identify(src/ros2_msg) by extension 'ignore_ament_install'
[1.515s] Level 1:colcon.colcon_core.package_identification:_identify(src/ros2_msg) by extensions ['colcon_pkg']
[1.515s] Level 1:colcon.colcon_core.package_identification:_identify(src/ros2_msg) by extension 'colcon_pkg'
[1.515s] Level 1:colcon.colcon_core.package_identification:_identify(src/ros2_msg) by extensions ['colcon_meta']
[1.515s] Level 1:colcon.colcon_core.package_identification:_identify(src/ros2_msg) by extension 'colcon_meta'
[1.515s] Level 1:colcon.colcon_core.package_identification:_identify(src/ros2_msg) by extensions ['ros']
[1.516s] Level 1:colcon.colcon_core.package_identification:_identify(src/ros2_msg) by extension 'ros'
[1.516s] DEBUG:colcon.colcon_core.package_identification:Package 'src/ros2_msg' with type 'ros.ament_cmake' and name 'ros2_msg'
[1.516s] Level 1:colcon.colcon_core.package_discovery:discover_packages(recursive) using defaults
[1.516s] Level 1:colcon.colcon_core.package_discovery:discover_packages(ignore) discover
[1.516s] Level 1:colcon.colcon_core.package_discovery:discover_packages(ignore) using defaults
[1.516s] Level 1:colcon.colcon_core.package_discovery:discover_packages(path) discover
[1.517s] Level 1:colcon.colcon_core.package_discovery:discover_packages(path) using defaults
[1.602s] INFO:colcon.colcon_core.package_selection:Skipping not selected package 'my_robot_interfaces' in 'src/my_robot_interfaces'
[1.602s] INFO:colcon.colcon_core.package_selection:Skipping not selected package 'ros2_msg' in 'src/ros2_msg'
[1.645s] Level 1:colcon.colcon_core.package_discovery:discover_packages(prefix_path) check parameters
[1.645s] Level 1:colcon.colcon_core.package_discovery:discover_packages(prefix_path) discover
[1.690s] DEBUG:colcon.colcon_installed_package_information.package_discovery:Found 270 installed packages in /opt/ros/humble
[1.691s] Level 1:colcon.colcon_core.package_discovery:discover_packages(prefix_path) using defaults
[1.808s] Level 5:colcon.colcon_core.verb:set package 'custom_msg' build argument 'cmake_args' from command line to 'None'
[1.808s] Level 5:colcon.colcon_core.verb:set package 'custom_msg' build argument 'cmake_target' from command line to 'None'
[1.808s] Level 5:colcon.colcon_core.verb:set package 'custom_msg' build argument 'cmake_target_skip_unavailable' from command line to 'False'
[1.808s] Level 5:colcon.colcon_core.verb:set package 'custom_msg' build argument 'cmake_clean_cache' from command line to 'False'
[1.808s] Level 5:colcon.colcon_core.verb:set package 'custom_msg' build argument 'cmake_clean_first' from command line to 'False'
[1.808s] Level 5:colcon.colcon_core.verb:set package 'custom_msg' build argument 'cmake_force_configure' from command line to 'False'
[1.808s] Level 5:colcon.colcon_core.verb:set package 'custom_msg' build argument 'ament_cmake_args' from command line to 'None'
[1.808s] Level 5:colcon.colcon_core.verb:set package 'custom_msg' build argument 'catkin_cmake_args' from command line to 'None'
[1.808s] Level 5:colcon.colcon_core.verb:set package 'custom_msg' build argument 'catkin_skip_building_tests' from command line to 'False'
[1.808s] DEBUG:colcon.colcon_core.verb:Building package 'custom_msg' with the following arguments: {'ament_cmake_args': None, 'build_base': '/home/sajjad/Downloads/demo_ros2/ros2_ws/build/custom_msg', 'catkin_cmake_args': None, 'catkin_skip_building_tests': False, 'cmake_args': None, 'cmake_clean_cache': False, 'cmake_clean_first': False, 'cmake_force_configure': False, 'cmake_target': None, 'cmake_target_skip_unavailable': False, 'install_base': '/home/sajjad/Downloads/demo_ros2/ros2_ws/install/custom_msg', 'merge_install': False, 'path': '/home/sajjad/Downloads/demo_ros2/ros2_ws/src/custom_msg', 'symlink_install': False, 'test_result_base': None}
[1.829s] INFO:colcon.colcon_core.executor:Executing jobs using 'parallel' executor
[1.850s] DEBUG:colcon.colcon_parallel_executor.executor.parallel:run_until_complete
[1.851s] INFO:colcon.colcon_ros.task.ament_cmake.build:Building ROS package in '/home/sajjad/Downloads/demo_ros2/ros2_ws/src/custom_msg' with build type 'ament_cmake'
[1.851s] INFO:colcon.colcon_cmake.task.cmake.build:Building CMake package in '/home/sajjad/Downloads/demo_ros2/ros2_ws/src/custom_msg'
[1.878s] INFO:colcon.colcon_core.plugin_system:Skipping extension 'colcon_core.shell.bat': Not used on non-Windows systems
[1.878s] INFO:colcon.colcon_core.shell:Skip shell extension 'powershell' for command environment: Not usable outside of PowerShell
[1.878s] DEBUG:colcon.colcon_core.shell:Skip shell extension 'dsv' for command environment
[1.932s] DEBUG:colcon.colcon_core.event_handler.log_command:Invoking command in '/home/sajjad/Downloads/demo_ros2/ros2_ws/build/custom_msg': CMAKE_PREFIX_PATH=/opt/ros/humble /usr/bin/cmake /home/sajjad/Downloads/demo_ros2/ros2_ws/src/custom_msg -DCMAKE_INSTALL_PREFIX=/home/sajjad/Downloads/demo_ros2/ros2_ws/install/custom_msg
[3.749s] DEBUG:colcon.colcon_core.event_handler.log_command:Invoked command in '/home/sajjad/Downloads/demo_ros2/ros2_ws/build/custom_msg' returned '0': CMAKE_PREFIX_PATH=/opt/ros/humble /usr/bin/cmake /home/sajjad/Downloads/demo_ros2/ros2_ws/src/custom_msg -DCMAKE_INSTALL_PREFIX=/home/sajjad/Downloads/demo_ros2/ros2_ws/install/custom_msg
[3.752s] DEBUG:colcon.colcon_core.event_handler.log_command:Invoking command in '/home/sajjad/Downloads/demo_ros2/ros2_ws/build/custom_msg': CMAKE_PREFIX_PATH=/opt/ros/humble /usr/bin/cmake --build /home/sajjad/Downloads/demo_ros2/ros2_ws/build/custom_msg -- -j4 -l4
[7.161s] DEBUG:colcon.colcon_core.event_handler.log_command:Invoked command in '/home/sajjad/Downloads/demo_ros2/ros2_ws/build/custom_msg' returned '0': CMAKE_PREFIX_PATH=/opt/ros/humble /usr/bin/cmake --build /home/sajjad/Downloads/demo_ros2/ros2_ws/build/custom_msg -- -j4 -l4
[7.257s] DEBUG:colcon.colcon_core.event_handler.log_command:Invoking command in '/home/sajjad/Downloads/demo_ros2/ros2_ws/build/custom_msg': CMAKE_PREFIX_PATH=/opt/ros/humble /usr/bin/cmake --install /home/sajjad/Downloads/demo_ros2/ros2_ws/build/custom_msg
[7.348s] Level 1:colcon.colcon_core.environment:create_environment_scripts_only(custom_msg)
[7.349s] DEBUG:colcon.colcon_core.event_handler.log_command:Invoked command in '/home/sajjad/Downloads/demo_ros2/ros2_ws/build/custom_msg' returned '0': CMAKE_PREFIX_PATH=/opt/ros/humble /usr/bin/cmake --install /home/sajjad/Downloads/demo_ros2/ros2_ws/build/custom_msg
[7.373s] Level 1:colcon.colcon_core.environment:checking '/home/sajjad/Downloads/demo_ros2/ros2_ws/install/custom_msg' for CMake module files
[7.374s] Level 1:colcon.colcon_core.environment:checking '/home/sajjad/Downloads/demo_ros2/ros2_ws/install/custom_msg' for CMake config files
[7.374s] Level 1:colcon.colcon_core.shell:create_environment_hook('custom_msg', 'cmake_prefix_path')
[7.396s] INFO:colcon.colcon_core.shell:Creating environment hook '/home/sajjad/Downloads/demo_ros2/ros2_ws/install/custom_msg/share/custom_msg/hook/cmake_prefix_path.ps1'
[7.396s] INFO:colcon.colcon_core.shell:Creating environment descriptor '/home/sajjad/Downloads/demo_ros2/ros2_ws/install/custom_msg/share/custom_msg/hook/cmake_prefix_path.dsv'
[7.397s] INFO:colcon.colcon_core.shell:Creating environment hook '/home/sajjad/Downloads/demo_ros2/ros2_ws/install/custom_msg/share/custom_msg/hook/cmake_prefix_path.sh'
[7.398s] Level 1:colcon.colcon_core.environment:checking '/home/sajjad/Downloads/demo_ros2/ros2_ws/install/custom_msg/lib'
[7.398s] Level 1:colcon.colcon_core.shell:create_environment_hook('custom_msg', 'ld_library_path_lib')
[7.420s] INFO:colcon.colcon_core.shell:Creating environment hook '/home/sajjad/Downloads/demo_ros2/ros2_ws/install/custom_msg/share/custom_msg/hook/ld_library_path_lib.ps1'
[7.420s] INFO:colcon.colcon_core.shell:Creating environment descriptor '/home/sajjad/Downloads/demo_ros2/ros2_ws/install/custom_msg/share/custom_msg/hook/ld_library_path_lib.dsv'
[7.420s] INFO:colcon.colcon_core.shell:Creating environment hook '/home/sajjad/Downloads/demo_ros2/ros2_ws/install/custom_msg/share/custom_msg/hook/ld_library_path_lib.sh'
[7.421s] Level 1:colcon.colcon_core.environment:checking '/home/sajjad/Downloads/demo_ros2/ros2_ws/install/custom_msg/bin'
[7.421s] Level 1:colcon.colcon_core.environment:checking '/home/sajjad/Downloads/demo_ros2/ros2_ws/install/custom_msg/lib/pkgconfig/custom_msg.pc'
[7.421s] Level 1:colcon.colcon_core.environment:checking '/home/sajjad/Downloads/demo_ros2/ros2_ws/install/custom_msg/lib/python3.10/site-packages'
[7.421s] Level 1:colcon.colcon_core.environment:checking '/home/sajjad/Downloads/demo_ros2/ros2_ws/install/custom_msg/bin'
[7.443s] INFO:colcon.colcon_core.shell:Creating package script '/home/sajjad/Downloads/demo_ros2/ros2_ws/install/custom_msg/share/custom_msg/package.ps1'
[7.444s] INFO:colcon.colcon_core.shell:Creating package descriptor '/home/sajjad/Downloads/demo_ros2/ros2_ws/install/custom_msg/share/custom_msg/package.dsv'
[7.444s] INFO:colcon.colcon_core.shell:Creating package script '/home/sajjad/Downloads/demo_ros2/ros2_ws/install/custom_msg/share/custom_msg/package.sh'
[7.445s] INFO:colcon.colcon_core.shell:Creating package script '/home/sajjad/Downloads/demo_ros2/ros2_ws/install/custom_msg/share/custom_msg/package.bash'
[7.446s] INFO:colcon.colcon_core.shell:Creating package script '/home/sajjad/Downloads/demo_ros2/ros2_ws/install/custom_msg/share/custom_msg/package.zsh'
[7.446s] Level 1:colcon.colcon_core.environment:create_file_with_runtime_dependencies(/home/sajjad/Downloads/demo_ros2/ros2_ws/install/custom_msg/share/colcon-core/packages/custom_msg)
[7.551s] Level 1:colcon.colcon_core.environment:create_environment_scripts_only(custom_msg)
[7.572s] Level 1:colcon.colcon_core.environment:checking '/home/sajjad/Downloads/demo_ros2/ros2_ws/install/custom_msg' for CMake module files
[7.573s] Level 1:colcon.colcon_core.environment:checking '/home/sajjad/Downloads/demo_ros2/ros2_ws/install/custom_msg' for CMake config files
[7.573s] Level 1:colcon.colcon_core.shell:create_environment_hook('custom_msg', 'cmake_prefix_path')
[7.595s] INFO:colcon.colcon_core.shell:Creating environment hook '/home/sajjad/Downloads/demo_ros2/ros2_ws/install/custom_msg/share/custom_msg/hook/cmake_prefix_path.ps1'
[7.596s] INFO:colcon.colcon_core.shell:Creating environment descriptor '/home/sajjad/Downloads/demo_ros2/ros2_ws/install/custom_msg/share/custom_msg/hook/cmake_prefix_path.dsv'
[7.596s] INFO:colcon.colcon_core.shell:Creating environment hook '/home/sajjad/Downloads/demo_ros2/ros2_ws/install/custom_msg/share/custom_msg/hook/cmake_prefix_path.sh'
[7.597s] Level 1:colcon.colcon_core.environment:checking '/home/sajjad/Downloads/demo_ros2/ros2_ws/install/custom_msg/lib'
[7.597s] Level 1:colcon.colcon_core.shell:create_environment_hook('custom_msg', 'ld_library_path_lib')
[7.619s] INFO:colcon.colcon_core.shell:Creating environment hook '/home/sajjad/Downloads/demo_ros2/ros2_ws/install/custom_msg/share/custom_msg/hook/ld_library_path_lib.ps1'
[7.619s] INFO:colcon.colcon_core.shell:Creating environment descriptor '/home/sajjad/Downloads/demo_ros2/ros2_ws/install/custom_msg/share/custom_msg/hook/ld_library_path_lib.dsv'
[7.620s] INFO:colcon.colcon_core.shell:Creating environment hook '/home/sajjad/Downloads/demo_ros2/ros2_ws/install/custom_msg/share/custom_msg/hook/ld_library_path_lib.sh'
[7.620s] Level 1:colcon.colcon_core.environment:checking '/home/sajjad/Downloads/demo_ros2/ros2_ws/install/custom_msg/bin'
[7.620s] Level 1:colcon.colcon_core.environment:checking '/home/sajjad/Downloads/demo_ros2/ros2_ws/install/custom_msg/lib/pkgconfig/custom_msg.pc'
[7.621s] Level 1:colcon.colcon_core.environment:checking '/home/sajjad/Downloads/demo_ros2/ros2_ws/install/custom_msg/lib/python3.10/site-packages'
[7.621s] Level 1:colcon.colcon_core.environment:checking '/home/sajjad/Downloads/demo_ros2/ros2_ws/install/custom_msg/bin'
[7.655s] INFO:colcon.colcon_core.shell:Creating package script '/home/sajjad/Downloads/demo_ros2/ros2_ws/install/custom_msg/share/custom_msg/package.ps1'
[7.656s] INFO:colcon.colcon_core.shell:Creating package descriptor '/home/sajjad/Downloads/demo_ros2/ros2_ws/install/custom_msg/share/custom_msg/package.dsv'
[7.657s] INFO:colcon.colcon_core.shell:Creating package script '/home/sajjad/Downloads/demo_ros2/ros2_ws/install/custom_msg/share/custom_msg/package.sh'
[7.657s] INFO:colcon.colcon_core.shell:Creating package script '/home/sajjad/Downloads/demo_ros2/ros2_ws/install/custom_msg/share/custom_msg/package.bash'
[7.658s] INFO:colcon.colcon_core.shell:Creating package script '/home/sajjad/Downloads/demo_ros2/ros2_ws/install/custom_msg/share/custom_msg/package.zsh'
[7.658s] Level 1:colcon.colcon_core.environment:create_file_with_runtime_dependencies(/home/sajjad/Downloads/demo_ros2/ros2_ws/install/custom_msg/share/colcon-core/packages/custom_msg)
[7.658s] DEBUG:colcon.colcon_parallel_executor.executor.parallel:closing loop
[7.659s] DEBUG:colcon.colcon_parallel_executor.executor.parallel:loop closed
[7.659s] DEBUG:colcon.colcon_parallel_executor.executor.parallel:run_until_complete finished with '0'
[7.659s] DEBUG:colcon.colcon_core.event_reactor:joining thread
[7.691s] INFO:colcon.colcon_core.plugin_system:Skipping extension 'colcon_notification.desktop_notification.terminal_notifier': Not used on non-Darwin systems
[7.691s] INFO:colcon.colcon_core.plugin_system:Skipping extension 'colcon_notification.desktop_notification.win32': Not used on non-Windows systems
[7.691s] INFO:colcon.colcon_notification.desktop_notification:Sending desktop notification using 'notify2'
[7.705s] DEBUG:colcon.colcon_core.event_reactor:joined thread
[7.730s] INFO:colcon.colcon_core.shell:Creating prefix script '/home/sajjad/Downloads/demo_ros2/ros2_ws/install/local_setup.ps1'
[7.731s] INFO:colcon.colcon_core.shell:Creating prefix util module '/home/sajjad/Downloads/demo_ros2/ros2_ws/install/_local_setup_util_ps1.py'
[7.732s] INFO:colcon.colcon_core.shell:Creating prefix chain script '/home/sajjad/Downloads/demo_ros2/ros2_ws/install/setup.ps1'
[7.758s] INFO:colcon.colcon_core.shell:Creating prefix script '/home/sajjad/Downloads/demo_ros2/ros2_ws/install/local_setup.sh'
[7.758s] INFO:colcon.colcon_core.shell:Creating prefix util module '/home/sajjad/Downloads/demo_ros2/ros2_ws/install/_local_setup_util_sh.py'
[7.759s] INFO:colcon.colcon_core.shell:Creating prefix chain script '/home/sajjad/Downloads/demo_ros2/ros2_ws/install/setup.sh'
[7.784s] INFO:colcon.colcon_core.shell:Creating prefix script '/home/sajjad/Downloads/demo_ros2/ros2_ws/install/local_setup.bash'
[7.785s] INFO:colcon.colcon_core.shell:Creating prefix chain script '/home/sajjad/Downloads/demo_ros2/ros2_ws/install/setup.bash'
[7.809s] INFO:colcon.colcon_core.shell:Creating prefix script '/home/sajjad/Downloads/demo_ros2/ros2_ws/install/local_setup.zsh'
[7.810s] INFO:colcon.colcon_core.shell:Creating prefix chain script '/home/sajjad/Downloads/demo_ros2/ros2_ws/install/setup.zsh'
