-- The C compiler identification is GNU 11.4.0
-- The CXX compiler identification is GNU 11.4.0
-- Detecting C compiler ABI info
-- Detecting C compiler ABI info - done
-- Check for working C compiler: /usr/bin/cc - skipped
-- Detecting C compile features
-- Detecting C compile features - done
-- Detecting CXX compiler ABI info
-- Detecting CXX compiler ABI info - done
-- Check for working CXX compiler: /usr/bin/c++ - skipped
-- Detecting CXX compile features
-- Detecting CXX compile features - done
-- Found ament_cmake: 1.3.5 (/opt/ros/humble/share/ament_cmake/cmake)
-- Found Python3: /usr/bin/python3.10 (found version "3.10.12") found components: Interpreter 
-- Found rclcpp: 16.0.6 (/opt/ros/humble/share/rclcpp/cmake)
-- Found rosidl_generator_c: 3.1.5 (/opt/ros/humble/share/rosidl_generator_c/cmake)
-- Found rosidl_adapter: 3.1.5 (/opt/ros/humble/share/rosidl_adapter/cmake)
-- Found rosidl_generator_cpp: 3.1.5 (/opt/ros/humble/share/rosidl_generator_cpp/cmake)
-- Using all available rosidl_typesupport_c: rosidl_typesupport_fastrtps_c;rosidl_typesupport_introspection_c
-- Using all available rosidl_typesupport_cpp: rosidl_typesupport_fastrtps_cpp;rosidl_typesupport_introspection_cpp
-- Found rmw_implementation_cmake: 6.1.1 (/opt/ros/humble/share/rmw_implementation_cmake/cmake)
-- Found rmw_fastrtps_cpp: 6.2.4 (/opt/ros/humble/share/rmw_fastrtps_cpp/cmake)
-- Found OpenSSL: /usr/lib/x86_64-linux-gnu/libcrypto.so (found version "3.0.2")  
-- Found FastRTPS: /opt/ros/humble/include  
-- Using RMW implementation 'rmw_fastrtps_cpp' as default
-- Looking for pthread.h
-- Looking for pthread.h - found
-- Performing Test CMAKE_HAVE_LIBC_PTHREAD
-- Performing Test CMAKE_HAVE_LIBC_PTHREAD - Success
-- Found Threads: TRUE  
-- Found custom_msg1: 0.0.0 (/home/sajjad/Downloads/demo_ros2/ros2_ws/install/custom_msg1/share/custom_msg1/cmake)
-- Found ament_lint_auto: 0.12.8 (/opt/ros/humble/share/ament_lint_auto/cmake)
-- Added test 'copyright' to check source files copyright and LICENSE
-- Added test 'cppcheck' to perform static code analysis on C / C++ code
-- Configured cppcheck include dirs: 
-- Configured cppcheck exclude dirs and/or files: 
-- Added test 'cpplint' to check C / C++ code against the Google style
-- Configured cpplint exclude dirs and/or files: 
-- Added test 'flake8' to check Python code syntax and style conventions
-- Added test 'lint_cmake' to check CMake code style
-- Added test 'pep257' to check Python code against some of the docstring style conventions in PEP 257
-- Added test 'uncrustify' to check C / C++ code style
-- Configured uncrustify additional arguments: 
-- Added test 'xmllint' to check XML markup files
-- Configuring done
-- Generating done
-- Build files have been written to: /home/sajjad/Downloads/demo_ros2/ros2_ws/build/serial_imu1
[ 20%] [32mBuilding C object CMakeFiles/talker1.dir/src/ch_serial.c.o[0m
[ 40%] [32mBuilding CXX object CMakeFiles/talker1.dir/src/serial_port.cpp.o[0m
[ 60%] [32mBuilding CXX object CMakeFiles/listener1.dir/src/sub_spec.cpp.o[0m
[ 80%] [32m[1mLinking CXX executable talker1[0m
[ 80%] Built target talker1
[100%] [32m[1mLinking CXX executable listener1[0m
[100%] Built target listener1
-- Install configuration: ""
-- Installing: /home/sajjad/Downloads/demo_ros2/ros2_ws/install/serial_imu1/lib/serial_imu1/talker1
-- Set runtime path of "/home/sajjad/Downloads/demo_ros2/ros2_ws/install/serial_imu1/lib/serial_imu1/talker1" to ""
-- Installing: /home/sajjad/Downloads/demo_ros2/ros2_ws/install/serial_imu1/lib/serial_imu1/listener1
-- Set runtime path of "/home/sajjad/Downloads/demo_ros2/ros2_ws/install/serial_imu1/lib/serial_imu1/listener1" to ""
-- Installing: /home/sajjad/Downloads/demo_ros2/ros2_ws/install/serial_imu1/share/serial_imu1/launch
-- Installing: /home/sajjad/Downloads/demo_ros2/ros2_ws/install/serial_imu1/share/serial_imu1/launch/imu_spec_msg.launch.py
-- Installing: /home/sajjad/Downloads/demo_ros2/ros2_ws/install/serial_imu1/share/ament_index/resource_index/package_run_dependencies/serial_imu1
-- Installing: /home/sajjad/Downloads/demo_ros2/ros2_ws/install/serial_imu1/share/ament_index/resource_index/parent_prefix_path/serial_imu1
-- Installing: /home/sajjad/Downloads/demo_ros2/ros2_ws/install/serial_imu1/share/serial_imu1/environment/ament_prefix_path.sh
-- Installing: /home/sajjad/Downloads/demo_ros2/ros2_ws/install/serial_imu1/share/serial_imu1/environment/ament_prefix_path.dsv
-- Installing: /home/sajjad/Downloads/demo_ros2/ros2_ws/install/serial_imu1/share/serial_imu1/environment/path.sh
-- Installing: /home/sajjad/Downloads/demo_ros2/ros2_ws/install/serial_imu1/share/serial_imu1/environment/path.dsv
-- Installing: /home/sajjad/Downloads/demo_ros2/ros2_ws/install/serial_imu1/share/serial_imu1/local_setup.bash
-- Installing: /home/sajjad/Downloads/demo_ros2/ros2_ws/install/serial_imu1/share/serial_imu1/local_setup.sh
-- Installing: /home/sajjad/Downloads/demo_ros2/ros2_ws/install/serial_imu1/share/serial_imu1/local_setup.zsh
-- Installing: /home/sajjad/Downloads/demo_ros2/ros2_ws/install/serial_imu1/share/serial_imu1/local_setup.dsv
-- Installing: /home/sajjad/Downloads/demo_ros2/ros2_ws/install/serial_imu1/share/serial_imu1/package.dsv
-- Installing: /home/sajjad/Downloads/demo_ros2/ros2_ws/install/serial_imu1/share/ament_index/resource_index/packages/serial_imu1
-- Installing: /home/sajjad/Downloads/demo_ros2/ros2_ws/install/serial_imu1/share/serial_imu1/cmake/serial_imu1Config.cmake
-- Installing: /home/sajjad/Downloads/demo_ros2/ros2_ws/install/serial_imu1/share/serial_imu1/cmake/serial_imu1Config-version.cmake
-- Installing: /home/sajjad/Downloads/demo_ros2/ros2_ws/install/serial_imu1/share/serial_imu1/package.xml
