-- Found ament_cmake: 1.3.5 (/opt/ros/humble/share/ament_cmake/cmake)
-- Found rclcpp: 16.0.6 (/opt/ros/humble/share/rclcpp/cmake)
-- Found rosidl_generator_c: 3.1.5 (/opt/ros/humble/share/rosidl_generator_c/cmake)
-- Found rosidl_adapter: 3.1.5 (/opt/ros/humble/share/rosidl_adapter/cmake)
-- Found rosidl_generator_cpp: 3.1.5 (/opt/ros/humble/share/rosidl_generator_cpp/cmake)
-- Using all available rosidl_typesupport_c: rosidl_typesupport_fastrtps_c;rosidl_typesupport_introspection_c
-- Using all available rosidl_typesupport_cpp: rosidl_typesupport_fastrtps_cpp;rosidl_typesupport_introspection_cpp
-- Found rmw_implementation_cmake: 6.1.1 (/opt/ros/humble/share/rmw_implementation_cmake/cmake)
-- Found rmw_fastrtps_cpp: 6.2.4 (/opt/ros/humble/share/rmw_fastrtps_cpp/cmake)
-- Using RMW implementation 'rmw_fastrtps_cpp' as default
-- Found custom_msg: 0.0.0 (/home/sajjad/Downloads/demo_ros2/ros2_ws/install/custom_msg/share/custom_msg/cmake)
-- Found rosidl_default_generators: 1.2.0 (/opt/ros/humble/share/rosidl_default_generators/cmake)
-- Found ament_lint_auto: 0.12.8 (/opt/ros/humble/share/ament_lint_auto/cmake)
[31mCMake Error at /opt/ros/humble/share/rosidl_cmake/cmake/rosidl_generate_interfaces.cmake:93 (message):
  rosidl_generate_interfaces() the passed file 'msg/LogTf.msg' doesn't exist
  relative to the CMAKE_CURRENT_SOURCE_DIR
  '/home/sajjad/Downloads/demo_ros2/ros2_ws/src/pub_sub_custom_msg'
Call Stack (most recent call first):
  CMakeLists.txt:45 (rosidl_generate_interfaces)

[0m
-- Configuring incomplete, errors occurred!
See also "/home/sajjad/Downloads/demo_ros2/ros2_ws/build/pub_sub_custom_msg/CMakeFiles/CMakeOutput.log".
gmake: *** [Makefile:308: cmake_check_build_system] Error 1
