-- The C compiler identification is GNU 11.4.0
-- The CXX compiler identification is GNU 11.4.0
-- Detecting C compiler ABI info
-- Detecting C compiler ABI info - done
-- Check for working C compiler: /usr/bin/cc - skipped
-- Detecting C compile features
-- Detecting C compile features - done
-- Detecting CXX compiler ABI info
-- Detecting CXX compiler ABI info - done
-- Check for working CXX compiler: /usr/bin/c++ - skipped
-- Detecting CXX compile features
-- Detecting CXX compile features - done
-- Found ament_cmake: 1.3.5 (/opt/ros/humble/share/ament_cmake/cmake)
-- Found Python3: /usr/bin/python3.10 (found version "3.10.12") found components: Interpreter 
-- Override CMake install command with custom implementation using symlinks instead of copying resources
-- Found rclcpp: 16.0.6 (/opt/ros/humble/share/rclcpp/cmake)
-- Found rosidl_generator_c: 3.1.5 (/opt/ros/humble/share/rosidl_generator_c/cmake)
-- Found rosidl_adapter: 3.1.5 (/opt/ros/humble/share/rosidl_adapter/cmake)
-- Found rosidl_generator_cpp: 3.1.5 (/opt/ros/humble/share/rosidl_generator_cpp/cmake)
-- Using all available rosidl_typesupport_c: rosidl_typesupport_fastrtps_c;rosidl_typesupport_introspection_c
-- Using all available rosidl_typesupport_cpp: rosidl_typesupport_fastrtps_cpp;rosidl_typesupport_introspection_cpp
-- Found rmw_implementation_cmake: 6.1.1 (/opt/ros/humble/share/rmw_implementation_cmake/cmake)
-- Found rmw_fastrtps_cpp: 6.2.4 (/opt/ros/humble/share/rmw_fastrtps_cpp/cmake)
-- Found OpenSSL: /usr/lib/x86_64-linux-gnu/libcrypto.so (found version "3.0.2")  
-- Found FastRTPS: /opt/ros/humble/include  
-- Using RMW implementation 'rmw_fastrtps_cpp' as default
-- Looking for pthread.h
-- Looking for pthread.h - found
-- Performing Test CMAKE_HAVE_LIBC_PTHREAD
-- Performing Test CMAKE_HAVE_LIBC_PTHREAD - Success
-- Found Threads: TRUE  
-- Found rosidl_default_generators: 1.2.0 (/opt/ros/humble/share/rosidl_default_generators/cmake)
-- Found ament_lint_auto: 0.12.8 (/opt/ros/humble/share/ament_lint_auto/cmake)
-- Found ament_cmake_ros: 0.10.0 (/opt/ros/humble/share/ament_cmake_ros/cmake)
-- Using all available rosidl_typesupport_c: rosidl_typesupport_fastrtps_c;rosidl_typesupport_introspection_c
-- Using all available rosidl_typesupport_cpp: rosidl_typesupport_fastrtps_cpp;rosidl_typesupport_introspection_cpp
-- Found PythonInterp: /usr/bin/python3 (found suitable version "3.10.12", minimum required is "3.6") 
-- Found python_cmake_module: 0.10.0 (/opt/ros/humble/share/python_cmake_module/cmake)
-- Found PythonLibs: /usr/lib/x86_64-linux-gnu/libpython3.10.so (found suitable version "3.10.12", minimum required is "3.5") 
-- Using PYTHON_EXECUTABLE: /usr/bin/python3
-- Using PYTHON_INCLUDE_DIRS: /usr/include/python3.10
-- Using PYTHON_LIBRARIES: /usr/lib/x86_64-linux-gnu/libpython3.10.so
-- Found PythonExtra: .so  
-- Added test 'lint_cmake' to check CMake code style
-- Added test 'xmllint' to check XML markup files
-- Configuring done
-- Generating done
-- Build files have been written to: /home/sajjad/Downloads/demo_ros2/ros2_ws/build/ros2_msg
[  3%] [34m[1mGenerating C code for ROS interfaces[0m
[  6%] [34m[1mGenerating C++ code for ROS interfaces[0m
[  6%] Built target ament_cmake_python_symlink_ros2_msg
[  6%] Built target new_msg__cpp
[  9%] [34m[1mGenerating C++ type support for eProsima Fast-RTPS[0m
[ 12%] [34m[1mGenerating C++ type support dispatch for ROS interfaces[0m
[ 16%] [32mBuilding C object CMakeFiles/new_msg__rosidl_generator_c.dir/rosidl_generator_c/ros2_msg/msg/detail/my_msg__functions.c.o[0m
running egg_info
creating ros2_msg.egg-info
writing ros2_msg.egg-info/PKG-INFO
writing dependency_links to ros2_msg.egg-info/dependency_links.txt
writing top-level names to ros2_msg.egg-info/top_level.txt
writing manifest file 'ros2_msg.egg-info/SOURCES.txt'
reading manifest file 'ros2_msg.egg-info/SOURCES.txt'
writing manifest file 'ros2_msg.egg-info/SOURCES.txt'
[ 19%] [32m[1mLinking C shared library libnew_msg__rosidl_generator_c.so[0m
[ 19%] Built target ament_cmake_python_build_ros2_msg_egg
[ 22%] [34m[1mGenerating C++ introspection for ROS interfaces[0m
[ 22%] Built target new_msg__rosidl_generator_c
[ 25%] [34m[1mGenerating C type support for eProsima Fast-RTPS[0m
[ 29%] [32mBuilding CXX object CMakeFiles/new_msg__rosidl_typesupport_cpp.dir/rosidl_typesupport_cpp/ros2_msg/msg/my_msg__type_support.cpp.o[0m
[ 32%] [32mBuilding CXX object CMakeFiles/new_msg__rosidl_typesupport_fastrtps_cpp.dir/rosidl_typesupport_fastrtps_cpp/ros2_msg/msg/detail/dds_fastrtps/my_msg__type_support.cpp.o[0m
[ 35%] [32mBuilding CXX object CMakeFiles/new_msg__rosidl_typesupport_introspection_cpp.dir/rosidl_typesupport_introspection_cpp/ros2_msg/msg/detail/my_msg__type_support.cpp.o[0m
[ 38%] [32mBuilding CXX object CMakeFiles/new_msg__rosidl_typesupport_fastrtps_c.dir/rosidl_typesupport_fastrtps_c/ros2_msg/msg/detail/my_msg__type_support_c.cpp.o[0m
[ 41%] [32m[1mLinking CXX shared library libnew_msg__rosidl_typesupport_cpp.so[0m
[ 41%] Built target new_msg__rosidl_typesupport_cpp
[ 45%] [34m[1mGenerating C introspection for ROS interfaces[0m
[ 48%] [32m[1mLinking CXX shared library libnew_msg__rosidl_typesupport_fastrtps_cpp.so[0m
[ 48%] Built target new_msg__rosidl_typesupport_fastrtps_cpp
[ 51%] [34m[1mGenerating C type support dispatch for ROS interfaces[0m
[ 54%] [32m[1mLinking CXX shared library libnew_msg__rosidl_typesupport_introspection_cpp.so[0m
[ 58%] [32m[1mLinking CXX shared library libnew_msg__rosidl_typesupport_fastrtps_c.so[0m
[ 61%] [32mBuilding C object CMakeFiles/new_msg__rosidl_typesupport_introspection_c.dir/rosidl_typesupport_introspection_c/ros2_msg/msg/detail/my_msg__type_support.c.o[0m
[ 64%] [32m[1mLinking C shared library libnew_msg__rosidl_typesupport_introspection_c.so[0m
[ 64%] Built target new_msg__rosidl_typesupport_introspection_cpp
[ 64%] Built target new_msg__rosidl_typesupport_fastrtps_c
[ 64%] Built target new_msg__rosidl_typesupport_introspection_c
[ 67%] [32mBuilding CXX object CMakeFiles/new_msg__rosidl_typesupport_c.dir/rosidl_typesupport_c/ros2_msg/msg/my_msg__type_support.cpp.o[0m
[ 70%] [32m[1mLinking CXX shared library libnew_msg__rosidl_typesupport_c.so[0m
[ 70%] Built target new_msg__rosidl_typesupport_c
[ 70%] Built target new_msg
[ 74%] [34m[1mGenerating Python code for ROS interfaces[0m
[ 74%] Built target new_msg__py
[ 77%] [32mBuilding C object CMakeFiles/new_msg__rosidl_generator_py.dir/rosidl_generator_py/ros2_msg/msg/_my_msg_s.c.o[0m
[ 80%] [32m[1mLinking C shared library rosidl_generator_py/ros2_msg/libnew_msg__rosidl_generator_py.so[0m
[ 80%] Built target new_msg__rosidl_generator_py
[ 83%] [32mBuilding C object CMakeFiles/ros2_msg__rosidl_typesupport_introspection_c__pyext.dir/rosidl_generator_py/ros2_msg/_ros2_msg_s.ep.rosidl_typesupport_introspection_c.c.o[0m
[ 87%] [32mBuilding C object CMakeFiles/ros2_msg__rosidl_typesupport_c__pyext.dir/rosidl_generator_py/ros2_msg/_ros2_msg_s.ep.rosidl_typesupport_c.c.o[0m
[ 90%] [32mBuilding C object CMakeFiles/ros2_msg__rosidl_typesupport_fastrtps_c__pyext.dir/rosidl_generator_py/ros2_msg/_ros2_msg_s.ep.rosidl_typesupport_fastrtps_c.c.o[0m
[ 93%] [32m[1mLinking C shared library rosidl_generator_py/ros2_msg/ros2_msg_s__rosidl_typesupport_c.cpython-310-x86_64-linux-gnu.so[0m
[ 96%] [32m[1mLinking C shared library rosidl_generator_py/ros2_msg/ros2_msg_s__rosidl_typesupport_fastrtps_c.cpython-310-x86_64-linux-gnu.so[0m
[100%] [32m[1mLinking C shared library rosidl_generator_py/ros2_msg/ros2_msg_s__rosidl_typesupport_introspection_c.cpython-310-x86_64-linux-gnu.so[0m
[100%] Built target ros2_msg__rosidl_typesupport_c__pyext
[100%] Built target ros2_msg__rosidl_typesupport_fastrtps_c__pyext
[100%] Built target ros2_msg__rosidl_typesupport_introspection_c__pyext
-- Install configuration: ""
-- Execute custom install script
-- Symlinking: /home/sajjad/Downloads/demo_ros2/ros2_ws/install/ros2_msg/share/ament_index/resource_index/rosidl_interfaces/ros2_msg
-- Symlinking: /home/sajjad/Downloads/demo_ros2/ros2_ws/install/ros2_msg/include/ros2_msg/ros2_msg/msg/detail/my_msg__functions.h
-- Symlinking: /home/sajjad/Downloads/demo_ros2/ros2_ws/install/ros2_msg/include/ros2_msg/ros2_msg/msg/detail/my_msg__struct.h
-- Symlinking: /home/sajjad/Downloads/demo_ros2/ros2_ws/install/ros2_msg/include/ros2_msg/ros2_msg/msg/detail/my_msg__type_support.h
-- Symlinking: /home/sajjad/Downloads/demo_ros2/ros2_ws/install/ros2_msg/include/ros2_msg/ros2_msg/msg/my_msg.h
-- Symlinking: /home/sajjad/Downloads/demo_ros2/ros2_ws/install/ros2_msg/include/ros2_msg/ros2_msg/msg/rosidl_generator_c__visibility_control.h
-- Symlinking: /home/sajjad/Downloads/demo_ros2/ros2_ws/install/ros2_msg/share/ros2_msg/environment/library_path.sh
-- Symlinking: /home/sajjad/Downloads/demo_ros2/ros2_ws/install/ros2_msg/share/ros2_msg/environment/library_path.dsv
-- Symlinking: /home/sajjad/Downloads/demo_ros2/ros2_ws/install/ros2_msg/include/ros2_msg/ros2_msg/msg/detail/my_msg__rosidl_typesupport_fastrtps_c.h
-- Symlinking: /home/sajjad/Downloads/demo_ros2/ros2_ws/install/ros2_msg/include/ros2_msg/ros2_msg/msg/rosidl_typesupport_fastrtps_c__visibility_control.h
-- Symlinking: /home/sajjad/Downloads/demo_ros2/ros2_ws/install/ros2_msg/include/ros2_msg/ros2_msg/msg/detail/my_msg__builder.hpp
-- Symlinking: /home/sajjad/Downloads/demo_ros2/ros2_ws/install/ros2_msg/include/ros2_msg/ros2_msg/msg/detail/my_msg__struct.hpp
-- Symlinking: /home/sajjad/Downloads/demo_ros2/ros2_ws/install/ros2_msg/include/ros2_msg/ros2_msg/msg/detail/my_msg__traits.hpp
-- Symlinking: /home/sajjad/Downloads/demo_ros2/ros2_ws/install/ros2_msg/include/ros2_msg/ros2_msg/msg/my_msg.hpp
-- Symlinking: /home/sajjad/Downloads/demo_ros2/ros2_ws/install/ros2_msg/include/ros2_msg/ros2_msg/msg/detail/my_msg__rosidl_typesupport_fastrtps_cpp.hpp
-- Symlinking: /home/sajjad/Downloads/demo_ros2/ros2_ws/install/ros2_msg/include/ros2_msg/ros2_msg/msg/rosidl_typesupport_fastrtps_cpp__visibility_control.h
-- Symlinking: /home/sajjad/Downloads/demo_ros2/ros2_ws/install/ros2_msg/include/ros2_msg/ros2_msg/msg/detail/my_msg__rosidl_typesupport_introspection_c.h
-- Symlinking: /home/sajjad/Downloads/demo_ros2/ros2_ws/install/ros2_msg/include/ros2_msg/ros2_msg/msg/rosidl_typesupport_introspection_c__visibility_control.h
-- Symlinking: /home/sajjad/Downloads/demo_ros2/ros2_ws/install/ros2_msg/include/ros2_msg/ros2_msg/msg/detail/my_msg__rosidl_typesupport_introspection_cpp.hpp
-- Symlinking: /home/sajjad/Downloads/demo_ros2/ros2_ws/install/ros2_msg/share/ros2_msg/environment/pythonpath.sh
-- Symlinking: /home/sajjad/Downloads/demo_ros2/ros2_ws/install/ros2_msg/share/ros2_msg/environment/pythonpath.dsv
-- Symlinking: /home/sajjad/Downloads/demo_ros2/ros2_ws/install/ros2_msg/local/lib/python3.10/dist-packages/ros2_msg-0.0.0-py3.10.egg-info/PKG-INFO
-- Symlinking: /home/sajjad/Downloads/demo_ros2/ros2_ws/install/ros2_msg/local/lib/python3.10/dist-packages/ros2_msg-0.0.0-py3.10.egg-info/SOURCES.txt
-- Symlinking: /home/sajjad/Downloads/demo_ros2/ros2_ws/install/ros2_msg/local/lib/python3.10/dist-packages/ros2_msg-0.0.0-py3.10.egg-info/dependency_links.txt
-- Symlinking: /home/sajjad/Downloads/demo_ros2/ros2_ws/install/ros2_msg/local/lib/python3.10/dist-packages/ros2_msg-0.0.0-py3.10.egg-info/top_level.txt
-- Symlinking: /home/sajjad/Downloads/demo_ros2/ros2_ws/install/ros2_msg/local/lib/python3.10/dist-packages/ros2_msg/__init__.py
-- Symlinking: /home/sajjad/Downloads/demo_ros2/ros2_ws/install/ros2_msg/local/lib/python3.10/dist-packages/ros2_msg/_ros2_msg_s.ep.rosidl_typesupport_c.c
-- Symlinking: /home/sajjad/Downloads/demo_ros2/ros2_ws/install/ros2_msg/local/lib/python3.10/dist-packages/ros2_msg/_ros2_msg_s.ep.rosidl_typesupport_fastrtps_c.c
-- Symlinking: /home/sajjad/Downloads/demo_ros2/ros2_ws/install/ros2_msg/local/lib/python3.10/dist-packages/ros2_msg/_ros2_msg_s.ep.rosidl_typesupport_introspection_c.c
-- Symlinking: /home/sajjad/Downloads/demo_ros2/ros2_ws/install/ros2_msg/local/lib/python3.10/dist-packages/ros2_msg/libnew_msg__rosidl_generator_py.so
-- Symlinking: /home/sajjad/Downloads/demo_ros2/ros2_ws/install/ros2_msg/local/lib/python3.10/dist-packages/ros2_msg/msg/__init__.py
-- Symlinking: /home/sajjad/Downloads/demo_ros2/ros2_ws/install/ros2_msg/local/lib/python3.10/dist-packages/ros2_msg/msg/_my_msg.py
-- Symlinking: /home/sajjad/Downloads/demo_ros2/ros2_ws/install/ros2_msg/local/lib/python3.10/dist-packages/ros2_msg/msg/_my_msg_s.c
-- Symlinking: /home/sajjad/Downloads/demo_ros2/ros2_ws/install/ros2_msg/local/lib/python3.10/dist-packages/ros2_msg/ros2_msg_s__rosidl_typesupport_c.cpython-310-x86_64-linux-gnu.so
-- Symlinking: /home/sajjad/Downloads/demo_ros2/ros2_ws/install/ros2_msg/local/lib/python3.10/dist-packages/ros2_msg/ros2_msg_s__rosidl_typesupport_fastrtps_c.cpython-310-x86_64-linux-gnu.so
-- Symlinking: /home/sajjad/Downloads/demo_ros2/ros2_ws/install/ros2_msg/local/lib/python3.10/dist-packages/ros2_msg/ros2_msg_s__rosidl_typesupport_introspection_c.cpython-310-x86_64-linux-gnu.so
-- Up-to-date symlink: /home/sajjad/Downloads/demo_ros2/ros2_ws/install/ros2_msg/local/lib/python3.10/dist-packages/ros2_msg/ros2_msg_s__rosidl_typesupport_fastrtps_c.cpython-310-x86_64-linux-gnu.so
-- Up-to-date symlink: /home/sajjad/Downloads/demo_ros2/ros2_ws/install/ros2_msg/local/lib/python3.10/dist-packages/ros2_msg/ros2_msg_s__rosidl_typesupport_introspection_c.cpython-310-x86_64-linux-gnu.so
-- Up-to-date symlink: /home/sajjad/Downloads/demo_ros2/ros2_ws/install/ros2_msg/local/lib/python3.10/dist-packages/ros2_msg/ros2_msg_s__rosidl_typesupport_c.cpython-310-x86_64-linux-gnu.so
-- Symlinking: /home/sajjad/Downloads/demo_ros2/ros2_ws/install/ros2_msg/share/ros2_msg/msg/MyMsg.idl
-- Symlinking: /home/sajjad/Downloads/demo_ros2/ros2_ws/install/ros2_msg/share/ros2_msg/msg/MyMsg.msg
-- Symlinking: /home/sajjad/Downloads/demo_ros2/ros2_ws/install/ros2_msg/share/ament_index/resource_index/package_run_dependencies/ros2_msg
-- Symlinking: /home/sajjad/Downloads/demo_ros2/ros2_ws/install/ros2_msg/share/ament_index/resource_index/parent_prefix_path/ros2_msg
-- Symlinking: /home/sajjad/Downloads/demo_ros2/ros2_ws/install/ros2_msg/share/ros2_msg/environment/ament_prefix_path.sh
-- Symlinking: /home/sajjad/Downloads/demo_ros2/ros2_ws/install/ros2_msg/share/ros2_msg/environment/ament_prefix_path.dsv
-- Symlinking: /home/sajjad/Downloads/demo_ros2/ros2_ws/install/ros2_msg/share/ros2_msg/environment/path.sh
-- Symlinking: /home/sajjad/Downloads/demo_ros2/ros2_ws/install/ros2_msg/share/ros2_msg/environment/path.dsv
-- Symlinking: /home/sajjad/Downloads/demo_ros2/ros2_ws/install/ros2_msg/share/ros2_msg/local_setup.bash
-- Symlinking: /home/sajjad/Downloads/demo_ros2/ros2_ws/install/ros2_msg/share/ros2_msg/local_setup.sh
-- Symlinking: /home/sajjad/Downloads/demo_ros2/ros2_ws/install/ros2_msg/share/ros2_msg/local_setup.zsh
-- Symlinking: /home/sajjad/Downloads/demo_ros2/ros2_ws/install/ros2_msg/share/ros2_msg/local_setup.dsv
-- Symlinking: /home/sajjad/Downloads/demo_ros2/ros2_ws/install/ros2_msg/share/ros2_msg/package.dsv
-- Symlinking: /home/sajjad/Downloads/demo_ros2/ros2_ws/install/ros2_msg/share/ament_index/resource_index/packages/ros2_msg
-- Symlinking: /home/sajjad/Downloads/demo_ros2/ros2_ws/install/ros2_msg/share/ros2_msg/cmake/rosidl_cmake-extras.cmake
-- Symlinking: /home/sajjad/Downloads/demo_ros2/ros2_ws/install/ros2_msg/share/ros2_msg/cmake/ament_cmake_export_dependencies-extras.cmake
-- Symlinking: /home/sajjad/Downloads/demo_ros2/ros2_ws/install/ros2_msg/share/ros2_msg/cmake/ament_cmake_export_include_directories-extras.cmake
-- Symlinking: /home/sajjad/Downloads/demo_ros2/ros2_ws/install/ros2_msg/share/ros2_msg/cmake/ament_cmake_export_libraries-extras.cmake
-- Symlinking: /home/sajjad/Downloads/demo_ros2/ros2_ws/install/ros2_msg/share/ros2_msg/cmake/ament_cmake_export_targets-extras.cmake
-- Symlinking: /home/sajjad/Downloads/demo_ros2/ros2_ws/install/ros2_msg/share/ros2_msg/cmake/rosidl_cmake_export_typesupport_targets-extras.cmake
-- Symlinking: /home/sajjad/Downloads/demo_ros2/ros2_ws/install/ros2_msg/share/ros2_msg/cmake/rosidl_cmake_export_typesupport_libraries-extras.cmake
-- Symlinking: /home/sajjad/Downloads/demo_ros2/ros2_ws/install/ros2_msg/share/ros2_msg/cmake/ros2_msgConfig.cmake
-- Symlinking: /home/sajjad/Downloads/demo_ros2/ros2_ws/install/ros2_msg/share/ros2_msg/cmake/ros2_msgConfig-version.cmake
-- Symlinking: /home/sajjad/Downloads/demo_ros2/ros2_ws/install/ros2_msg/share/ros2_msg/package.xml
-- Installing: /home/sajjad/Downloads/demo_ros2/ros2_ws/install/ros2_msg/lib/libnew_msg__rosidl_generator_c.so
-- Set runtime path of "/home/sajjad/Downloads/demo_ros2/ros2_ws/install/ros2_msg/lib/libnew_msg__rosidl_generator_c.so" to ""
-- Installing: /home/sajjad/Downloads/demo_ros2/ros2_ws/install/ros2_msg/lib/libnew_msg__rosidl_typesupport_fastrtps_c.so
-- Set runtime path of "/home/sajjad/Downloads/demo_ros2/ros2_ws/install/ros2_msg/lib/libnew_msg__rosidl_typesupport_fastrtps_c.so" to ""
-- Installing: /home/sajjad/Downloads/demo_ros2/ros2_ws/install/ros2_msg/lib/libnew_msg__rosidl_typesupport_fastrtps_cpp.so
-- Set runtime path of "/home/sajjad/Downloads/demo_ros2/ros2_ws/install/ros2_msg/lib/libnew_msg__rosidl_typesupport_fastrtps_cpp.so" to ""
-- Installing: /home/sajjad/Downloads/demo_ros2/ros2_ws/install/ros2_msg/lib/libnew_msg__rosidl_typesupport_introspection_c.so
-- Set runtime path of "/home/sajjad/Downloads/demo_ros2/ros2_ws/install/ros2_msg/lib/libnew_msg__rosidl_typesupport_introspection_c.so" to ""
-- Installing: /home/sajjad/Downloads/demo_ros2/ros2_ws/install/ros2_msg/lib/libnew_msg__rosidl_typesupport_c.so
-- Set runtime path of "/home/sajjad/Downloads/demo_ros2/ros2_ws/install/ros2_msg/lib/libnew_msg__rosidl_typesupport_c.so" to ""
-- Installing: /home/sajjad/Downloads/demo_ros2/ros2_ws/install/ros2_msg/lib/libnew_msg__rosidl_typesupport_introspection_cpp.so
-- Set runtime path of "/home/sajjad/Downloads/demo_ros2/ros2_ws/install/ros2_msg/lib/libnew_msg__rosidl_typesupport_introspection_cpp.so" to ""
-- Installing: /home/sajjad/Downloads/demo_ros2/ros2_ws/install/ros2_msg/lib/libnew_msg__rosidl_typesupport_cpp.so
-- Set runtime path of "/home/sajjad/Downloads/demo_ros2/ros2_ws/install/ros2_msg/lib/libnew_msg__rosidl_typesupport_cpp.so" to ""
Listing '/home/sajjad/Downloads/demo_ros2/ros2_ws/install/ros2_msg/local/lib/python3.10/dist-packages/ros2_msg'...
Compiling '/home/sajjad/Downloads/demo_ros2/ros2_ws/install/ros2_msg/local/lib/python3.10/dist-packages/ros2_msg/__init__.py'...
Listing '/home/sajjad/Downloads/demo_ros2/ros2_ws/install/ros2_msg/local/lib/python3.10/dist-packages/ros2_msg/msg'...
Compiling '/home/sajjad/Downloads/demo_ros2/ros2_ws/install/ros2_msg/local/lib/python3.10/dist-packages/ros2_msg/msg/__init__.py'...
Compiling '/home/sajjad/Downloads/demo_ros2/ros2_ws/install/ros2_msg/local/lib/python3.10/dist-packages/ros2_msg/msg/_my_msg.py'...
-- Installing: /home/sajjad/Downloads/demo_ros2/ros2_ws/install/ros2_msg/lib/libnew_msg__rosidl_generator_py.so
-- Set runtime path of "/home/sajjad/Downloads/demo_ros2/ros2_ws/install/ros2_msg/lib/libnew_msg__rosidl_generator_py.so" to ""
-- Installing: /home/sajjad/Downloads/demo_ros2/ros2_ws/install/ros2_msg/share/ros2_msg/cmake/export_new_msg__rosidl_generator_cExport.cmake
-- Installing: /home/sajjad/Downloads/demo_ros2/ros2_ws/install/ros2_msg/share/ros2_msg/cmake/export_new_msg__rosidl_generator_cExport-noconfig.cmake
-- Installing: /home/sajjad/Downloads/demo_ros2/ros2_ws/install/ros2_msg/share/ros2_msg/cmake/export_new_msg__rosidl_typesupport_fastrtps_cExport.cmake
-- Installing: /home/sajjad/Downloads/demo_ros2/ros2_ws/install/ros2_msg/share/ros2_msg/cmake/export_new_msg__rosidl_typesupport_fastrtps_cExport-noconfig.cmake
-- Installing: /home/sajjad/Downloads/demo_ros2/ros2_ws/install/ros2_msg/share/ros2_msg/cmake/export_new_msg__rosidl_generator_cppExport.cmake
-- Installing: /home/sajjad/Downloads/demo_ros2/ros2_ws/install/ros2_msg/share/ros2_msg/cmake/export_new_msg__rosidl_typesupport_fastrtps_cppExport.cmake
-- Installing: /home/sajjad/Downloads/demo_ros2/ros2_ws/install/ros2_msg/share/ros2_msg/cmake/export_new_msg__rosidl_typesupport_fastrtps_cppExport-noconfig.cmake
-- Installing: /home/sajjad/Downloads/demo_ros2/ros2_ws/install/ros2_msg/share/ros2_msg/cmake/new_msg__rosidl_typesupport_introspection_cExport.cmake
-- Installing: /home/sajjad/Downloads/demo_ros2/ros2_ws/install/ros2_msg/share/ros2_msg/cmake/new_msg__rosidl_typesupport_introspection_cExport-noconfig.cmake
-- Installing: /home/sajjad/Downloads/demo_ros2/ros2_ws/install/ros2_msg/share/ros2_msg/cmake/new_msg__rosidl_typesupport_cExport.cmake
-- Installing: /home/sajjad/Downloads/demo_ros2/ros2_ws/install/ros2_msg/share/ros2_msg/cmake/new_msg__rosidl_typesupport_cExport-noconfig.cmake
-- Installing: /home/sajjad/Downloads/demo_ros2/ros2_ws/install/ros2_msg/share/ros2_msg/cmake/new_msg__rosidl_typesupport_introspection_cppExport.cmake
-- Installing: /home/sajjad/Downloads/demo_ros2/ros2_ws/install/ros2_msg/share/ros2_msg/cmake/new_msg__rosidl_typesupport_introspection_cppExport-noconfig.cmake
-- Installing: /home/sajjad/Downloads/demo_ros2/ros2_ws/install/ros2_msg/share/ros2_msg/cmake/new_msg__rosidl_typesupport_cppExport.cmake
-- Installing: /home/sajjad/Downloads/demo_ros2/ros2_ws/install/ros2_msg/share/ros2_msg/cmake/new_msg__rosidl_typesupport_cppExport-noconfig.cmake
-- Installing: /home/sajjad/Downloads/demo_ros2/ros2_ws/install/ros2_msg/share/ros2_msg/cmake/export_new_msg__rosidl_generator_pyExport.cmake
-- Installing: /home/sajjad/Downloads/demo_ros2/ros2_ws/install/ros2_msg/share/ros2_msg/cmake/export_new_msg__rosidl_generator_pyExport-noconfig.cmake
