[0.101s] Invoking command in '/home/sajjad/Downloads/demo_ros2/ros2_ws/build/custom_msg': CMAKE_PREFIX_PATH=${CMAKE_PREFIX_PATH}:/opt/ros/humble /usr/bin/cmake --build /home/sajjad/Downloads/demo_ros2/ros2_ws/build/custom_msg -- -j4 -l4
[0.164s] [35m[1mConsolidate compiler generated dependencies of target custom_msg__rosidl_generator_c[0m
[0.175s] [  3%] Built target custom_msg__cpp
[0.185s] [ 12%] Built target custom_msg__rosidl_generator_c
[0.195s] [35m[1mConsolidate compiler generated dependencies of target custom_msg__rosidl_typesupport_cpp[0m
[0.196s] [35m[1mConsolidate compiler generated dependencies of target custom_msg__rosidl_typesupport_fastrtps_cpp[0m
[0.201s] [ 12%] Built target ament_cmake_python_copy_custom_msg
[0.207s] [35m[1mConsolidate compiler generated dependencies of target custom_msg__rosidl_typesupport_introspection_cpp[0m
[0.222s] [ 32%] Built target custom_msg__rosidl_typesupport_cpp
[0.222s] [ 32%] Built target custom_msg__rosidl_typesupport_fastrtps_cpp
[0.222s] [35m[1mConsolidate compiler generated dependencies of target custom_msg__rosidl_typesupport_fastrtps_c[0m
[0.234s] [ 41%] Built target custom_msg__rosidl_typesupport_introspection_cpp
[0.244s] [35m[1mConsolidate compiler generated dependencies of target custom_msg__rosidl_typesupport_introspection_c[0m
[0.244s] [35m[1mConsolidate compiler generated dependencies of target custom_msg__rosidl_typesupport_c[0m
[0.254s] [ 51%] Built target custom_msg__rosidl_typesupport_fastrtps_c
[0.265s] [ 70%] Built target custom_msg__rosidl_typesupport_c
[0.266s] [ 70%] Built target custom_msg__rosidl_typesupport_introspection_c
[0.294s] [ 70%] Built target custom_msg
[0.323s] [ 74%] Built target custom_msg__py
[0.338s] [35m[1mConsolidate compiler generated dependencies of target custom_msg__rosidl_generator_py[0m
[0.357s] [ 80%] Built target custom_msg__rosidl_generator_py
[0.377s] [35m[1mConsolidate compiler generated dependencies of target custom_msg__rosidl_typesupport_introspection_c__pyext[0m
[0.378s] [35m[1mConsolidate compiler generated dependencies of target custom_msg__rosidl_typesupport_c__pyext[0m
[0.379s] [35m[1mConsolidate compiler generated dependencies of target custom_msg__rosidl_typesupport_fastrtps_c__pyext[0m
[0.404s] [ 87%] Built target custom_msg__rosidl_typesupport_c__pyext
[0.404s] [ 93%] Built target custom_msg__rosidl_typesupport_introspection_c__pyext
[0.408s] [100%] Built target custom_msg__rosidl_typesupport_fastrtps_c__pyext
[0.616s] running egg_info
[0.618s] writing custom_msg.egg-info/PKG-INFO
[0.618s] writing dependency_links to custom_msg.egg-info/dependency_links.txt
[0.619s] writing top-level names to custom_msg.egg-info/top_level.txt
[0.621s] reading manifest file 'custom_msg.egg-info/SOURCES.txt'
[0.622s] writing manifest file 'custom_msg.egg-info/SOURCES.txt'
[0.660s] [100%] Built target ament_cmake_python_build_custom_msg_egg
[0.678s] Invoked command in '/home/sajjad/Downloads/demo_ros2/ros2_ws/build/custom_msg' returned '0': CMAKE_PREFIX_PATH=${CMAKE_PREFIX_PATH}:/opt/ros/humble /usr/bin/cmake --build /home/sajjad/Downloads/demo_ros2/ros2_ws/build/custom_msg -- -j4 -l4
[0.796s] Invoking command in '/home/sajjad/Downloads/demo_ros2/ros2_ws/build/custom_msg': CMAKE_PREFIX_PATH=${CMAKE_PREFIX_PATH}:/opt/ros/humble /usr/bin/cmake --install /home/sajjad/Downloads/demo_ros2/ros2_ws/build/custom_msg
[0.807s] -- Install configuration: ""
[0.807s] -- Up-to-date: /home/sajjad/Downloads/demo_ros2/ros2_ws/install/custom_msg/share/ament_index/resource_index/rosidl_interfaces/custom_msg
[0.807s] -- Up-to-date: /home/sajjad/Downloads/demo_ros2/ros2_ws/install/custom_msg/include/custom_msg/custom_msg
[0.807s] -- Up-to-date: /home/sajjad/Downloads/demo_ros2/ros2_ws/install/custom_msg/include/custom_msg/custom_msg/msg
[0.808s] -- Up-to-date: /home/sajjad/Downloads/demo_ros2/ros2_ws/install/custom_msg/include/custom_msg/custom_msg/msg/log_tf.h
[0.808s] -- Up-to-date: /home/sajjad/Downloads/demo_ros2/ros2_ws/install/custom_msg/include/custom_msg/custom_msg/msg/detail
[0.808s] -- Up-to-date: /home/sajjad/Downloads/demo_ros2/ros2_ws/install/custom_msg/include/custom_msg/custom_msg/msg/detail/log_tf__functions.h
[0.808s] -- Up-to-date: /home/sajjad/Downloads/demo_ros2/ros2_ws/install/custom_msg/include/custom_msg/custom_msg/msg/detail/log_tf__struct.h
[0.808s] -- Up-to-date: /home/sajjad/Downloads/demo_ros2/ros2_ws/install/custom_msg/include/custom_msg/custom_msg/msg/detail/log_tf__functions.c
[0.808s] -- Up-to-date: /home/sajjad/Downloads/demo_ros2/ros2_ws/install/custom_msg/include/custom_msg/custom_msg/msg/detail/log_tf__type_support.h
[0.808s] -- Up-to-date: /home/sajjad/Downloads/demo_ros2/ros2_ws/install/custom_msg/include/custom_msg/custom_msg/msg/rosidl_generator_c__visibility_control.h
[0.809s] -- Up-to-date: /home/sajjad/Downloads/demo_ros2/ros2_ws/install/custom_msg/share/custom_msg/environment/library_path.sh
[0.809s] -- Up-to-date: /home/sajjad/Downloads/demo_ros2/ros2_ws/install/custom_msg/share/custom_msg/environment/library_path.dsv
[0.809s] -- Up-to-date: /home/sajjad/Downloads/demo_ros2/ros2_ws/install/custom_msg/lib/libcustom_msg__rosidl_generator_c.so
[0.809s] -- Up-to-date: /home/sajjad/Downloads/demo_ros2/ros2_ws/install/custom_msg/include/custom_msg/custom_msg
[0.809s] -- Up-to-date: /home/sajjad/Downloads/demo_ros2/ros2_ws/install/custom_msg/include/custom_msg/custom_msg/msg
[0.809s] -- Up-to-date: /home/sajjad/Downloads/demo_ros2/ros2_ws/install/custom_msg/include/custom_msg/custom_msg/msg/detail
[0.809s] -- Up-to-date: /home/sajjad/Downloads/demo_ros2/ros2_ws/install/custom_msg/include/custom_msg/custom_msg/msg/detail/log_tf__rosidl_typesupport_fastrtps_c.h
[0.809s] -- Up-to-date: /home/sajjad/Downloads/demo_ros2/ros2_ws/install/custom_msg/include/custom_msg/custom_msg/msg/rosidl_typesupport_fastrtps_c__visibility_control.h
[0.810s] -- Up-to-date: /home/sajjad/Downloads/demo_ros2/ros2_ws/install/custom_msg/lib/libcustom_msg__rosidl_typesupport_fastrtps_c.so
[0.810s] -- Up-to-date: /home/sajjad/Downloads/demo_ros2/ros2_ws/install/custom_msg/include/custom_msg/custom_msg
[0.810s] -- Up-to-date: /home/sajjad/Downloads/demo_ros2/ros2_ws/install/custom_msg/include/custom_msg/custom_msg/msg
[0.810s] -- Up-to-date: /home/sajjad/Downloads/demo_ros2/ros2_ws/install/custom_msg/include/custom_msg/custom_msg/msg/rosidl_typesupport_introspection_c__visibility_control.h
[0.810s] -- Up-to-date: /home/sajjad/Downloads/demo_ros2/ros2_ws/install/custom_msg/include/custom_msg/custom_msg/msg/detail
[0.810s] -- Up-to-date: /home/sajjad/Downloads/demo_ros2/ros2_ws/install/custom_msg/include/custom_msg/custom_msg/msg/detail/log_tf__rosidl_typesupport_introspection_c.h
[0.810s] -- Up-to-date: /home/sajjad/Downloads/demo_ros2/ros2_ws/install/custom_msg/include/custom_msg/custom_msg/msg/detail/log_tf__type_support.c
[0.810s] -- Up-to-date: /home/sajjad/Downloads/demo_ros2/ros2_ws/install/custom_msg/lib/libcustom_msg__rosidl_typesupport_introspection_c.so
[0.810s] -- Up-to-date: /home/sajjad/Downloads/demo_ros2/ros2_ws/install/custom_msg/lib/libcustom_msg__rosidl_typesupport_c.so
[0.811s] -- Up-to-date: /home/sajjad/Downloads/demo_ros2/ros2_ws/install/custom_msg/include/custom_msg/custom_msg
[0.811s] -- Up-to-date: /home/sajjad/Downloads/demo_ros2/ros2_ws/install/custom_msg/include/custom_msg/custom_msg/msg
[0.811s] -- Up-to-date: /home/sajjad/Downloads/demo_ros2/ros2_ws/install/custom_msg/include/custom_msg/custom_msg/msg/detail
[0.811s] -- Up-to-date: /home/sajjad/Downloads/demo_ros2/ros2_ws/install/custom_msg/include/custom_msg/custom_msg/msg/detail/log_tf__traits.hpp
[0.811s] -- Up-to-date: /home/sajjad/Downloads/demo_ros2/ros2_ws/install/custom_msg/include/custom_msg/custom_msg/msg/detail/log_tf__struct.hpp
[0.812s] -- Up-to-date: /home/sajjad/Downloads/demo_ros2/ros2_ws/install/custom_msg/include/custom_msg/custom_msg/msg/detail/log_tf__builder.hpp
[0.812s] -- Up-to-date: /home/sajjad/Downloads/demo_ros2/ros2_ws/install/custom_msg/include/custom_msg/custom_msg/msg/log_tf.hpp
[0.812s] -- Up-to-date: /home/sajjad/Downloads/demo_ros2/ros2_ws/install/custom_msg/include/custom_msg/custom_msg
[0.812s] -- Up-to-date: /home/sajjad/Downloads/demo_ros2/ros2_ws/install/custom_msg/include/custom_msg/custom_msg/msg
[0.812s] -- Up-to-date: /home/sajjad/Downloads/demo_ros2/ros2_ws/install/custom_msg/include/custom_msg/custom_msg/msg/detail
[0.812s] -- Up-to-date: /home/sajjad/Downloads/demo_ros2/ros2_ws/install/custom_msg/include/custom_msg/custom_msg/msg/detail/log_tf__rosidl_typesupport_fastrtps_cpp.hpp
[0.812s] -- Up-to-date: /home/sajjad/Downloads/demo_ros2/ros2_ws/install/custom_msg/include/custom_msg/custom_msg/msg/detail/dds_fastrtps
[0.813s] -- Up-to-date: /home/sajjad/Downloads/demo_ros2/ros2_ws/install/custom_msg/include/custom_msg/custom_msg/msg/rosidl_typesupport_fastrtps_cpp__visibility_control.h
[0.813s] -- Up-to-date: /home/sajjad/Downloads/demo_ros2/ros2_ws/install/custom_msg/lib/libcustom_msg__rosidl_typesupport_fastrtps_cpp.so
[0.813s] -- Up-to-date: /home/sajjad/Downloads/demo_ros2/ros2_ws/install/custom_msg/include/custom_msg/custom_msg
[0.813s] -- Up-to-date: /home/sajjad/Downloads/demo_ros2/ros2_ws/install/custom_msg/include/custom_msg/custom_msg/msg
[0.813s] -- Up-to-date: /home/sajjad/Downloads/demo_ros2/ros2_ws/install/custom_msg/include/custom_msg/custom_msg/msg/detail
[0.813s] -- Up-to-date: /home/sajjad/Downloads/demo_ros2/ros2_ws/install/custom_msg/include/custom_msg/custom_msg/msg/detail/log_tf__rosidl_typesupport_introspection_cpp.hpp
[0.813s] -- Up-to-date: /home/sajjad/Downloads/demo_ros2/ros2_ws/install/custom_msg/include/custom_msg/custom_msg/msg/detail/log_tf__type_support.cpp
[0.813s] -- Up-to-date: /home/sajjad/Downloads/demo_ros2/ros2_ws/install/custom_msg/lib/libcustom_msg__rosidl_typesupport_introspection_cpp.so
[0.814s] -- Up-to-date: /home/sajjad/Downloads/demo_ros2/ros2_ws/install/custom_msg/lib/libcustom_msg__rosidl_typesupport_cpp.so
[0.814s] -- Up-to-date: /home/sajjad/Downloads/demo_ros2/ros2_ws/install/custom_msg/share/custom_msg/environment/pythonpath.sh
[0.814s] -- Up-to-date: /home/sajjad/Downloads/demo_ros2/ros2_ws/install/custom_msg/share/custom_msg/environment/pythonpath.dsv
[0.814s] -- Up-to-date: /home/sajjad/Downloads/demo_ros2/ros2_ws/install/custom_msg/local/lib/python3.10/dist-packages/custom_msg-0.0.0-py3.10.egg-info
[0.814s] -- Installing: /home/sajjad/Downloads/demo_ros2/ros2_ws/install/custom_msg/local/lib/python3.10/dist-packages/custom_msg-0.0.0-py3.10.egg-info/SOURCES.txt
[0.815s] -- Installing: /home/sajjad/Downloads/demo_ros2/ros2_ws/install/custom_msg/local/lib/python3.10/dist-packages/custom_msg-0.0.0-py3.10.egg-info/PKG-INFO
[0.815s] -- Installing: /home/sajjad/Downloads/demo_ros2/ros2_ws/install/custom_msg/local/lib/python3.10/dist-packages/custom_msg-0.0.0-py3.10.egg-info/dependency_links.txt
[0.815s] -- Installing: /home/sajjad/Downloads/demo_ros2/ros2_ws/install/custom_msg/local/lib/python3.10/dist-packages/custom_msg-0.0.0-py3.10.egg-info/top_level.txt
[0.815s] -- Up-to-date: /home/sajjad/Downloads/demo_ros2/ros2_ws/install/custom_msg/local/lib/python3.10/dist-packages/custom_msg
[0.815s] -- Up-to-date: /home/sajjad/Downloads/demo_ros2/ros2_ws/install/custom_msg/local/lib/python3.10/dist-packages/custom_msg/_custom_msg_s.ep.rosidl_typesupport_introspection_c.c
[0.816s] -- Up-to-date: /home/sajjad/Downloads/demo_ros2/ros2_ws/install/custom_msg/local/lib/python3.10/dist-packages/custom_msg/custom_msg_s__rosidl_typesupport_c.cpython-310-x86_64-linux-gnu.so
[0.816s] -- Up-to-date: /home/sajjad/Downloads/demo_ros2/ros2_ws/install/custom_msg/local/lib/python3.10/dist-packages/custom_msg/_custom_msg_s.ep.rosidl_typesupport_c.c
[0.816s] -- Up-to-date: /home/sajjad/Downloads/demo_ros2/ros2_ws/install/custom_msg/local/lib/python3.10/dist-packages/custom_msg/_custom_msg_s.ep.rosidl_typesupport_fastrtps_c.c
[0.816s] -- Up-to-date: /home/sajjad/Downloads/demo_ros2/ros2_ws/install/custom_msg/local/lib/python3.10/dist-packages/custom_msg/libcustom_msg__rosidl_generator_py.so
[0.816s] -- Up-to-date: /home/sajjad/Downloads/demo_ros2/ros2_ws/install/custom_msg/local/lib/python3.10/dist-packages/custom_msg/custom_msg_s__rosidl_typesupport_fastrtps_c.cpython-310-x86_64-linux-gnu.so
[0.816s] -- Up-to-date: /home/sajjad/Downloads/demo_ros2/ros2_ws/install/custom_msg/local/lib/python3.10/dist-packages/custom_msg/msg
[0.817s] -- Up-to-date: /home/sajjad/Downloads/demo_ros2/ros2_ws/install/custom_msg/local/lib/python3.10/dist-packages/custom_msg/msg/_log_tf_s.c
[0.817s] -- Up-to-date: /home/sajjad/Downloads/demo_ros2/ros2_ws/install/custom_msg/local/lib/python3.10/dist-packages/custom_msg/msg/_log_tf.py
[0.817s] -- Up-to-date: /home/sajjad/Downloads/demo_ros2/ros2_ws/install/custom_msg/local/lib/python3.10/dist-packages/custom_msg/msg/__init__.py
[0.817s] -- Up-to-date: /home/sajjad/Downloads/demo_ros2/ros2_ws/install/custom_msg/local/lib/python3.10/dist-packages/custom_msg/custom_msg_s__rosidl_typesupport_introspection_c.cpython-310-x86_64-linux-gnu.so
[0.817s] -- Up-to-date: /home/sajjad/Downloads/demo_ros2/ros2_ws/install/custom_msg/local/lib/python3.10/dist-packages/custom_msg/__init__.py
[0.857s] Listing '/home/sajjad/Downloads/demo_ros2/ros2_ws/install/custom_msg/local/lib/python3.10/dist-packages/custom_msg'...
[0.857s] Listing '/home/sajjad/Downloads/demo_ros2/ros2_ws/install/custom_msg/local/lib/python3.10/dist-packages/custom_msg/msg'...
[0.863s] -- Up-to-date: /home/sajjad/Downloads/demo_ros2/ros2_ws/install/custom_msg/local/lib/python3.10/dist-packages/custom_msg/custom_msg_s__rosidl_typesupport_fastrtps_c.cpython-310-x86_64-linux-gnu.so
[0.864s] -- Up-to-date: /home/sajjad/Downloads/demo_ros2/ros2_ws/install/custom_msg/local/lib/python3.10/dist-packages/custom_msg/custom_msg_s__rosidl_typesupport_introspection_c.cpython-310-x86_64-linux-gnu.so
[0.865s] -- Up-to-date: /home/sajjad/Downloads/demo_ros2/ros2_ws/install/custom_msg/local/lib/python3.10/dist-packages/custom_msg/custom_msg_s__rosidl_typesupport_c.cpython-310-x86_64-linux-gnu.so
[0.865s] -- Up-to-date: /home/sajjad/Downloads/demo_ros2/ros2_ws/install/custom_msg/lib/libcustom_msg__rosidl_generator_py.so
[0.866s] -- Up-to-date: /home/sajjad/Downloads/demo_ros2/ros2_ws/install/custom_msg/share/custom_msg/msg/LogTf.idl
[0.866s] -- Up-to-date: /home/sajjad/Downloads/demo_ros2/ros2_ws/install/custom_msg/share/custom_msg/msg/LogTf.msg
[0.866s] -- Up-to-date: /home/sajjad/Downloads/demo_ros2/ros2_ws/install/custom_msg/share/ament_index/resource_index/package_run_dependencies/custom_msg
[0.866s] -- Up-to-date: /home/sajjad/Downloads/demo_ros2/ros2_ws/install/custom_msg/share/ament_index/resource_index/parent_prefix_path/custom_msg
[0.866s] -- Up-to-date: /home/sajjad/Downloads/demo_ros2/ros2_ws/install/custom_msg/share/custom_msg/environment/ament_prefix_path.sh
[0.867s] -- Up-to-date: /home/sajjad/Downloads/demo_ros2/ros2_ws/install/custom_msg/share/custom_msg/environment/ament_prefix_path.dsv
[0.867s] -- Up-to-date: /home/sajjad/Downloads/demo_ros2/ros2_ws/install/custom_msg/share/custom_msg/environment/path.sh
[0.867s] -- Up-to-date: /home/sajjad/Downloads/demo_ros2/ros2_ws/install/custom_msg/share/custom_msg/environment/path.dsv
[0.867s] -- Up-to-date: /home/sajjad/Downloads/demo_ros2/ros2_ws/install/custom_msg/share/custom_msg/local_setup.bash
[0.867s] -- Up-to-date: /home/sajjad/Downloads/demo_ros2/ros2_ws/install/custom_msg/share/custom_msg/local_setup.sh
[0.867s] -- Up-to-date: /home/sajjad/Downloads/demo_ros2/ros2_ws/install/custom_msg/share/custom_msg/local_setup.zsh
[0.867s] -- Up-to-date: /home/sajjad/Downloads/demo_ros2/ros2_ws/install/custom_msg/share/custom_msg/local_setup.dsv
[0.868s] -- Installing: /home/sajjad/Downloads/demo_ros2/ros2_ws/install/custom_msg/share/custom_msg/package.dsv
[0.868s] -- Up-to-date: /home/sajjad/Downloads/demo_ros2/ros2_ws/install/custom_msg/share/ament_index/resource_index/packages/custom_msg
[0.868s] -- Up-to-date: /home/sajjad/Downloads/demo_ros2/ros2_ws/install/custom_msg/share/custom_msg/cmake/export_custom_msg__rosidl_generator_cExport.cmake
[0.868s] -- Up-to-date: /home/sajjad/Downloads/demo_ros2/ros2_ws/install/custom_msg/share/custom_msg/cmake/export_custom_msg__rosidl_generator_cExport-noconfig.cmake
[0.868s] -- Up-to-date: /home/sajjad/Downloads/demo_ros2/ros2_ws/install/custom_msg/share/custom_msg/cmake/export_custom_msg__rosidl_typesupport_fastrtps_cExport.cmake
[0.868s] -- Up-to-date: /home/sajjad/Downloads/demo_ros2/ros2_ws/install/custom_msg/share/custom_msg/cmake/export_custom_msg__rosidl_typesupport_fastrtps_cExport-noconfig.cmake
[0.868s] -- Up-to-date: /home/sajjad/Downloads/demo_ros2/ros2_ws/install/custom_msg/share/custom_msg/cmake/custom_msg__rosidl_typesupport_introspection_cExport.cmake
[0.868s] -- Up-to-date: /home/sajjad/Downloads/demo_ros2/ros2_ws/install/custom_msg/share/custom_msg/cmake/custom_msg__rosidl_typesupport_introspection_cExport-noconfig.cmake
[0.868s] -- Up-to-date: /home/sajjad/Downloads/demo_ros2/ros2_ws/install/custom_msg/share/custom_msg/cmake/custom_msg__rosidl_typesupport_cExport.cmake
[0.868s] -- Up-to-date: /home/sajjad/Downloads/demo_ros2/ros2_ws/install/custom_msg/share/custom_msg/cmake/custom_msg__rosidl_typesupport_cExport-noconfig.cmake
[0.869s] -- Up-to-date: /home/sajjad/Downloads/demo_ros2/ros2_ws/install/custom_msg/share/custom_msg/cmake/export_custom_msg__rosidl_generator_cppExport.cmake
[0.869s] -- Up-to-date: /home/sajjad/Downloads/demo_ros2/ros2_ws/install/custom_msg/share/custom_msg/cmake/export_custom_msg__rosidl_typesupport_fastrtps_cppExport.cmake
[0.869s] -- Up-to-date: /home/sajjad/Downloads/demo_ros2/ros2_ws/install/custom_msg/share/custom_msg/cmake/export_custom_msg__rosidl_typesupport_fastrtps_cppExport-noconfig.cmake
[0.869s] -- Up-to-date: /home/sajjad/Downloads/demo_ros2/ros2_ws/install/custom_msg/share/custom_msg/cmake/custom_msg__rosidl_typesupport_introspection_cppExport.cmake
[0.869s] -- Up-to-date: /home/sajjad/Downloads/demo_ros2/ros2_ws/install/custom_msg/share/custom_msg/cmake/custom_msg__rosidl_typesupport_introspection_cppExport-noconfig.cmake
[0.869s] -- Up-to-date: /home/sajjad/Downloads/demo_ros2/ros2_ws/install/custom_msg/share/custom_msg/cmake/custom_msg__rosidl_typesupport_cppExport.cmake
[0.869s] -- Up-to-date: /home/sajjad/Downloads/demo_ros2/ros2_ws/install/custom_msg/share/custom_msg/cmake/custom_msg__rosidl_typesupport_cppExport-noconfig.cmake
[0.870s] -- Up-to-date: /home/sajjad/Downloads/demo_ros2/ros2_ws/install/custom_msg/share/custom_msg/cmake/export_custom_msg__rosidl_generator_pyExport.cmake
[0.870s] -- Up-to-date: /home/sajjad/Downloads/demo_ros2/ros2_ws/install/custom_msg/share/custom_msg/cmake/export_custom_msg__rosidl_generator_pyExport-noconfig.cmake
[0.870s] -- Up-to-date: /home/sajjad/Downloads/demo_ros2/ros2_ws/install/custom_msg/share/custom_msg/cmake/rosidl_cmake-extras.cmake
[0.870s] -- Up-to-date: /home/sajjad/Downloads/demo_ros2/ros2_ws/install/custom_msg/share/custom_msg/cmake/ament_cmake_export_include_directories-extras.cmake
[0.870s] -- Up-to-date: /home/sajjad/Downloads/demo_ros2/ros2_ws/install/custom_msg/share/custom_msg/cmake/ament_cmake_export_libraries-extras.cmake
[0.870s] -- Up-to-date: /home/sajjad/Downloads/demo_ros2/ros2_ws/install/custom_msg/share/custom_msg/cmake/ament_cmake_export_targets-extras.cmake
[0.870s] -- Up-to-date: /home/sajjad/Downloads/demo_ros2/ros2_ws/install/custom_msg/share/custom_msg/cmake/rosidl_cmake_export_typesupport_targets-extras.cmake
[0.871s] -- Up-to-date: /home/sajjad/Downloads/demo_ros2/ros2_ws/install/custom_msg/share/custom_msg/cmake/ament_cmake_export_dependencies-extras.cmake
[0.871s] -- Up-to-date: /home/sajjad/Downloads/demo_ros2/ros2_ws/install/custom_msg/share/custom_msg/cmake/rosidl_cmake_export_typesupport_libraries-extras.cmake
[0.871s] -- Up-to-date: /home/sajjad/Downloads/demo_ros2/ros2_ws/install/custom_msg/share/custom_msg/cmake/custom_msgConfig.cmake
[0.871s] -- Up-to-date: /home/sajjad/Downloads/demo_ros2/ros2_ws/install/custom_msg/share/custom_msg/cmake/custom_msgConfig-version.cmake
[0.871s] -- Up-to-date: /home/sajjad/Downloads/demo_ros2/ros2_ws/install/custom_msg/share/custom_msg/package.xml
[0.873s] Invoked command in '/home/sajjad/Downloads/demo_ros2/ros2_ws/build/custom_msg' returned '0': CMAKE_PREFIX_PATH=${CMAKE_PREFIX_PATH}:/opt/ros/humble /usr/bin/cmake --install /home/sajjad/Downloads/demo_ros2/ros2_ws/build/custom_msg
