[0.102s] Invoking command in '/home/sajjad/Downloads/demo_ros2/ros2_ws/build/pub_sub_custom_msg1': CMAKE_PREFIX_PATH=/home/sajjad/Downloads/demo_ros2/ros2_ws/install/custom_msg1:/home/sajjad/Downloads/demo_ros2/ros2_ws/install/ros2_msg:/home/sajjad/Downloads/demo_ros2/ros2_ws/install/pub_sub_custom_msg1:/home/sajjad/Downloads/demo_ros2/ros2_ws/install/pub_sub_custom_msg:/home/sajjad/Downloads/demo_ros2/ros2_ws/install/my_robot_interfaces:/home/sajjad/Downloads/demo_ros2/ros2_ws/install/custom_msg:/opt/ros/humble LD_LIBRARY_PATH=/home/sajjad/Downloads/demo_ros2/ros2_ws/install/custom_msg1/lib:/home/sajjad/Downloads/demo_ros2/ros2_ws/install/ros2_msg/lib:/home/sajjad/Downloads/demo_ros2/ros2_ws/install/my_robot_interfaces/lib:/home/sajjad/Downloads/demo_ros2/ros2_ws/install/custom_msg/lib:/opt/ros/humble/opt/rviz_ogre_vendor/lib:/opt/ros/humble/lib/x86_64-linux-gnu:/opt/ros/humble/lib /usr/bin/cmake --build /home/sajjad/Downloads/demo_ros2/ros2_ws/build/pub_sub_custom_msg1 -- -j4 -l4
[0.164s] [35m[1mConsolidate compiler generated dependencies of target subscriber[0m
[0.164s] [35m[1mConsolidate compiler generated dependencies of target publisher[0m
[0.189s] [100%] Built target subscriber
[0.189s] [100%] Built target publisher
[0.204s] Invoked command in '/home/sajjad/Downloads/demo_ros2/ros2_ws/build/pub_sub_custom_msg1' returned '0': CMAKE_PREFIX_PATH=/home/sajjad/Downloads/demo_ros2/ros2_ws/install/custom_msg1:/home/sajjad/Downloads/demo_ros2/ros2_ws/install/ros2_msg:/home/sajjad/Downloads/demo_ros2/ros2_ws/install/pub_sub_custom_msg1:/home/sajjad/Downloads/demo_ros2/ros2_ws/install/pub_sub_custom_msg:/home/sajjad/Downloads/demo_ros2/ros2_ws/install/my_robot_interfaces:/home/sajjad/Downloads/demo_ros2/ros2_ws/install/custom_msg:/opt/ros/humble LD_LIBRARY_PATH=/home/sajjad/Downloads/demo_ros2/ros2_ws/install/custom_msg1/lib:/home/sajjad/Downloads/demo_ros2/ros2_ws/install/ros2_msg/lib:/home/sajjad/Downloads/demo_ros2/ros2_ws/install/my_robot_interfaces/lib:/home/sajjad/Downloads/demo_ros2/ros2_ws/install/custom_msg/lib:/opt/ros/humble/opt/rviz_ogre_vendor/lib:/opt/ros/humble/lib/x86_64-linux-gnu:/opt/ros/humble/lib /usr/bin/cmake --build /home/sajjad/Downloads/demo_ros2/ros2_ws/build/pub_sub_custom_msg1 -- -j4 -l4
[0.263s] Invoking command in '/home/sajjad/Downloads/demo_ros2/ros2_ws/build/pub_sub_custom_msg1': CMAKE_PREFIX_PATH=/home/sajjad/Downloads/demo_ros2/ros2_ws/install/custom_msg1:/home/sajjad/Downloads/demo_ros2/ros2_ws/install/ros2_msg:/home/sajjad/Downloads/demo_ros2/ros2_ws/install/pub_sub_custom_msg1:/home/sajjad/Downloads/demo_ros2/ros2_ws/install/pub_sub_custom_msg:/home/sajjad/Downloads/demo_ros2/ros2_ws/install/my_robot_interfaces:/home/sajjad/Downloads/demo_ros2/ros2_ws/install/custom_msg:/opt/ros/humble LD_LIBRARY_PATH=/home/sajjad/Downloads/demo_ros2/ros2_ws/install/custom_msg1/lib:/home/sajjad/Downloads/demo_ros2/ros2_ws/install/ros2_msg/lib:/home/sajjad/Downloads/demo_ros2/ros2_ws/install/my_robot_interfaces/lib:/home/sajjad/Downloads/demo_ros2/ros2_ws/install/custom_msg/lib:/opt/ros/humble/opt/rviz_ogre_vendor/lib:/opt/ros/humble/lib/x86_64-linux-gnu:/opt/ros/humble/lib /usr/bin/cmake --install /home/sajjad/Downloads/demo_ros2/ros2_ws/build/pub_sub_custom_msg1
[0.273s] -- Install configuration: ""
[0.274s] -- Up-to-date: /home/sajjad/Downloads/demo_ros2/ros2_ws/install/pub_sub_custom_msg1/lib/pub_sub_custom_msg1/publisher
[0.275s] -- Up-to-date: /home/sajjad/Downloads/demo_ros2/ros2_ws/install/pub_sub_custom_msg1/lib/pub_sub_custom_msg1/subscriber
[0.275s] -- Up-to-date: /home/sajjad/Downloads/demo_ros2/ros2_ws/install/pub_sub_custom_msg1/share/pub_sub_custom_msg1//launch
[0.275s] -- Up-to-date: /home/sajjad/Downloads/demo_ros2/ros2_ws/install/pub_sub_custom_msg1/share/pub_sub_custom_msg1//launch/pub_sub_launch.py
[0.276s] -- Up-to-date: /home/sajjad/Downloads/demo_ros2/ros2_ws/install/pub_sub_custom_msg1/share/ament_index/resource_index/package_run_dependencies/pub_sub_custom_msg1
[0.276s] -- Up-to-date: /home/sajjad/Downloads/demo_ros2/ros2_ws/install/pub_sub_custom_msg1/share/ament_index/resource_index/parent_prefix_path/pub_sub_custom_msg1
[0.276s] -- Up-to-date: /home/sajjad/Downloads/demo_ros2/ros2_ws/install/pub_sub_custom_msg1/share/pub_sub_custom_msg1/environment/ament_prefix_path.sh
[0.276s] -- Up-to-date: /home/sajjad/Downloads/demo_ros2/ros2_ws/install/pub_sub_custom_msg1/share/pub_sub_custom_msg1/environment/ament_prefix_path.dsv
[0.277s] -- Up-to-date: /home/sajjad/Downloads/demo_ros2/ros2_ws/install/pub_sub_custom_msg1/share/pub_sub_custom_msg1/environment/path.sh
[0.277s] -- Up-to-date: /home/sajjad/Downloads/demo_ros2/ros2_ws/install/pub_sub_custom_msg1/share/pub_sub_custom_msg1/environment/path.dsv
[0.277s] -- Up-to-date: /home/sajjad/Downloads/demo_ros2/ros2_ws/install/pub_sub_custom_msg1/share/pub_sub_custom_msg1/local_setup.bash
[0.277s] -- Up-to-date: /home/sajjad/Downloads/demo_ros2/ros2_ws/install/pub_sub_custom_msg1/share/pub_sub_custom_msg1/local_setup.sh
[0.277s] -- Up-to-date: /home/sajjad/Downloads/demo_ros2/ros2_ws/install/pub_sub_custom_msg1/share/pub_sub_custom_msg1/local_setup.zsh
[0.277s] -- Up-to-date: /home/sajjad/Downloads/demo_ros2/ros2_ws/install/pub_sub_custom_msg1/share/pub_sub_custom_msg1/local_setup.dsv
[0.278s] -- Installing: /home/sajjad/Downloads/demo_ros2/ros2_ws/install/pub_sub_custom_msg1/share/pub_sub_custom_msg1/package.dsv
[0.278s] -- Up-to-date: /home/sajjad/Downloads/demo_ros2/ros2_ws/install/pub_sub_custom_msg1/share/ament_index/resource_index/packages/pub_sub_custom_msg1
[0.278s] -- Up-to-date: /home/sajjad/Downloads/demo_ros2/ros2_ws/install/pub_sub_custom_msg1/share/pub_sub_custom_msg1/cmake/pub_sub_custom_msg1Config.cmake
[0.278s] -- Up-to-date: /home/sajjad/Downloads/demo_ros2/ros2_ws/install/pub_sub_custom_msg1/share/pub_sub_custom_msg1/cmake/pub_sub_custom_msg1Config-version.cmake
[0.278s] -- Up-to-date: /home/sajjad/Downloads/demo_ros2/ros2_ws/install/pub_sub_custom_msg1/share/pub_sub_custom_msg1/package.xml
[0.280s] Invoked command in '/home/sajjad/Downloads/demo_ros2/ros2_ws/build/pub_sub_custom_msg1' returned '0': CMAKE_PREFIX_PATH=/home/sajjad/Downloads/demo_ros2/ros2_ws/install/custom_msg1:/home/sajjad/Downloads/demo_ros2/ros2_ws/install/ros2_msg:/home/sajjad/Downloads/demo_ros2/ros2_ws/install/pub_sub_custom_msg1:/home/sajjad/Downloads/demo_ros2/ros2_ws/install/pub_sub_custom_msg:/home/sajjad/Downloads/demo_ros2/ros2_ws/install/my_robot_interfaces:/home/sajjad/Downloads/demo_ros2/ros2_ws/install/custom_msg:/opt/ros/humble LD_LIBRARY_PATH=/home/sajjad/Downloads/demo_ros2/ros2_ws/install/custom_msg1/lib:/home/sajjad/Downloads/demo_ros2/ros2_ws/install/ros2_msg/lib:/home/sajjad/Downloads/demo_ros2/ros2_ws/install/my_robot_interfaces/lib:/home/sajjad/Downloads/demo_ros2/ros2_ws/install/custom_msg/lib:/opt/ros/humble/opt/rviz_ogre_vendor/lib:/opt/ros/humble/lib/x86_64-linux-gnu:/opt/ros/humble/lib /usr/bin/cmake --install /home/sajjad/Downloads/demo_ros2/ros2_ws/build/pub_sub_custom_msg1
