[1.458s] DEBUG:colcon:Command line arguments: ['/usr/bin/colcon', 'build', '--packages-select', 'pub_sub_custom_msg1']
[1.458s] DEBUG:colcon:Parsed command line arguments: Namespace(log_base=None, log_level=None, verb_name='build', build_base='build', install_base='install', merge_install=False, symlink_install=False, test_result_base=None, continue_on_error=False, executor='parallel', parallel_workers=4, event_handlers=None, ignore_user_meta=False, metas=['./colcon.meta'], base_paths=['.'], packages_ignore=None, packages_ignore_regex=None, paths=None, packages_up_to=None, packages_up_to_regex=None, packages_above=None, packages_above_and_dependencies=None, packages_above_depth=None, packages_select_by_dep=None, packages_skip_by_dep=None, packages_skip_up_to=None, packages_select_build_failed=False, packages_skip_build_finished=False, packages_select_test_failures=False, packages_skip_test_passed=False, packages_select=['pub_sub_custom_msg1'], packages_skip=None, packages_select_regex=None, packages_skip_regex=None, packages_start=None, packages_end=None, allow_overriding=[], cmake_args=None, cmake_target=None, cmake_target_skip_unavailable=False, cmake_clean_cache=False, cmake_clean_first=False, cmake_force_configure=False, ament_cmake_args=None, catkin_cmake_args=None, catkin_skip_building_tests=False, verb_parser=<colcon_defaults.argument_parser.defaults.DefaultArgumentsDecorator object at 0x7fdf419f14e0>, verb_extension=<colcon_core.verb.build.BuildVerb object at 0x7fdf4284b0d0>, main=<bound method BuildVerb.main of <colcon_core.verb.build.BuildVerb object at 0x7fdf4284b0d0>>)
[1.523s] Level 1:colcon.colcon_core.package_discovery:discover_packages(colcon_meta) check parameters
[1.523s] Level 1:colcon.colcon_core.package_discovery:discover_packages(recursive) check parameters
[1.523s] Level 1:colcon.colcon_core.package_discovery:discover_packages(ignore) check parameters
[1.523s] Level 1:colcon.colcon_core.package_discovery:discover_packages(path) check parameters
[1.523s] Level 1:colcon.colcon_core.package_discovery:discover_packages(colcon_meta) discover
[1.523s] Level 1:colcon.colcon_core.package_discovery:discover_packages(recursive) discover
[1.523s] INFO:colcon.colcon_core.package_discovery:Crawling recursively for packages in '/home/sajjad/Downloads/demo_ros2/ros2_ws'
[1.523s] Level 1:colcon.colcon_core.package_identification:_identify(.) by extensions ['ignore', 'ignore_ament_install']
[1.523s] Level 1:colcon.colcon_core.package_identification:_identify(.) by extension 'ignore'
[1.523s] Level 1:colcon.colcon_core.package_identification:_identify(.) by extension 'ignore_ament_install'
[1.523s] Level 1:colcon.colcon_core.package_identification:_identify(.) by extensions ['colcon_pkg']
[1.523s] Level 1:colcon.colcon_core.package_identification:_identify(.) by extension 'colcon_pkg'
[1.524s] Level 1:colcon.colcon_core.package_identification:_identify(.) by extensions ['colcon_meta']
[1.524s] Level 1:colcon.colcon_core.package_identification:_identify(.) by extension 'colcon_meta'
[1.524s] Level 1:colcon.colcon_core.package_identification:_identify(.) by extensions ['ros']
[1.524s] Level 1:colcon.colcon_core.package_identification:_identify(.) by extension 'ros'
[1.537s] Level 1:colcon.colcon_core.package_identification:_identify(.) by extensions ['cmake', 'python']
[1.537s] Level 1:colcon.colcon_core.package_identification:_identify(.) by extension 'cmake'
[1.537s] Level 1:colcon.colcon_core.package_identification:_identify(.) by extension 'python'
[1.537s] Level 1:colcon.colcon_core.package_identification:_identify(.) by extensions ['python_setup_py']
[1.537s] Level 1:colcon.colcon_core.package_identification:_identify(.) by extension 'python_setup_py'
[1.537s] Level 1:colcon.colcon_core.package_identification:_identify(build) by extensions ['ignore', 'ignore_ament_install']
[1.537s] Level 1:colcon.colcon_core.package_identification:_identify(build) by extension 'ignore'
[1.538s] Level 1:colcon.colcon_core.package_identification:_identify(build) ignored
[1.538s] Level 1:colcon.colcon_core.package_identification:_identify(install) by extensions ['ignore', 'ignore_ament_install']
[1.538s] Level 1:colcon.colcon_core.package_identification:_identify(install) by extension 'ignore'
[1.538s] Level 1:colcon.colcon_core.package_identification:_identify(install) ignored
[1.538s] Level 1:colcon.colcon_core.package_identification:_identify(log) by extensions ['ignore', 'ignore_ament_install']
[1.538s] Level 1:colcon.colcon_core.package_identification:_identify(log) by extension 'ignore'
[1.538s] Level 1:colcon.colcon_core.package_identification:_identify(log) ignored
[1.538s] Level 1:colcon.colcon_core.package_identification:_identify(src) by extensions ['ignore', 'ignore_ament_install']
[1.538s] Level 1:colcon.colcon_core.package_identification:_identify(src) by extension 'ignore'
[1.538s] Level 1:colcon.colcon_core.package_identification:_identify(src) by extension 'ignore_ament_install'
[1.538s] Level 1:colcon.colcon_core.package_identification:_identify(src) by extensions ['colcon_pkg']
[1.538s] Level 1:colcon.colcon_core.package_identification:_identify(src) by extension 'colcon_pkg'
[1.539s] Level 1:colcon.colcon_core.package_identification:_identify(src) by extensions ['colcon_meta']
[1.539s] Level 1:colcon.colcon_core.package_identification:_identify(src) by extension 'colcon_meta'
[1.539s] Level 1:colcon.colcon_core.package_identification:_identify(src) by extensions ['ros']
[1.539s] Level 1:colcon.colcon_core.package_identification:_identify(src) by extension 'ros'
[1.539s] Level 1:colcon.colcon_core.package_identification:_identify(src) by extensions ['cmake', 'python']
[1.539s] Level 1:colcon.colcon_core.package_identification:_identify(src) by extension 'cmake'
[1.539s] Level 1:colcon.colcon_core.package_identification:_identify(src) by extension 'python'
[1.539s] Level 1:colcon.colcon_core.package_identification:_identify(src) by extensions ['python_setup_py']
[1.539s] Level 1:colcon.colcon_core.package_identification:_identify(src) by extension 'python_setup_py'
[1.539s] Level 1:colcon.colcon_core.package_identification:_identify(src/custom_msg) by extensions ['ignore', 'ignore_ament_install']
[1.539s] Level 1:colcon.colcon_core.package_identification:_identify(src/custom_msg) by extension 'ignore'
[1.539s] Level 1:colcon.colcon_core.package_identification:_identify(src/custom_msg) by extension 'ignore_ament_install'
[1.539s] Level 1:colcon.colcon_core.package_identification:_identify(src/custom_msg) by extensions ['colcon_pkg']
[1.539s] Level 1:colcon.colcon_core.package_identification:_identify(src/custom_msg) by extension 'colcon_pkg'
[1.539s] Level 1:colcon.colcon_core.package_identification:_identify(src/custom_msg) by extensions ['colcon_meta']
[1.539s] Level 1:colcon.colcon_core.package_identification:_identify(src/custom_msg) by extension 'colcon_meta'
[1.539s] Level 1:colcon.colcon_core.package_identification:_identify(src/custom_msg) by extensions ['ros']
[1.539s] Level 1:colcon.colcon_core.package_identification:_identify(src/custom_msg) by extension 'ros'
[1.543s] DEBUG:colcon.colcon_core.package_identification:Package 'src/custom_msg' with type 'ros.ament_cmake' and name 'custom_msg'
[1.543s] Level 1:colcon.colcon_core.package_identification:_identify(src/custom_msg1) by extensions ['ignore', 'ignore_ament_install']
[1.543s] Level 1:colcon.colcon_core.package_identification:_identify(src/custom_msg1) by extension 'ignore'
[1.543s] Level 1:colcon.colcon_core.package_identification:_identify(src/custom_msg1) by extension 'ignore_ament_install'
[1.543s] Level 1:colcon.colcon_core.package_identification:_identify(src/custom_msg1) by extensions ['colcon_pkg']
[1.543s] Level 1:colcon.colcon_core.package_identification:_identify(src/custom_msg1) by extension 'colcon_pkg'
[1.543s] Level 1:colcon.colcon_core.package_identification:_identify(src/custom_msg1) by extensions ['colcon_meta']
[1.543s] Level 1:colcon.colcon_core.package_identification:_identify(src/custom_msg1) by extension 'colcon_meta'
[1.544s] Level 1:colcon.colcon_core.package_identification:_identify(src/custom_msg1) by extensions ['ros']
[1.544s] Level 1:colcon.colcon_core.package_identification:_identify(src/custom_msg1) by extension 'ros'
[1.544s] DEBUG:colcon.colcon_core.package_identification:Package 'src/custom_msg1' with type 'ros.ament_cmake' and name 'custom_msg1'
[1.545s] Level 1:colcon.colcon_core.package_identification:_identify(src/my_robot_interfaces) by extensions ['ignore', 'ignore_ament_install']
[1.545s] Level 1:colcon.colcon_core.package_identification:_identify(src/my_robot_interfaces) by extension 'ignore'
[1.545s] Level 1:colcon.colcon_core.package_identification:_identify(src/my_robot_interfaces) by extension 'ignore_ament_install'
[1.545s] Level 1:colcon.colcon_core.package_identification:_identify(src/my_robot_interfaces) by extensions ['colcon_pkg']
[1.545s] Level 1:colcon.colcon_core.package_identification:_identify(src/my_robot_interfaces) by extension 'colcon_pkg'
[1.545s] Level 1:colcon.colcon_core.package_identification:_identify(src/my_robot_interfaces) by extensions ['colcon_meta']
[1.545s] Level 1:colcon.colcon_core.package_identification:_identify(src/my_robot_interfaces) by extension 'colcon_meta'
[1.545s] Level 1:colcon.colcon_core.package_identification:_identify(src/my_robot_interfaces) by extensions ['ros']
[1.545s] Level 1:colcon.colcon_core.package_identification:_identify(src/my_robot_interfaces) by extension 'ros'
[1.546s] DEBUG:colcon.colcon_core.package_identification:Package 'src/my_robot_interfaces' with type 'ros.ament_cmake' and name 'my_robot_interfaces'
[1.546s] Level 1:colcon.colcon_core.package_identification:_identify(src/pub_sub_custom_msg) by extensions ['ignore', 'ignore_ament_install']
[1.546s] Level 1:colcon.colcon_core.package_identification:_identify(src/pub_sub_custom_msg) by extension 'ignore'
[1.546s] Level 1:colcon.colcon_core.package_identification:_identify(src/pub_sub_custom_msg) by extension 'ignore_ament_install'
[1.546s] Level 1:colcon.colcon_core.package_identification:_identify(src/pub_sub_custom_msg) by extensions ['colcon_pkg']
[1.546s] Level 1:colcon.colcon_core.package_identification:_identify(src/pub_sub_custom_msg) by extension 'colcon_pkg'
[1.546s] Level 1:colcon.colcon_core.package_identification:_identify(src/pub_sub_custom_msg) by extensions ['colcon_meta']
[1.546s] Level 1:colcon.colcon_core.package_identification:_identify(src/pub_sub_custom_msg) by extension 'colcon_meta'
[1.546s] Level 1:colcon.colcon_core.package_identification:_identify(src/pub_sub_custom_msg) by extensions ['ros']
[1.546s] Level 1:colcon.colcon_core.package_identification:_identify(src/pub_sub_custom_msg) by extension 'ros'
[1.547s] DEBUG:colcon.colcon_core.package_identification:Package 'src/pub_sub_custom_msg' with type 'ros.ament_cmake' and name 'pub_sub_custom_msg'
[1.547s] Level 1:colcon.colcon_core.package_identification:_identify(src/pub_sub_custom_msg1) by extensions ['ignore', 'ignore_ament_install']
[1.547s] Level 1:colcon.colcon_core.package_identification:_identify(src/pub_sub_custom_msg1) by extension 'ignore'
[1.547s] Level 1:colcon.colcon_core.package_identification:_identify(src/pub_sub_custom_msg1) by extension 'ignore_ament_install'
[1.547s] Level 1:colcon.colcon_core.package_identification:_identify(src/pub_sub_custom_msg1) by extensions ['colcon_pkg']
[1.547s] Level 1:colcon.colcon_core.package_identification:_identify(src/pub_sub_custom_msg1) by extension 'colcon_pkg'
[1.547s] Level 1:colcon.colcon_core.package_identification:_identify(src/pub_sub_custom_msg1) by extensions ['colcon_meta']
[1.547s] Level 1:colcon.colcon_core.package_identification:_identify(src/pub_sub_custom_msg1) by extension 'colcon_meta'
[1.548s] Level 1:colcon.colcon_core.package_identification:_identify(src/pub_sub_custom_msg1) by extensions ['ros']
[1.548s] Level 1:colcon.colcon_core.package_identification:_identify(src/pub_sub_custom_msg1) by extension 'ros'
[1.548s] DEBUG:colcon.colcon_core.package_identification:Package 'src/pub_sub_custom_msg1' with type 'ros.ament_cmake' and name 'pub_sub_custom_msg1'
[1.548s] Level 1:colcon.colcon_core.package_identification:_identify(src/ros2_msg) by extensions ['ignore', 'ignore_ament_install']
[1.549s] Level 1:colcon.colcon_core.package_identification:_identify(src/ros2_msg) by extension 'ignore'
[1.549s] Level 1:colcon.colcon_core.package_identification:_identify(src/ros2_msg) by extension 'ignore_ament_install'
[1.549s] Level 1:colcon.colcon_core.package_identification:_identify(src/ros2_msg) by extensions ['colcon_pkg']
[1.549s] Level 1:colcon.colcon_core.package_identification:_identify(src/ros2_msg) by extension 'colcon_pkg'
[1.549s] Level 1:colcon.colcon_core.package_identification:_identify(src/ros2_msg) by extensions ['colcon_meta']
[1.549s] Level 1:colcon.colcon_core.package_identification:_identify(src/ros2_msg) by extension 'colcon_meta'
[1.549s] Level 1:colcon.colcon_core.package_identification:_identify(src/ros2_msg) by extensions ['ros']
[1.549s] Level 1:colcon.colcon_core.package_identification:_identify(src/ros2_msg) by extension 'ros'
[1.550s] DEBUG:colcon.colcon_core.package_identification:Package 'src/ros2_msg' with type 'ros.ament_cmake' and name 'ros2_msg'
[1.550s] Level 1:colcon.colcon_core.package_discovery:discover_packages(recursive) using defaults
[1.550s] Level 1:colcon.colcon_core.package_discovery:discover_packages(ignore) discover
[1.550s] Level 1:colcon.colcon_core.package_discovery:discover_packages(ignore) using defaults
[1.550s] Level 1:colcon.colcon_core.package_discovery:discover_packages(path) discover
[1.550s] Level 1:colcon.colcon_core.package_discovery:discover_packages(path) using defaults
[1.638s] INFO:colcon.colcon_core.package_selection:Skipping not selected package 'custom_msg' in 'src/custom_msg'
[1.638s] INFO:colcon.colcon_core.package_selection:Skipping not selected package 'custom_msg1' in 'src/custom_msg1'
[1.638s] INFO:colcon.colcon_core.package_selection:Skipping not selected package 'my_robot_interfaces' in 'src/my_robot_interfaces'
[1.638s] INFO:colcon.colcon_core.package_selection:Skipping not selected package 'ros2_msg' in 'src/ros2_msg'
[1.638s] INFO:colcon.colcon_core.package_selection:Skipping not selected package 'pub_sub_custom_msg' in 'src/pub_sub_custom_msg'
[1.681s] Level 1:colcon.colcon_core.package_discovery:discover_packages(prefix_path) check parameters
[1.681s] Level 1:colcon.colcon_core.package_discovery:discover_packages(prefix_path) discover
[1.726s] DEBUG:colcon.colcon_installed_package_information.package_discovery:Found 6 installed packages in /home/sajjad/Downloads/demo_ros2/ros2_ws/install
[1.748s] DEBUG:colcon.colcon_installed_package_information.package_discovery:Found 270 installed packages in /opt/ros/humble
[1.750s] Level 1:colcon.colcon_core.package_discovery:discover_packages(prefix_path) using defaults
[1.884s] Level 5:colcon.colcon_core.verb:set package 'pub_sub_custom_msg1' build argument 'cmake_args' from command line to 'None'
[1.884s] Level 5:colcon.colcon_core.verb:set package 'pub_sub_custom_msg1' build argument 'cmake_target' from command line to 'None'
[1.884s] Level 5:colcon.colcon_core.verb:set package 'pub_sub_custom_msg1' build argument 'cmake_target_skip_unavailable' from command line to 'False'
[1.884s] Level 5:colcon.colcon_core.verb:set package 'pub_sub_custom_msg1' build argument 'cmake_clean_cache' from command line to 'False'
[1.884s] Level 5:colcon.colcon_core.verb:set package 'pub_sub_custom_msg1' build argument 'cmake_clean_first' from command line to 'False'
[1.884s] Level 5:colcon.colcon_core.verb:set package 'pub_sub_custom_msg1' build argument 'cmake_force_configure' from command line to 'False'
[1.884s] Level 5:colcon.colcon_core.verb:set package 'pub_sub_custom_msg1' build argument 'ament_cmake_args' from command line to 'None'
[1.884s] Level 5:colcon.colcon_core.verb:set package 'pub_sub_custom_msg1' build argument 'catkin_cmake_args' from command line to 'None'
[1.884s] Level 5:colcon.colcon_core.verb:set package 'pub_sub_custom_msg1' build argument 'catkin_skip_building_tests' from command line to 'False'
[1.884s] DEBUG:colcon.colcon_core.verb:Building package 'pub_sub_custom_msg1' with the following arguments: {'ament_cmake_args': None, 'build_base': '/home/sajjad/Downloads/demo_ros2/ros2_ws/build/pub_sub_custom_msg1', 'catkin_cmake_args': None, 'catkin_skip_building_tests': False, 'cmake_args': None, 'cmake_clean_cache': False, 'cmake_clean_first': False, 'cmake_force_configure': False, 'cmake_target': None, 'cmake_target_skip_unavailable': False, 'install_base': '/home/sajjad/Downloads/demo_ros2/ros2_ws/install/pub_sub_custom_msg1', 'merge_install': False, 'path': '/home/sajjad/Downloads/demo_ros2/ros2_ws/src/pub_sub_custom_msg1', 'symlink_install': False, 'test_result_base': None}
[1.905s] INFO:colcon.colcon_core.executor:Executing jobs using 'parallel' executor
[1.928s] DEBUG:colcon.colcon_parallel_executor.executor.parallel:run_until_complete
[1.928s] INFO:colcon.colcon_ros.task.ament_cmake.build:Building ROS package in '/home/sajjad/Downloads/demo_ros2/ros2_ws/src/pub_sub_custom_msg1' with build type 'ament_cmake'
[1.928s] INFO:colcon.colcon_cmake.task.cmake.build:Building CMake package in '/home/sajjad/Downloads/demo_ros2/ros2_ws/src/pub_sub_custom_msg1'
[1.952s] INFO:colcon.colcon_core.plugin_system:Skipping extension 'colcon_core.shell.bat': Not used on non-Windows systems
[1.953s] INFO:colcon.colcon_core.shell:Skip shell extension 'powershell' for command environment: Not usable outside of PowerShell
[1.953s] DEBUG:colcon.colcon_core.shell:Skip shell extension 'dsv' for command environment
[2.031s] DEBUG:colcon.colcon_core.event_handler.log_command:Invoking command in '/home/sajjad/Downloads/demo_ros2/ros2_ws/build/pub_sub_custom_msg1': CMAKE_PREFIX_PATH=/home/sajjad/Downloads/demo_ros2/ros2_ws/install/custom_msg1:/home/sajjad/Downloads/demo_ros2/ros2_ws/install/ros2_msg:/home/sajjad/Downloads/demo_ros2/ros2_ws/install/pub_sub_custom_msg1:/home/sajjad/Downloads/demo_ros2/ros2_ws/install/pub_sub_custom_msg:/home/sajjad/Downloads/demo_ros2/ros2_ws/install/my_robot_interfaces:/home/sajjad/Downloads/demo_ros2/ros2_ws/install/custom_msg:/opt/ros/humble LD_LIBRARY_PATH=/home/sajjad/Downloads/demo_ros2/ros2_ws/install/custom_msg1/lib:/home/sajjad/Downloads/demo_ros2/ros2_ws/install/ros2_msg/lib:/home/sajjad/Downloads/demo_ros2/ros2_ws/install/my_robot_interfaces/lib:/home/sajjad/Downloads/demo_ros2/ros2_ws/install/custom_msg/lib:/opt/ros/humble/opt/rviz_ogre_vendor/lib:/opt/ros/humble/lib/x86_64-linux-gnu:/opt/ros/humble/lib /usr/bin/cmake --build /home/sajjad/Downloads/demo_ros2/ros2_ws/build/pub_sub_custom_msg1 -- -j4 -l4
[2.133s] DEBUG:colcon.colcon_core.event_handler.log_command:Invoked command in '/home/sajjad/Downloads/demo_ros2/ros2_ws/build/pub_sub_custom_msg1' returned '0': CMAKE_PREFIX_PATH=/home/sajjad/Downloads/demo_ros2/ros2_ws/install/custom_msg1:/home/sajjad/Downloads/demo_ros2/ros2_ws/install/ros2_msg:/home/sajjad/Downloads/demo_ros2/ros2_ws/install/pub_sub_custom_msg1:/home/sajjad/Downloads/demo_ros2/ros2_ws/install/pub_sub_custom_msg:/home/sajjad/Downloads/demo_ros2/ros2_ws/install/my_robot_interfaces:/home/sajjad/Downloads/demo_ros2/ros2_ws/install/custom_msg:/opt/ros/humble LD_LIBRARY_PATH=/home/sajjad/Downloads/demo_ros2/ros2_ws/install/custom_msg1/lib:/home/sajjad/Downloads/demo_ros2/ros2_ws/install/ros2_msg/lib:/home/sajjad/Downloads/demo_ros2/ros2_ws/install/my_robot_interfaces/lib:/home/sajjad/Downloads/demo_ros2/ros2_ws/install/custom_msg/lib:/opt/ros/humble/opt/rviz_ogre_vendor/lib:/opt/ros/humble/lib/x86_64-linux-gnu:/opt/ros/humble/lib /usr/bin/cmake --build /home/sajjad/Downloads/demo_ros2/ros2_ws/build/pub_sub_custom_msg1 -- -j4 -l4
[2.193s] DEBUG:colcon.colcon_core.event_handler.log_command:Invoking command in '/home/sajjad/Downloads/demo_ros2/ros2_ws/build/pub_sub_custom_msg1': CMAKE_PREFIX_PATH=/home/sajjad/Downloads/demo_ros2/ros2_ws/install/custom_msg1:/home/sajjad/Downloads/demo_ros2/ros2_ws/install/ros2_msg:/home/sajjad/Downloads/demo_ros2/ros2_ws/install/pub_sub_custom_msg1:/home/sajjad/Downloads/demo_ros2/ros2_ws/install/pub_sub_custom_msg:/home/sajjad/Downloads/demo_ros2/ros2_ws/install/my_robot_interfaces:/home/sajjad/Downloads/demo_ros2/ros2_ws/install/custom_msg:/opt/ros/humble LD_LIBRARY_PATH=/home/sajjad/Downloads/demo_ros2/ros2_ws/install/custom_msg1/lib:/home/sajjad/Downloads/demo_ros2/ros2_ws/install/ros2_msg/lib:/home/sajjad/Downloads/demo_ros2/ros2_ws/install/my_robot_interfaces/lib:/home/sajjad/Downloads/demo_ros2/ros2_ws/install/custom_msg/lib:/opt/ros/humble/opt/rviz_ogre_vendor/lib:/opt/ros/humble/lib/x86_64-linux-gnu:/opt/ros/humble/lib /usr/bin/cmake --install /home/sajjad/Downloads/demo_ros2/ros2_ws/build/pub_sub_custom_msg1
[2.208s] Level 1:colcon.colcon_core.environment:create_environment_scripts_only(pub_sub_custom_msg1)
[2.209s] DEBUG:colcon.colcon_core.event_handler.log_command:Invoked command in '/home/sajjad/Downloads/demo_ros2/ros2_ws/build/pub_sub_custom_msg1' returned '0': CMAKE_PREFIX_PATH=/home/sajjad/Downloads/demo_ros2/ros2_ws/install/custom_msg1:/home/sajjad/Downloads/demo_ros2/ros2_ws/install/ros2_msg:/home/sajjad/Downloads/demo_ros2/ros2_ws/install/pub_sub_custom_msg1:/home/sajjad/Downloads/demo_ros2/ros2_ws/install/pub_sub_custom_msg:/home/sajjad/Downloads/demo_ros2/ros2_ws/install/my_robot_interfaces:/home/sajjad/Downloads/demo_ros2/ros2_ws/install/custom_msg:/opt/ros/humble LD_LIBRARY_PATH=/home/sajjad/Downloads/demo_ros2/ros2_ws/install/custom_msg1/lib:/home/sajjad/Downloads/demo_ros2/ros2_ws/install/ros2_msg/lib:/home/sajjad/Downloads/demo_ros2/ros2_ws/install/my_robot_interfaces/lib:/home/sajjad/Downloads/demo_ros2/ros2_ws/install/custom_msg/lib:/opt/ros/humble/opt/rviz_ogre_vendor/lib:/opt/ros/humble/lib/x86_64-linux-gnu:/opt/ros/humble/lib /usr/bin/cmake --install /home/sajjad/Downloads/demo_ros2/ros2_ws/build/pub_sub_custom_msg1
[2.234s] Level 1:colcon.colcon_core.environment:checking '/home/sajjad/Downloads/demo_ros2/ros2_ws/install/pub_sub_custom_msg1' for CMake module files
[2.235s] Level 1:colcon.colcon_core.environment:checking '/home/sajjad/Downloads/demo_ros2/ros2_ws/install/pub_sub_custom_msg1' for CMake config files
[2.235s] Level 1:colcon.colcon_core.shell:create_environment_hook('pub_sub_custom_msg1', 'cmake_prefix_path')
[2.257s] INFO:colcon.colcon_core.shell:Creating environment hook '/home/sajjad/Downloads/demo_ros2/ros2_ws/install/pub_sub_custom_msg1/share/pub_sub_custom_msg1/hook/cmake_prefix_path.ps1'
[2.258s] INFO:colcon.colcon_core.shell:Creating environment descriptor '/home/sajjad/Downloads/demo_ros2/ros2_ws/install/pub_sub_custom_msg1/share/pub_sub_custom_msg1/hook/cmake_prefix_path.dsv'
[2.259s] INFO:colcon.colcon_core.shell:Creating environment hook '/home/sajjad/Downloads/demo_ros2/ros2_ws/install/pub_sub_custom_msg1/share/pub_sub_custom_msg1/hook/cmake_prefix_path.sh'
[2.260s] Level 1:colcon.colcon_core.environment:checking '/home/sajjad/Downloads/demo_ros2/ros2_ws/install/pub_sub_custom_msg1/lib'
[2.260s] Level 1:colcon.colcon_core.environment:checking '/home/sajjad/Downloads/demo_ros2/ros2_ws/install/pub_sub_custom_msg1/bin'
[2.260s] Level 1:colcon.colcon_core.environment:checking '/home/sajjad/Downloads/demo_ros2/ros2_ws/install/pub_sub_custom_msg1/lib/pkgconfig/pub_sub_custom_msg1.pc'
[2.261s] Level 1:colcon.colcon_core.environment:checking '/home/sajjad/Downloads/demo_ros2/ros2_ws/install/pub_sub_custom_msg1/lib/python3.10/site-packages'
[2.261s] Level 1:colcon.colcon_core.environment:checking '/home/sajjad/Downloads/demo_ros2/ros2_ws/install/pub_sub_custom_msg1/bin'
[2.283s] INFO:colcon.colcon_core.shell:Creating package script '/home/sajjad/Downloads/demo_ros2/ros2_ws/install/pub_sub_custom_msg1/share/pub_sub_custom_msg1/package.ps1'
[2.284s] INFO:colcon.colcon_core.shell:Creating package descriptor '/home/sajjad/Downloads/demo_ros2/ros2_ws/install/pub_sub_custom_msg1/share/pub_sub_custom_msg1/package.dsv'
[2.285s] INFO:colcon.colcon_core.shell:Creating package script '/home/sajjad/Downloads/demo_ros2/ros2_ws/install/pub_sub_custom_msg1/share/pub_sub_custom_msg1/package.sh'
[2.286s] INFO:colcon.colcon_core.shell:Creating package script '/home/sajjad/Downloads/demo_ros2/ros2_ws/install/pub_sub_custom_msg1/share/pub_sub_custom_msg1/package.bash'
[2.287s] INFO:colcon.colcon_core.shell:Creating package script '/home/sajjad/Downloads/demo_ros2/ros2_ws/install/pub_sub_custom_msg1/share/pub_sub_custom_msg1/package.zsh'
[2.287s] Level 1:colcon.colcon_core.environment:create_file_with_runtime_dependencies(/home/sajjad/Downloads/demo_ros2/ros2_ws/install/pub_sub_custom_msg1/share/colcon-core/packages/pub_sub_custom_msg1)
[2.357s] Level 1:colcon.colcon_core.environment:create_environment_scripts_only(pub_sub_custom_msg1)
[2.392s] Level 1:colcon.colcon_core.environment:checking '/home/sajjad/Downloads/demo_ros2/ros2_ws/install/pub_sub_custom_msg1' for CMake module files
[2.393s] Level 1:colcon.colcon_core.environment:checking '/home/sajjad/Downloads/demo_ros2/ros2_ws/install/pub_sub_custom_msg1' for CMake config files
[2.393s] Level 1:colcon.colcon_core.shell:create_environment_hook('pub_sub_custom_msg1', 'cmake_prefix_path')
[2.416s] INFO:colcon.colcon_core.shell:Creating environment hook '/home/sajjad/Downloads/demo_ros2/ros2_ws/install/pub_sub_custom_msg1/share/pub_sub_custom_msg1/hook/cmake_prefix_path.ps1'
[2.416s] INFO:colcon.colcon_core.shell:Creating environment descriptor '/home/sajjad/Downloads/demo_ros2/ros2_ws/install/pub_sub_custom_msg1/share/pub_sub_custom_msg1/hook/cmake_prefix_path.dsv'
[2.417s] INFO:colcon.colcon_core.shell:Creating environment hook '/home/sajjad/Downloads/demo_ros2/ros2_ws/install/pub_sub_custom_msg1/share/pub_sub_custom_msg1/hook/cmake_prefix_path.sh'
[2.417s] Level 1:colcon.colcon_core.environment:checking '/home/sajjad/Downloads/demo_ros2/ros2_ws/install/pub_sub_custom_msg1/lib'
[2.417s] Level 1:colcon.colcon_core.environment:checking '/home/sajjad/Downloads/demo_ros2/ros2_ws/install/pub_sub_custom_msg1/bin'
[2.418s] Level 1:colcon.colcon_core.environment:checking '/home/sajjad/Downloads/demo_ros2/ros2_ws/install/pub_sub_custom_msg1/lib/pkgconfig/pub_sub_custom_msg1.pc'
[2.418s] Level 1:colcon.colcon_core.environment:checking '/home/sajjad/Downloads/demo_ros2/ros2_ws/install/pub_sub_custom_msg1/lib/python3.10/site-packages'
[2.418s] Level 1:colcon.colcon_core.environment:checking '/home/sajjad/Downloads/demo_ros2/ros2_ws/install/pub_sub_custom_msg1/bin'
[2.440s] INFO:colcon.colcon_core.shell:Creating package script '/home/sajjad/Downloads/demo_ros2/ros2_ws/install/pub_sub_custom_msg1/share/pub_sub_custom_msg1/package.ps1'
[2.441s] INFO:colcon.colcon_core.shell:Creating package descriptor '/home/sajjad/Downloads/demo_ros2/ros2_ws/install/pub_sub_custom_msg1/share/pub_sub_custom_msg1/package.dsv'
[2.442s] INFO:colcon.colcon_core.shell:Creating package script '/home/sajjad/Downloads/demo_ros2/ros2_ws/install/pub_sub_custom_msg1/share/pub_sub_custom_msg1/package.sh'
[2.442s] INFO:colcon.colcon_core.shell:Creating package script '/home/sajjad/Downloads/demo_ros2/ros2_ws/install/pub_sub_custom_msg1/share/pub_sub_custom_msg1/package.bash'
[2.443s] INFO:colcon.colcon_core.shell:Creating package script '/home/sajjad/Downloads/demo_ros2/ros2_ws/install/pub_sub_custom_msg1/share/pub_sub_custom_msg1/package.zsh'
[2.443s] Level 1:colcon.colcon_core.environment:create_file_with_runtime_dependencies(/home/sajjad/Downloads/demo_ros2/ros2_ws/install/pub_sub_custom_msg1/share/colcon-core/packages/pub_sub_custom_msg1)
[2.444s] DEBUG:colcon.colcon_parallel_executor.executor.parallel:closing loop
[2.444s] DEBUG:colcon.colcon_parallel_executor.executor.parallel:loop closed
[2.444s] DEBUG:colcon.colcon_parallel_executor.executor.parallel:run_until_complete finished with '0'
[2.444s] DEBUG:colcon.colcon_core.event_reactor:joining thread
[2.475s] INFO:colcon.colcon_core.plugin_system:Skipping extension 'colcon_notification.desktop_notification.terminal_notifier': Not used on non-Darwin systems
[2.475s] INFO:colcon.colcon_core.plugin_system:Skipping extension 'colcon_notification.desktop_notification.win32': Not used on non-Windows systems
[2.475s] INFO:colcon.colcon_notification.desktop_notification:Sending desktop notification using 'notify2'
[2.489s] DEBUG:colcon.colcon_core.event_reactor:joined thread
[2.516s] INFO:colcon.colcon_core.shell:Creating prefix script '/home/sajjad/Downloads/demo_ros2/ros2_ws/install/local_setup.ps1'
[2.517s] INFO:colcon.colcon_core.shell:Creating prefix util module '/home/sajjad/Downloads/demo_ros2/ros2_ws/install/_local_setup_util_ps1.py'
[2.518s] INFO:colcon.colcon_core.shell:Creating prefix chain script '/home/sajjad/Downloads/demo_ros2/ros2_ws/install/setup.ps1'
[2.543s] INFO:colcon.colcon_core.shell:Creating prefix script '/home/sajjad/Downloads/demo_ros2/ros2_ws/install/local_setup.sh'
[2.544s] INFO:colcon.colcon_core.shell:Creating prefix util module '/home/sajjad/Downloads/demo_ros2/ros2_ws/install/_local_setup_util_sh.py'
[2.545s] INFO:colcon.colcon_core.shell:Creating prefix chain script '/home/sajjad/Downloads/demo_ros2/ros2_ws/install/setup.sh'
[2.568s] INFO:colcon.colcon_core.shell:Creating prefix script '/home/sajjad/Downloads/demo_ros2/ros2_ws/install/local_setup.bash'
[2.569s] INFO:colcon.colcon_core.shell:Creating prefix chain script '/home/sajjad/Downloads/demo_ros2/ros2_ws/install/setup.bash'
[2.594s] INFO:colcon.colcon_core.shell:Creating prefix script '/home/sajjad/Downloads/demo_ros2/ros2_ws/install/local_setup.zsh'
[2.595s] INFO:colcon.colcon_core.shell:Creating prefix chain script '/home/sajjad/Downloads/demo_ros2/ros2_ws/install/setup.zsh'
