[0.081s] Invoking command in '/home/sajjad/Downloads/demo_ros2/ros2_ws/build/pub_sub_custom_msg1': AMENT_PREFIX_PATH=/home/sajjad/Downloads/demo_ros2/ros2_ws/install/custom_msg:${AMENT_PREFIX_PATH} CMAKE_PREFIX_PATH=/home/sajjad/Downloads/demo_ros2/ros2_ws/install/custom_msg:/opt/ros/humble LD_LIBRARY_PATH=/home/sajjad/Downloads/demo_ros2/ros2_ws/install/custom_msg/lib:${LD_LIBRARY_PATH} PYTHONPATH=/home/sajjad/Downloads/demo_ros2/ros2_ws/install/custom_msg/local/lib/python3.10/dist-packages:${PYTHONPATH} /usr/bin/cmake /home/sajjad/Downloads/demo_ros2/ros2_ws/src/pub_sub_custom_msg1 -DCMAKE_INSTALL_PREFIX=/home/sajjad/Downloads/demo_ros2/ros2_ws/install/pub_sub_custom_msg1
[0.152s] -- The C compiler identification is GNU 11.4.0
[0.225s] -- The CXX compiler identification is GNU 11.4.0
[0.235s] -- Detecting C compiler ABI info
[0.325s] -- Detecting C compiler ABI info - done
[0.334s] -- Check for working C compiler: /usr/bin/cc - skipped
[0.335s] -- Detecting C compile features
[0.335s] -- Detecting C compile features - done
[0.339s] -- Detecting CXX compiler ABI info
[0.447s] -- Detecting CXX compiler ABI info - done
[0.456s] -- Check for working CXX compiler: /usr/bin/c++ - skipped
[0.457s] -- Detecting CXX compile features
[0.457s] -- Detecting CXX compile features - done
[0.460s] -- Found ament_cmake: 1.3.5 (/opt/ros/humble/share/ament_cmake/cmake)
[0.679s] -- Found Python3: /usr/bin/python3.10 (found version "3.10.12") found components: Interpreter 
[0.786s] -- Found rclcpp: 16.0.6 (/opt/ros/humble/share/rclcpp/cmake)
[0.839s] -- Found rosidl_generator_c: 3.1.5 (/opt/ros/humble/share/rosidl_generator_c/cmake)
[0.844s] -- Found rosidl_adapter: 3.1.5 (/opt/ros/humble/share/rosidl_adapter/cmake)
[0.855s] -- Found rosidl_generator_cpp: 3.1.5 (/opt/ros/humble/share/rosidl_generator_cpp/cmake)
[0.873s] -- Using all available rosidl_typesupport_c: rosidl_typesupport_fastrtps_c;rosidl_typesupport_introspection_c
[0.897s] -- Using all available rosidl_typesupport_cpp: rosidl_typesupport_fastrtps_cpp;rosidl_typesupport_introspection_cpp
[0.989s] -- Found rmw_implementation_cmake: 6.1.1 (/opt/ros/humble/share/rmw_implementation_cmake/cmake)
[0.992s] -- Found rmw_fastrtps_cpp: 6.2.4 (/opt/ros/humble/share/rmw_fastrtps_cpp/cmake)
[1.124s] -- Found OpenSSL: /usr/lib/x86_64-linux-gnu/libcrypto.so (found version "3.0.2")  
[1.157s] -- Found FastRTPS: /opt/ros/humble/include  
[1.217s] -- Using RMW implementation 'rmw_fastrtps_cpp' as default
[1.229s] -- Looking for pthread.h
[1.324s] -- Looking for pthread.h - found
[1.324s] -- Performing Test CMAKE_HAVE_LIBC_PTHREAD
[1.421s] -- Performing Test CMAKE_HAVE_LIBC_PTHREAD - Success
[1.422s] -- Found Threads: TRUE  
[1.644s] -- Found custom_msg: 0.0.0 (/home/sajjad/Downloads/demo_ros2/ros2_ws/install/custom_msg/share/custom_msg/cmake)
[1.667s] -- Found ament_lint_auto: 0.12.8 (/opt/ros/humble/share/ament_lint_auto/cmake)
[1.767s] [31mCMake Error at /opt/ros/humble/share/ament_cmake_target_dependencies/cmake/ament_target_dependencies.cmake:77 (message):
[1.767s]   ament_target_dependencies() the passed package name 'custom_msg1' was not
[1.767s]   found before
[1.767s] Call Stack (most recent call first):
[1.767s]   CMakeLists.txt:40 (ament_target_dependencies)
[1.767s] 
[1.768s] [0m
[1.768s] -- Configuring incomplete, errors occurred!
[1.768s] See also "/home/sajjad/Downloads/demo_ros2/ros2_ws/build/pub_sub_custom_msg1/CMakeFiles/CMakeOutput.log".
[1.779s] Invoked command in '/home/sajjad/Downloads/demo_ros2/ros2_ws/build/pub_sub_custom_msg1' returned '1': AMENT_PREFIX_PATH=/home/sajjad/Downloads/demo_ros2/ros2_ws/install/custom_msg:${AMENT_PREFIX_PATH} CMAKE_PREFIX_PATH=/home/sajjad/Downloads/demo_ros2/ros2_ws/install/custom_msg:/opt/ros/humble LD_LIBRARY_PATH=/home/sajjad/Downloads/demo_ros2/ros2_ws/install/custom_msg/lib:${LD_LIBRARY_PATH} PYTHONPATH=/home/sajjad/Downloads/demo_ros2/ros2_ws/install/custom_msg/local/lib/python3.10/dist-packages:${PYTHONPATH} /usr/bin/cmake /home/sajjad/Downloads/demo_ros2/ros2_ws/src/pub_sub_custom_msg1 -DCMAKE_INSTALL_PREFIX=/home/sajjad/Downloads/demo_ros2/ros2_ws/install/pub_sub_custom_msg1
