[0.105s] Invoking command in '/home/sajjad/Downloads/demo_ros2/ros2_ws/build/pub_sub_custom_msg1': CMAKE_PREFIX_PATH=/home/sajjad/Downloads/demo_ros2/ros2_ws/install/custom_msg1:/home/sajjad/Downloads/demo_ros2/ros2_ws/install/ros2_msg:/home/sajjad/Downloads/demo_ros2/ros2_ws/install/pub_sub_custom_msg1:/home/sajjad/Downloads/demo_ros2/ros2_ws/install/pub_sub_custom_msg:/home/sajjad/Downloads/demo_ros2/ros2_ws/install/my_robot_interfaces:/home/sajjad/Downloads/demo_ros2/ros2_ws/install/custom_msg:/opt/ros/humble LD_LIBRARY_PATH=/home/sajjad/Downloads/demo_ros2/ros2_ws/install/custom_msg1/lib:/home/sajjad/Downloads/demo_ros2/ros2_ws/install/ros2_msg/lib:/home/sajjad/Downloads/demo_ros2/ros2_ws/install/my_robot_interfaces/lib:/home/sajjad/Downloads/demo_ros2/ros2_ws/install/custom_msg/lib:/opt/ros/humble/opt/rviz_ogre_vendor/lib:/opt/ros/humble/lib/x86_64-linux-gnu:/opt/ros/humble/lib /usr/bin/cmake --build /home/sajjad/Downloads/demo_ros2/ros2_ws/build/pub_sub_custom_msg1 -- -j4 -l4
[0.142s] -- Found ament_cmake: 1.3.5 (/opt/ros/humble/share/ament_cmake/cmake)
[0.333s] -- Found rclcpp: 16.0.6 (/opt/ros/humble/share/rclcpp/cmake)
[0.372s] -- Found rosidl_generator_c: 3.1.5 (/opt/ros/humble/share/rosidl_generator_c/cmake)
[0.375s] -- Found rosidl_adapter: 3.1.5 (/opt/ros/humble/share/rosidl_adapter/cmake)
[0.384s] -- Found rosidl_generator_cpp: 3.1.5 (/opt/ros/humble/share/rosidl_generator_cpp/cmake)
[0.399s] -- Using all available rosidl_typesupport_c: rosidl_typesupport_fastrtps_c;rosidl_typesupport_introspection_c
[0.419s] -- Using all available rosidl_typesupport_cpp: rosidl_typesupport_fastrtps_cpp;rosidl_typesupport_introspection_cpp
[0.498s] -- Found rmw_implementation_cmake: 6.1.1 (/opt/ros/humble/share/rmw_implementation_cmake/cmake)
[0.500s] -- Found rmw_fastrtps_cpp: 6.2.4 (/opt/ros/humble/share/rmw_fastrtps_cpp/cmake)
[0.658s] -- Using RMW implementation 'rmw_fastrtps_cpp' as default
[0.885s] -- Found custom_msg1: 0.0.0 (/home/sajjad/Downloads/demo_ros2/ros2_ws/install/custom_msg1/share/custom_msg1/cmake)
[0.914s] -- Found ament_lint_auto: 0.12.8 (/opt/ros/humble/share/ament_lint_auto/cmake)
[1.033s] -- Added test 'copyright' to check source files copyright and LICENSE
[1.036s] -- Added test 'cppcheck' to perform static code analysis on C / C++ code
[1.036s] -- Configured cppcheck include dirs: 
[1.036s] -- Configured cppcheck exclude dirs and/or files: 
[1.038s] -- Added test 'cpplint' to check C / C++ code against the Google style
[1.038s] -- Configured cpplint exclude dirs and/or files: 
[1.038s] -- Added test 'flake8' to check Python code syntax and style conventions
[1.039s] -- Added test 'lint_cmake' to check CMake code style
[1.040s] -- Added test 'pep257' to check Python code against some of the docstring style conventions in PEP 257
[1.041s] -- Added test 'uncrustify' to check C / C++ code style
[1.041s] -- Configured uncrustify additional arguments: 
[1.041s] -- Added test 'xmllint' to check XML markup files
[1.042s] -- Configuring done
[1.061s] -- Generating done
[1.063s] -- Build files have been written to: /home/sajjad/Downloads/demo_ros2/ros2_ws/build/pub_sub_custom_msg1
[1.113s] [ 50%] [32mBuilding CXX object CMakeFiles/subscriber1.dir/src/sub.cpp.o[0m
[1.113s] [ 50%] [32mBuilding CXX object CMakeFiles/publisher1.dir/src/pub.cpp.o[0m
[4.434s] In file included from [01m[K/opt/ros/humble/include/rclcpp/rclcpp/logging.hpp:24[m[K,
[4.434s]                  from [01m[K/opt/ros/humble/include/rclcpp/rclcpp/client.hpp:40[m[K,
[4.434s]                  from [01m[K/opt/ros/humble/include/rclcpp/rclcpp/callback_group.hpp:24[m[K,
[4.434s]                  from [01m[K/opt/ros/humble/include/rclcpp/rclcpp/any_executable.hpp:20[m[K,
[4.435s]                  from [01m[K/opt/ros/humble/include/rclcpp/rclcpp/memory_strategy.hpp:25[m[K,
[4.435s]                  from [01m[K/opt/ros/humble/include/rclcpp/rclcpp/memory_strategies.hpp:18[m[K,
[4.435s]                  from [01m[K/opt/ros/humble/include/rclcpp/rclcpp/executor_options.hpp:20[m[K,
[4.435s]                  from [01m[K/opt/ros/humble/include/rclcpp/rclcpp/executor.hpp:37[m[K,
[4.435s]                  from [01m[K/opt/ros/humble/include/rclcpp/rclcpp/executors/multi_threaded_executor.hpp:25[m[K,
[4.435s]                  from [01m[K/opt/ros/humble/include/rclcpp/rclcpp/executors.hpp:21[m[K,
[4.436s]                  from [01m[K/opt/ros/humble/include/rclcpp/rclcpp/rclcpp.hpp:155[m[K,
[4.436s]                  from [01m[K/home/sajjad/Downloads/demo_ros2/ros2_ws/src/pub_sub_custom_msg1/src/sub.cpp:6[m[K:
[4.436s] [01m[K/home/sajjad/Downloads/demo_ros2/ros2_ws/src/pub_sub_custom_msg1/src/sub.cpp:[m[K In member function ‘[01m[Kvoid SubscriberNode::callback(custom_msg1::msg::LogTf_<std::allocator<void> >::SharedPtr) const[m[K’:
[4.436s] [01m[K/home/sajjad/Downloads/demo_ros2/ros2_ws/src/pub_sub_custom_msg1/src/sub.cpp:35:39:[m[K [01;35m[Kwarning: [m[Kformat ‘[01m[K%d[m[K’ expects argument of type ‘[01m[Kint[m[K’, but argument 5 has type ‘[01m[Kcustom_msg1::msg::LogTf_<std::allocator<void> >::_volt_type[m[K’ {aka ‘[01m[Klong int[m[K’} [[01;35m[K]8;;https://gcc.gnu.org/onlinedocs/gcc/Warning-Options.html#index-Wformat=-Wformat=]8;;[m[K]
[4.436s]    35 |       RCLCPP_INFO(this->get_logger(), [01;35m[K"%d"[m[K, [32m[Kmsg->volt[m[K); //change
[4.436s]       |                                       [01;35m[K^~~~[m[K  [32m[K~~~~~~~~~[m[K
[4.436s]       |                                                  [32m[K|[m[K
[4.437s]       |                                                  [32m[Kcustom_msg1::msg::LogTf_<std::allocator<void> >::_volt_type {aka long int}[m[K
[4.437s] [01m[K/home/sajjad/Downloads/demo_ros2/ros2_ws/src/pub_sub_custom_msg1/src/sub.cpp:35:41:[m[K [01;36m[Knote: [m[Kformat string is defined here
[4.437s]    35 |       RCLCPP_INFO(this->get_logger(), "[01;36m[K%d[m[K", msg->volt); //change
[4.437s]       |                                        [01;36m[K~^[m[K
[4.437s]       |                                         [01;36m[K|[m[K
[4.437s]       |                                         [01;36m[Kint[m[K
[4.437s]       |                                        [32m[K%ld[m[K
[4.437s] In file included from [01m[K/opt/ros/humble/include/rclcpp/rclcpp/logging.hpp:24[m[K,
[4.437s]                  from [01m[K/opt/ros/humble/include/rclcpp/rclcpp/client.hpp:40[m[K,
[4.438s]                  from [01m[K/opt/ros/humble/include/rclcpp/rclcpp/callback_group.hpp:24[m[K,
[4.438s]                  from [01m[K/opt/ros/humble/include/rclcpp/rclcpp/any_executable.hpp:20[m[K,
[4.438s]                  from [01m[K/opt/ros/humble/include/rclcpp/rclcpp/memory_strategy.hpp:25[m[K,
[4.438s]                  from [01m[K/opt/ros/humble/include/rclcpp/rclcpp/memory_strategies.hpp:18[m[K,
[4.438s]                  from [01m[K/opt/ros/humble/include/rclcpp/rclcpp/executor_options.hpp:20[m[K,
[4.438s]                  from [01m[K/opt/ros/humble/include/rclcpp/rclcpp/executor.hpp:37[m[K,
[4.439s]                  from [01m[K/opt/ros/humble/include/rclcpp/rclcpp/executors/multi_threaded_executor.hpp:25[m[K,
[4.439s]                  from [01m[K/opt/ros/humble/include/rclcpp/rclcpp/executors.hpp:21[m[K,
[4.439s]                  from [01m[K/opt/ros/humble/include/rclcpp/rclcpp/rclcpp.hpp:155[m[K,
[4.439s]                  from [01m[K/home/sajjad/Downloads/demo_ros2/ros2_ws/src/pub_sub_custom_msg1/src/sub.cpp:6[m[K:
[4.439s] [01m[K/home/sajjad/Downloads/demo_ros2/ros2_ws/src/pub_sub_custom_msg1/src/sub.cpp:37:39:[m[K [01;35m[Kwarning: [m[Kformat ‘[01m[K%d[m[K’ expects argument of type ‘[01m[Kint[m[K’, but argument 5 has type ‘[01m[Kcustom_msg1::msg::LogTf_<std::allocator<void> >::_amp_type[m[K’ {aka ‘[01m[Klong int[m[K’} [[01;35m[K]8;;https://gcc.gnu.org/onlinedocs/gcc/Warning-Options.html#index-Wformat=-Wformat=]8;;[m[K]
[4.439s]    37 |       RCLCPP_INFO(this->get_logger(), [01;35m[K"%d"[m[K, [32m[Kmsg->amp[m[K); //change
[4.439s]       |                                       [01;35m[K^~~~[m[K  [32m[K~~~~~~~~[m[K
[4.439s]       |                                                  [32m[K|[m[K
[4.440s]       |                                                  [32m[Kcustom_msg1::msg::LogTf_<std::allocator<void> >::_amp_type {aka long int}[m[K
[4.440s] [01m[K/home/sajjad/Downloads/demo_ros2/ros2_ws/src/pub_sub_custom_msg1/src/sub.cpp:37:41:[m[K [01;36m[Knote: [m[Kformat string is defined here
[4.440s]    37 |       RCLCPP_INFO(this->get_logger(), "[01;36m[K%d[m[K", msg->amp); //change
[4.440s]       |                                        [01;36m[K~^[m[K
[4.440s]       |                                         [01;36m[K|[m[K
[4.440s]       |                                         [01;36m[Kint[m[K
[4.440s]       |                                        [32m[K%ld[m[K
[7.139s] [ 75%] [32m[1mLinking CXX executable publisher1[0m
[7.445s] [ 75%] Built target publisher1
[11.904s] [100%] [32m[1mLinking CXX executable subscriber1[0m
[12.490s] [100%] Built target subscriber1
[12.507s] Invoked command in '/home/sajjad/Downloads/demo_ros2/ros2_ws/build/pub_sub_custom_msg1' returned '0': CMAKE_PREFIX_PATH=/home/sajjad/Downloads/demo_ros2/ros2_ws/install/custom_msg1:/home/sajjad/Downloads/demo_ros2/ros2_ws/install/ros2_msg:/home/sajjad/Downloads/demo_ros2/ros2_ws/install/pub_sub_custom_msg1:/home/sajjad/Downloads/demo_ros2/ros2_ws/install/pub_sub_custom_msg:/home/sajjad/Downloads/demo_ros2/ros2_ws/install/my_robot_interfaces:/home/sajjad/Downloads/demo_ros2/ros2_ws/install/custom_msg:/opt/ros/humble LD_LIBRARY_PATH=/home/sajjad/Downloads/demo_ros2/ros2_ws/install/custom_msg1/lib:/home/sajjad/Downloads/demo_ros2/ros2_ws/install/ros2_msg/lib:/home/sajjad/Downloads/demo_ros2/ros2_ws/install/my_robot_interfaces/lib:/home/sajjad/Downloads/demo_ros2/ros2_ws/install/custom_msg/lib:/opt/ros/humble/opt/rviz_ogre_vendor/lib:/opt/ros/humble/lib/x86_64-linux-gnu:/opt/ros/humble/lib /usr/bin/cmake --build /home/sajjad/Downloads/demo_ros2/ros2_ws/build/pub_sub_custom_msg1 -- -j4 -l4
[12.565s] Invoking command in '/home/sajjad/Downloads/demo_ros2/ros2_ws/build/pub_sub_custom_msg1': CMAKE_PREFIX_PATH=/home/sajjad/Downloads/demo_ros2/ros2_ws/install/custom_msg1:/home/sajjad/Downloads/demo_ros2/ros2_ws/install/ros2_msg:/home/sajjad/Downloads/demo_ros2/ros2_ws/install/pub_sub_custom_msg1:/home/sajjad/Downloads/demo_ros2/ros2_ws/install/pub_sub_custom_msg:/home/sajjad/Downloads/demo_ros2/ros2_ws/install/my_robot_interfaces:/home/sajjad/Downloads/demo_ros2/ros2_ws/install/custom_msg:/opt/ros/humble LD_LIBRARY_PATH=/home/sajjad/Downloads/demo_ros2/ros2_ws/install/custom_msg1/lib:/home/sajjad/Downloads/demo_ros2/ros2_ws/install/ros2_msg/lib:/home/sajjad/Downloads/demo_ros2/ros2_ws/install/my_robot_interfaces/lib:/home/sajjad/Downloads/demo_ros2/ros2_ws/install/custom_msg/lib:/opt/ros/humble/opt/rviz_ogre_vendor/lib:/opt/ros/humble/lib/x86_64-linux-gnu:/opt/ros/humble/lib /usr/bin/cmake --install /home/sajjad/Downloads/demo_ros2/ros2_ws/build/pub_sub_custom_msg1
[12.576s] -- Install configuration: ""
[12.576s] -- Installing: /home/sajjad/Downloads/demo_ros2/ros2_ws/install/pub_sub_custom_msg1/lib/pub_sub_custom_msg1/publisher1
[12.578s] -- Set runtime path of "/home/sajjad/Downloads/demo_ros2/ros2_ws/install/pub_sub_custom_msg1/lib/pub_sub_custom_msg1/publisher1" to ""
[12.578s] -- Installing: /home/sajjad/Downloads/demo_ros2/ros2_ws/install/pub_sub_custom_msg1/lib/pub_sub_custom_msg1/subscriber1
[12.584s] -- Set runtime path of "/home/sajjad/Downloads/demo_ros2/ros2_ws/install/pub_sub_custom_msg1/lib/pub_sub_custom_msg1/subscriber1" to ""
[12.584s] -- Up-to-date: /home/sajjad/Downloads/demo_ros2/ros2_ws/install/pub_sub_custom_msg1/share/pub_sub_custom_msg1//launch
[12.584s] -- Installing: /home/sajjad/Downloads/demo_ros2/ros2_ws/install/pub_sub_custom_msg1/share/pub_sub_custom_msg1//launch/pub_sub_launch.py
[12.585s] -- Up-to-date: /home/sajjad/Downloads/demo_ros2/ros2_ws/install/pub_sub_custom_msg1/share/ament_index/resource_index/package_run_dependencies/pub_sub_custom_msg1
[12.585s] -- Installing: /home/sajjad/Downloads/demo_ros2/ros2_ws/install/pub_sub_custom_msg1/share/ament_index/resource_index/parent_prefix_path/pub_sub_custom_msg1
[12.585s] -- Up-to-date: /home/sajjad/Downloads/demo_ros2/ros2_ws/install/pub_sub_custom_msg1/share/pub_sub_custom_msg1/environment/ament_prefix_path.sh
[12.585s] -- Installing: /home/sajjad/Downloads/demo_ros2/ros2_ws/install/pub_sub_custom_msg1/share/pub_sub_custom_msg1/environment/ament_prefix_path.dsv
[12.585s] -- Up-to-date: /home/sajjad/Downloads/demo_ros2/ros2_ws/install/pub_sub_custom_msg1/share/pub_sub_custom_msg1/environment/path.sh
[12.586s] -- Installing: /home/sajjad/Downloads/demo_ros2/ros2_ws/install/pub_sub_custom_msg1/share/pub_sub_custom_msg1/environment/path.dsv
[12.586s] -- Up-to-date: /home/sajjad/Downloads/demo_ros2/ros2_ws/install/pub_sub_custom_msg1/share/pub_sub_custom_msg1/local_setup.bash
[12.586s] -- Up-to-date: /home/sajjad/Downloads/demo_ros2/ros2_ws/install/pub_sub_custom_msg1/share/pub_sub_custom_msg1/local_setup.sh
[12.586s] -- Up-to-date: /home/sajjad/Downloads/demo_ros2/ros2_ws/install/pub_sub_custom_msg1/share/pub_sub_custom_msg1/local_setup.zsh
[12.586s] -- Installing: /home/sajjad/Downloads/demo_ros2/ros2_ws/install/pub_sub_custom_msg1/share/pub_sub_custom_msg1/local_setup.dsv
[12.587s] -- Installing: /home/sajjad/Downloads/demo_ros2/ros2_ws/install/pub_sub_custom_msg1/share/pub_sub_custom_msg1/package.dsv
[12.587s] -- Up-to-date: /home/sajjad/Downloads/demo_ros2/ros2_ws/install/pub_sub_custom_msg1/share/ament_index/resource_index/packages/pub_sub_custom_msg1
[12.587s] -- Up-to-date: /home/sajjad/Downloads/demo_ros2/ros2_ws/install/pub_sub_custom_msg1/share/pub_sub_custom_msg1/cmake/pub_sub_custom_msg1Config.cmake
[12.587s] -- Up-to-date: /home/sajjad/Downloads/demo_ros2/ros2_ws/install/pub_sub_custom_msg1/share/pub_sub_custom_msg1/cmake/pub_sub_custom_msg1Config-version.cmake
[12.587s] -- Up-to-date: /home/sajjad/Downloads/demo_ros2/ros2_ws/install/pub_sub_custom_msg1/share/pub_sub_custom_msg1/package.xml
[12.589s] Invoked command in '/home/sajjad/Downloads/demo_ros2/ros2_ws/build/pub_sub_custom_msg1' returned '0': CMAKE_PREFIX_PATH=/home/sajjad/Downloads/demo_ros2/ros2_ws/install/custom_msg1:/home/sajjad/Downloads/demo_ros2/ros2_ws/install/ros2_msg:/home/sajjad/Downloads/demo_ros2/ros2_ws/install/pub_sub_custom_msg1:/home/sajjad/Downloads/demo_ros2/ros2_ws/install/pub_sub_custom_msg:/home/sajjad/Downloads/demo_ros2/ros2_ws/install/my_robot_interfaces:/home/sajjad/Downloads/demo_ros2/ros2_ws/install/custom_msg:/opt/ros/humble LD_LIBRARY_PATH=/home/sajjad/Downloads/demo_ros2/ros2_ws/install/custom_msg1/lib:/home/sajjad/Downloads/demo_ros2/ros2_ws/install/ros2_msg/lib:/home/sajjad/Downloads/demo_ros2/ros2_ws/install/my_robot_interfaces/lib:/home/sajjad/Downloads/demo_ros2/ros2_ws/install/custom_msg/lib:/opt/ros/humble/opt/rviz_ogre_vendor/lib:/opt/ros/humble/lib/x86_64-linux-gnu:/opt/ros/humble/lib /usr/bin/cmake --install /home/sajjad/Downloads/demo_ros2/ros2_ws/build/pub_sub_custom_msg1
