[  9%] Built target custom_msg1__rosidl_generator_c
[ 12%] Built target custom_msg1__cpp
[ 12%] Built target ament_cmake_python_copy_custom_msg1
[ 22%] Built target custom_msg1__rosidl_typesupport_introspection_c
[ 32%] Built target custom_msg1__rosidl_typesupport_fastrtps_c
[ 41%] Built target custom_msg1__rosidl_typesupport_c
[ 51%] Built target custom_msg1__rosidl_typesupport_fastrtps_cpp
[ 61%] Built target custom_msg1__rosidl_typesupport_introspection_cpp
[ 70%] Built target custom_msg1__rosidl_typesupport_cpp
[ 70%] Built target custom_msg1
[ 74%] Built target custom_msg1__py
[ 80%] Built target custom_msg1__rosidl_generator_py
[ 87%] Built target custom_msg1__rosidl_typesupport_fastrtps_c__pyext
[ 93%] Built target custom_msg1__rosidl_typesupport_introspection_c__pyext
[100%] Built target custom_msg1__rosidl_typesupport_c__pyext
running egg_info
writing custom_msg1.egg-info/PKG-INFO
writing dependency_links to custom_msg1.egg-info/dependency_links.txt
writing top-level names to custom_msg1.egg-info/top_level.txt
reading manifest file 'custom_msg1.egg-info/SOURCES.txt'
writing manifest file 'custom_msg1.egg-info/SOURCES.txt'
[100%] Built target ament_cmake_python_build_custom_msg1_egg
-- Install configuration: ""
-- Installing: /home/sajjad/Downloads/demo_ros2/ros2_ws/install/custom_msg1/share/ament_index/resource_index/rosidl_interfaces/custom_msg1
-- Installing: /home/sajjad/Downloads/demo_ros2/ros2_ws/install/custom_msg1/include/custom_msg1/custom_msg1
-- Installing: /home/sajjad/Downloads/demo_ros2/ros2_ws/install/custom_msg1/include/custom_msg1/custom_msg1/msg
-- Installing: /home/sajjad/Downloads/demo_ros2/ros2_ws/install/custom_msg1/include/custom_msg1/custom_msg1/msg/log_tf.h
-- Installing: /home/sajjad/Downloads/demo_ros2/ros2_ws/install/custom_msg1/include/custom_msg1/custom_msg1/msg/detail
-- Installing: /home/sajjad/Downloads/demo_ros2/ros2_ws/install/custom_msg1/include/custom_msg1/custom_msg1/msg/detail/log_tf__functions.h
-- Installing: /home/sajjad/Downloads/demo_ros2/ros2_ws/install/custom_msg1/include/custom_msg1/custom_msg1/msg/detail/log_tf__struct.h
-- Installing: /home/sajjad/Downloads/demo_ros2/ros2_ws/install/custom_msg1/include/custom_msg1/custom_msg1/msg/detail/log_tf__functions.c
-- Installing: /home/sajjad/Downloads/demo_ros2/ros2_ws/install/custom_msg1/include/custom_msg1/custom_msg1/msg/detail/log_tf__type_support.h
-- Installing: /home/sajjad/Downloads/demo_ros2/ros2_ws/install/custom_msg1/include/custom_msg1/custom_msg1/msg/rosidl_generator_c__visibility_control.h
-- Installing: /home/sajjad/Downloads/demo_ros2/ros2_ws/install/custom_msg1/share/custom_msg1/environment/library_path.sh
-- Installing: /home/sajjad/Downloads/demo_ros2/ros2_ws/install/custom_msg1/share/custom_msg1/environment/library_path.dsv
-- Installing: /home/sajjad/Downloads/demo_ros2/ros2_ws/install/custom_msg1/lib/libcustom_msg1__rosidl_generator_c.so
-- Set runtime path of "/home/sajjad/Downloads/demo_ros2/ros2_ws/install/custom_msg1/lib/libcustom_msg1__rosidl_generator_c.so" to ""
-- Up-to-date: /home/sajjad/Downloads/demo_ros2/ros2_ws/install/custom_msg1/include/custom_msg1/custom_msg1
-- Up-to-date: /home/sajjad/Downloads/demo_ros2/ros2_ws/install/custom_msg1/include/custom_msg1/custom_msg1/msg
-- Up-to-date: /home/sajjad/Downloads/demo_ros2/ros2_ws/install/custom_msg1/include/custom_msg1/custom_msg1/msg/detail
-- Installing: /home/sajjad/Downloads/demo_ros2/ros2_ws/install/custom_msg1/include/custom_msg1/custom_msg1/msg/detail/log_tf__rosidl_typesupport_fastrtps_c.h
-- Installing: /home/sajjad/Downloads/demo_ros2/ros2_ws/install/custom_msg1/include/custom_msg1/custom_msg1/msg/rosidl_typesupport_fastrtps_c__visibility_control.h
-- Installing: /home/sajjad/Downloads/demo_ros2/ros2_ws/install/custom_msg1/lib/libcustom_msg1__rosidl_typesupport_fastrtps_c.so
-- Set runtime path of "/home/sajjad/Downloads/demo_ros2/ros2_ws/install/custom_msg1/lib/libcustom_msg1__rosidl_typesupport_fastrtps_c.so" to ""
-- Up-to-date: /home/sajjad/Downloads/demo_ros2/ros2_ws/install/custom_msg1/include/custom_msg1/custom_msg1
-- Up-to-date: /home/sajjad/Downloads/demo_ros2/ros2_ws/install/custom_msg1/include/custom_msg1/custom_msg1/msg
-- Installing: /home/sajjad/Downloads/demo_ros2/ros2_ws/install/custom_msg1/include/custom_msg1/custom_msg1/msg/rosidl_typesupport_introspection_c__visibility_control.h
-- Up-to-date: /home/sajjad/Downloads/demo_ros2/ros2_ws/install/custom_msg1/include/custom_msg1/custom_msg1/msg/detail
-- Installing: /home/sajjad/Downloads/demo_ros2/ros2_ws/install/custom_msg1/include/custom_msg1/custom_msg1/msg/detail/log_tf__rosidl_typesupport_introspection_c.h
-- Installing: /home/sajjad/Downloads/demo_ros2/ros2_ws/install/custom_msg1/include/custom_msg1/custom_msg1/msg/detail/log_tf__type_support.c
-- Installing: /home/sajjad/Downloads/demo_ros2/ros2_ws/install/custom_msg1/lib/libcustom_msg1__rosidl_typesupport_introspection_c.so
-- Set runtime path of "/home/sajjad/Downloads/demo_ros2/ros2_ws/install/custom_msg1/lib/libcustom_msg1__rosidl_typesupport_introspection_c.so" to ""
-- Installing: /home/sajjad/Downloads/demo_ros2/ros2_ws/install/custom_msg1/lib/libcustom_msg1__rosidl_typesupport_c.so
-- Set runtime path of "/home/sajjad/Downloads/demo_ros2/ros2_ws/install/custom_msg1/lib/libcustom_msg1__rosidl_typesupport_c.so" to ""
-- Up-to-date: /home/sajjad/Downloads/demo_ros2/ros2_ws/install/custom_msg1/include/custom_msg1/custom_msg1
-- Up-to-date: /home/sajjad/Downloads/demo_ros2/ros2_ws/install/custom_msg1/include/custom_msg1/custom_msg1/msg
-- Up-to-date: /home/sajjad/Downloads/demo_ros2/ros2_ws/install/custom_msg1/include/custom_msg1/custom_msg1/msg/detail
-- Installing: /home/sajjad/Downloads/demo_ros2/ros2_ws/install/custom_msg1/include/custom_msg1/custom_msg1/msg/detail/log_tf__traits.hpp
-- Installing: /home/sajjad/Downloads/demo_ros2/ros2_ws/install/custom_msg1/include/custom_msg1/custom_msg1/msg/detail/log_tf__struct.hpp
-- Installing: /home/sajjad/Downloads/demo_ros2/ros2_ws/install/custom_msg1/include/custom_msg1/custom_msg1/msg/detail/log_tf__builder.hpp
-- Installing: /home/sajjad/Downloads/demo_ros2/ros2_ws/install/custom_msg1/include/custom_msg1/custom_msg1/msg/log_tf.hpp
-- Up-to-date: /home/sajjad/Downloads/demo_ros2/ros2_ws/install/custom_msg1/include/custom_msg1/custom_msg1
-- Up-to-date: /home/sajjad/Downloads/demo_ros2/ros2_ws/install/custom_msg1/include/custom_msg1/custom_msg1/msg
-- Up-to-date: /home/sajjad/Downloads/demo_ros2/ros2_ws/install/custom_msg1/include/custom_msg1/custom_msg1/msg/detail
-- Installing: /home/sajjad/Downloads/demo_ros2/ros2_ws/install/custom_msg1/include/custom_msg1/custom_msg1/msg/detail/log_tf__rosidl_typesupport_fastrtps_cpp.hpp
-- Installing: /home/sajjad/Downloads/demo_ros2/ros2_ws/install/custom_msg1/include/custom_msg1/custom_msg1/msg/detail/dds_fastrtps
-- Installing: /home/sajjad/Downloads/demo_ros2/ros2_ws/install/custom_msg1/include/custom_msg1/custom_msg1/msg/rosidl_typesupport_fastrtps_cpp__visibility_control.h
-- Installing: /home/sajjad/Downloads/demo_ros2/ros2_ws/install/custom_msg1/lib/libcustom_msg1__rosidl_typesupport_fastrtps_cpp.so
-- Set runtime path of "/home/sajjad/Downloads/demo_ros2/ros2_ws/install/custom_msg1/lib/libcustom_msg1__rosidl_typesupport_fastrtps_cpp.so" to ""
-- Up-to-date: /home/sajjad/Downloads/demo_ros2/ros2_ws/install/custom_msg1/include/custom_msg1/custom_msg1
-- Up-to-date: /home/sajjad/Downloads/demo_ros2/ros2_ws/install/custom_msg1/include/custom_msg1/custom_msg1/msg
-- Up-to-date: /home/sajjad/Downloads/demo_ros2/ros2_ws/install/custom_msg1/include/custom_msg1/custom_msg1/msg/detail
-- Installing: /home/sajjad/Downloads/demo_ros2/ros2_ws/install/custom_msg1/include/custom_msg1/custom_msg1/msg/detail/log_tf__rosidl_typesupport_introspection_cpp.hpp
-- Installing: /home/sajjad/Downloads/demo_ros2/ros2_ws/install/custom_msg1/include/custom_msg1/custom_msg1/msg/detail/log_tf__type_support.cpp
-- Installing: /home/sajjad/Downloads/demo_ros2/ros2_ws/install/custom_msg1/lib/libcustom_msg1__rosidl_typesupport_introspection_cpp.so
-- Set runtime path of "/home/sajjad/Downloads/demo_ros2/ros2_ws/install/custom_msg1/lib/libcustom_msg1__rosidl_typesupport_introspection_cpp.so" to ""
-- Installing: /home/sajjad/Downloads/demo_ros2/ros2_ws/install/custom_msg1/lib/libcustom_msg1__rosidl_typesupport_cpp.so
-- Set runtime path of "/home/sajjad/Downloads/demo_ros2/ros2_ws/install/custom_msg1/lib/libcustom_msg1__rosidl_typesupport_cpp.so" to ""
-- Installing: /home/sajjad/Downloads/demo_ros2/ros2_ws/install/custom_msg1/share/custom_msg1/environment/pythonpath.sh
-- Installing: /home/sajjad/Downloads/demo_ros2/ros2_ws/install/custom_msg1/share/custom_msg1/environment/pythonpath.dsv
-- Installing: /home/sajjad/Downloads/demo_ros2/ros2_ws/install/custom_msg1/local/lib/python3.10/dist-packages/custom_msg1-0.0.0-py3.10.egg-info
-- Installing: /home/sajjad/Downloads/demo_ros2/ros2_ws/install/custom_msg1/local/lib/python3.10/dist-packages/custom_msg1-0.0.0-py3.10.egg-info/SOURCES.txt
-- Installing: /home/sajjad/Downloads/demo_ros2/ros2_ws/install/custom_msg1/local/lib/python3.10/dist-packages/custom_msg1-0.0.0-py3.10.egg-info/PKG-INFO
-- Installing: /home/sajjad/Downloads/demo_ros2/ros2_ws/install/custom_msg1/local/lib/python3.10/dist-packages/custom_msg1-0.0.0-py3.10.egg-info/dependency_links.txt
-- Installing: /home/sajjad/Downloads/demo_ros2/ros2_ws/install/custom_msg1/local/lib/python3.10/dist-packages/custom_msg1-0.0.0-py3.10.egg-info/top_level.txt
-- Installing: /home/sajjad/Downloads/demo_ros2/ros2_ws/install/custom_msg1/local/lib/python3.10/dist-packages/custom_msg1
-- Installing: /home/sajjad/Downloads/demo_ros2/ros2_ws/install/custom_msg1/local/lib/python3.10/dist-packages/custom_msg1/custom_msg1_s__rosidl_typesupport_fastrtps_c.cpython-310-x86_64-linux-gnu.so
-- Installing: /home/sajjad/Downloads/demo_ros2/ros2_ws/install/custom_msg1/local/lib/python3.10/dist-packages/custom_msg1/_custom_msg1_s.ep.rosidl_typesupport_c.c
-- Installing: /home/sajjad/Downloads/demo_ros2/ros2_ws/install/custom_msg1/local/lib/python3.10/dist-packages/custom_msg1/custom_msg1_s__rosidl_typesupport_introspection_c.cpython-310-x86_64-linux-gnu.so
-- Installing: /home/sajjad/Downloads/demo_ros2/ros2_ws/install/custom_msg1/local/lib/python3.10/dist-packages/custom_msg1/custom_msg1_s__rosidl_typesupport_c.cpython-310-x86_64-linux-gnu.so
-- Installing: /home/sajjad/Downloads/demo_ros2/ros2_ws/install/custom_msg1/local/lib/python3.10/dist-packages/custom_msg1/_custom_msg1_s.ep.rosidl_typesupport_fastrtps_c.c
-- Installing: /home/sajjad/Downloads/demo_ros2/ros2_ws/install/custom_msg1/local/lib/python3.10/dist-packages/custom_msg1/_custom_msg1_s.ep.rosidl_typesupport_introspection_c.c
-- Installing: /home/sajjad/Downloads/demo_ros2/ros2_ws/install/custom_msg1/local/lib/python3.10/dist-packages/custom_msg1/libcustom_msg1__rosidl_generator_py.so
-- Installing: /home/sajjad/Downloads/demo_ros2/ros2_ws/install/custom_msg1/local/lib/python3.10/dist-packages/custom_msg1/msg
-- Installing: /home/sajjad/Downloads/demo_ros2/ros2_ws/install/custom_msg1/local/lib/python3.10/dist-packages/custom_msg1/msg/_log_tf_s.c
-- Installing: /home/sajjad/Downloads/demo_ros2/ros2_ws/install/custom_msg1/local/lib/python3.10/dist-packages/custom_msg1/msg/_log_tf.py
-- Installing: /home/sajjad/Downloads/demo_ros2/ros2_ws/install/custom_msg1/local/lib/python3.10/dist-packages/custom_msg1/msg/__init__.py
-- Installing: /home/sajjad/Downloads/demo_ros2/ros2_ws/install/custom_msg1/local/lib/python3.10/dist-packages/custom_msg1/__init__.py
Listing '/home/sajjad/Downloads/demo_ros2/ros2_ws/install/custom_msg1/local/lib/python3.10/dist-packages/custom_msg1'...
Compiling '/home/sajjad/Downloads/demo_ros2/ros2_ws/install/custom_msg1/local/lib/python3.10/dist-packages/custom_msg1/__init__.py'...
Listing '/home/sajjad/Downloads/demo_ros2/ros2_ws/install/custom_msg1/local/lib/python3.10/dist-packages/custom_msg1/msg'...
Compiling '/home/sajjad/Downloads/demo_ros2/ros2_ws/install/custom_msg1/local/lib/python3.10/dist-packages/custom_msg1/msg/__init__.py'...
Compiling '/home/sajjad/Downloads/demo_ros2/ros2_ws/install/custom_msg1/local/lib/python3.10/dist-packages/custom_msg1/msg/_log_tf.py'...
-- Installing: /home/sajjad/Downloads/demo_ros2/ros2_ws/install/custom_msg1/local/lib/python3.10/dist-packages/custom_msg1/custom_msg1_s__rosidl_typesupport_fastrtps_c.cpython-310-x86_64-linux-gnu.so
-- Set runtime path of "/home/sajjad/Downloads/demo_ros2/ros2_ws/install/custom_msg1/local/lib/python3.10/dist-packages/custom_msg1/custom_msg1_s__rosidl_typesupport_fastrtps_c.cpython-310-x86_64-linux-gnu.so" to ""
-- Installing: /home/sajjad/Downloads/demo_ros2/ros2_ws/install/custom_msg1/local/lib/python3.10/dist-packages/custom_msg1/custom_msg1_s__rosidl_typesupport_introspection_c.cpython-310-x86_64-linux-gnu.so
-- Set runtime path of "/home/sajjad/Downloads/demo_ros2/ros2_ws/install/custom_msg1/local/lib/python3.10/dist-packages/custom_msg1/custom_msg1_s__rosidl_typesupport_introspection_c.cpython-310-x86_64-linux-gnu.so" to ""
-- Installing: /home/sajjad/Downloads/demo_ros2/ros2_ws/install/custom_msg1/local/lib/python3.10/dist-packages/custom_msg1/custom_msg1_s__rosidl_typesupport_c.cpython-310-x86_64-linux-gnu.so
-- Set runtime path of "/home/sajjad/Downloads/demo_ros2/ros2_ws/install/custom_msg1/local/lib/python3.10/dist-packages/custom_msg1/custom_msg1_s__rosidl_typesupport_c.cpython-310-x86_64-linux-gnu.so" to ""
-- Installing: /home/sajjad/Downloads/demo_ros2/ros2_ws/install/custom_msg1/lib/libcustom_msg1__rosidl_generator_py.so
-- Set runtime path of "/home/sajjad/Downloads/demo_ros2/ros2_ws/install/custom_msg1/lib/libcustom_msg1__rosidl_generator_py.so" to ""
-- Installing: /home/sajjad/Downloads/demo_ros2/ros2_ws/install/custom_msg1/share/custom_msg1/msg/LogTf.idl
-- Installing: /home/sajjad/Downloads/demo_ros2/ros2_ws/install/custom_msg1/share/custom_msg1/msg/LogTf.msg
-- Installing: /home/sajjad/Downloads/demo_ros2/ros2_ws/install/custom_msg1/share/ament_index/resource_index/package_run_dependencies/custom_msg1
-- Installing: /home/sajjad/Downloads/demo_ros2/ros2_ws/install/custom_msg1/share/ament_index/resource_index/parent_prefix_path/custom_msg1
-- Installing: /home/sajjad/Downloads/demo_ros2/ros2_ws/install/custom_msg1/share/custom_msg1/environment/ament_prefix_path.sh
-- Installing: /home/sajjad/Downloads/demo_ros2/ros2_ws/install/custom_msg1/share/custom_msg1/environment/ament_prefix_path.dsv
-- Installing: /home/sajjad/Downloads/demo_ros2/ros2_ws/install/custom_msg1/share/custom_msg1/environment/path.sh
-- Installing: /home/sajjad/Downloads/demo_ros2/ros2_ws/install/custom_msg1/share/custom_msg1/environment/path.dsv
-- Installing: /home/sajjad/Downloads/demo_ros2/ros2_ws/install/custom_msg1/share/custom_msg1/local_setup.bash
-- Installing: /home/sajjad/Downloads/demo_ros2/ros2_ws/install/custom_msg1/share/custom_msg1/local_setup.sh
-- Installing: /home/sajjad/Downloads/demo_ros2/ros2_ws/install/custom_msg1/share/custom_msg1/local_setup.zsh
-- Installing: /home/sajjad/Downloads/demo_ros2/ros2_ws/install/custom_msg1/share/custom_msg1/local_setup.dsv
-- Installing: /home/sajjad/Downloads/demo_ros2/ros2_ws/install/custom_msg1/share/custom_msg1/package.dsv
-- Installing: /home/sajjad/Downloads/demo_ros2/ros2_ws/install/custom_msg1/share/ament_index/resource_index/packages/custom_msg1
-- Installing: /home/sajjad/Downloads/demo_ros2/ros2_ws/install/custom_msg1/share/custom_msg1/cmake/export_custom_msg1__rosidl_generator_cExport.cmake
-- Installing: /home/sajjad/Downloads/demo_ros2/ros2_ws/install/custom_msg1/share/custom_msg1/cmake/export_custom_msg1__rosidl_generator_cExport-noconfig.cmake
-- Installing: /home/sajjad/Downloads/demo_ros2/ros2_ws/install/custom_msg1/share/custom_msg1/cmake/export_custom_msg1__rosidl_typesupport_fastrtps_cExport.cmake
-- Installing: /home/sajjad/Downloads/demo_ros2/ros2_ws/install/custom_msg1/share/custom_msg1/cmake/export_custom_msg1__rosidl_typesupport_fastrtps_cExport-noconfig.cmake
-- Installing: /home/sajjad/Downloads/demo_ros2/ros2_ws/install/custom_msg1/share/custom_msg1/cmake/custom_msg1__rosidl_typesupport_introspection_cExport.cmake
-- Installing: /home/sajjad/Downloads/demo_ros2/ros2_ws/install/custom_msg1/share/custom_msg1/cmake/custom_msg1__rosidl_typesupport_introspection_cExport-noconfig.cmake
-- Installing: /home/sajjad/Downloads/demo_ros2/ros2_ws/install/custom_msg1/share/custom_msg1/cmake/custom_msg1__rosidl_typesupport_cExport.cmake
-- Installing: /home/sajjad/Downloads/demo_ros2/ros2_ws/install/custom_msg1/share/custom_msg1/cmake/custom_msg1__rosidl_typesupport_cExport-noconfig.cmake
-- Installing: /home/sajjad/Downloads/demo_ros2/ros2_ws/install/custom_msg1/share/custom_msg1/cmake/export_custom_msg1__rosidl_generator_cppExport.cmake
-- Installing: /home/sajjad/Downloads/demo_ros2/ros2_ws/install/custom_msg1/share/custom_msg1/cmake/export_custom_msg1__rosidl_typesupport_fastrtps_cppExport.cmake
-- Installing: /home/sajjad/Downloads/demo_ros2/ros2_ws/install/custom_msg1/share/custom_msg1/cmake/export_custom_msg1__rosidl_typesupport_fastrtps_cppExport-noconfig.cmake
-- Installing: /home/sajjad/Downloads/demo_ros2/ros2_ws/install/custom_msg1/share/custom_msg1/cmake/custom_msg1__rosidl_typesupport_introspection_cppExport.cmake
-- Installing: /home/sajjad/Downloads/demo_ros2/ros2_ws/install/custom_msg1/share/custom_msg1/cmake/custom_msg1__rosidl_typesupport_introspection_cppExport-noconfig.cmake
-- Installing: /home/sajjad/Downloads/demo_ros2/ros2_ws/install/custom_msg1/share/custom_msg1/cmake/custom_msg1__rosidl_typesupport_cppExport.cmake
-- Installing: /home/sajjad/Downloads/demo_ros2/ros2_ws/install/custom_msg1/share/custom_msg1/cmake/custom_msg1__rosidl_typesupport_cppExport-noconfig.cmake
-- Installing: /home/sajjad/Downloads/demo_ros2/ros2_ws/install/custom_msg1/share/custom_msg1/cmake/export_custom_msg1__rosidl_generator_pyExport.cmake
-- Installing: /home/sajjad/Downloads/demo_ros2/ros2_ws/install/custom_msg1/share/custom_msg1/cmake/export_custom_msg1__rosidl_generator_pyExport-noconfig.cmake
-- Installing: /home/sajjad/Downloads/demo_ros2/ros2_ws/install/custom_msg1/share/custom_msg1/cmake/rosidl_cmake-extras.cmake
-- Installing: /home/sajjad/Downloads/demo_ros2/ros2_ws/install/custom_msg1/share/custom_msg1/cmake/ament_cmake_export_include_directories-extras.cmake
-- Installing: /home/sajjad/Downloads/demo_ros2/ros2_ws/install/custom_msg1/share/custom_msg1/cmake/ament_cmake_export_libraries-extras.cmake
-- Installing: /home/sajjad/Downloads/demo_ros2/ros2_ws/install/custom_msg1/share/custom_msg1/cmake/ament_cmake_export_targets-extras.cmake
-- Installing: /home/sajjad/Downloads/demo_ros2/ros2_ws/install/custom_msg1/share/custom_msg1/cmake/rosidl_cmake_export_typesupport_targets-extras.cmake
-- Installing: /home/sajjad/Downloads/demo_ros2/ros2_ws/install/custom_msg1/share/custom_msg1/cmake/ament_cmake_export_dependencies-extras.cmake
-- Installing: /home/sajjad/Downloads/demo_ros2/ros2_ws/install/custom_msg1/share/custom_msg1/cmake/rosidl_cmake_export_typesupport_libraries-extras.cmake
-- Installing: /home/sajjad/Downloads/demo_ros2/ros2_ws/install/custom_msg1/share/custom_msg1/cmake/custom_msg1Config.cmake
-- Installing: /home/sajjad/Downloads/demo_ros2/ros2_ws/install/custom_msg1/share/custom_msg1/cmake/custom_msg1Config-version.cmake
-- Installing: /home/sajjad/Downloads/demo_ros2/ros2_ws/install/custom_msg1/share/custom_msg1/package.xml
