ROS2 Create Custom Message (Msg/Srv)
https://roboticsbackend.com/ros2-create-custom-message/

login....
sajjad@i80pc108:~$ cd Downloads/demo_ros2/
ros2_ws/       serial_imu_ws/ serial_test/   
sajjad@i80pc108:~$ cd Downloads/demo_ros2/
ros2_ws/       serial_imu_ws/ serial_test/   
sajjad@i80pc108:~$ cd Downloads/demo_ros2/ros2_ws/src/
sajjad@i80pc108:~/Downloads/demo_ros2/ros2_ws/src$ ros2 pkg create my_robot_interfaces
going to create a new package
package name: my_robot_interfaces
destination directory: /home/sajjad/Downloads/demo_ros2/ros2_ws/src
package format: 3
version: 0.0.0
description: TODO: Package description
maintainer: ['sajjad <sajjad@todo.todo>']
licenses: ['TODO: License declaration']
build type: ament_cmake
dependencies: []
creating folder ./my_robot_interfaces
creating ./my_robot_interfaces/package.xml
creating source and include folder
creating folder ./my_robot_interfaces/src
creating folder ./my_robot_interfaces/include/my_robot_interfaces
creating ./my_robot_interfaces/CMakeLists.txt

[WARNING]: Unknown license 'TODO: License declaration'.  This has been set in the package.xml, but no LICENSE file has been created.
It is recommended to use one of the ament license identitifers:
Apache-2.0
BSL-1.0
BSD-2.0
BSD-2-Clause
BSD-3-Clause
GPL-3.0-only
LGPL-3.0-only
MIT
MIT-0
sajjad@i80pc108:~/Downloads/demo_ros2/ros2_ws/src$ cd my_robot_interfaces/
sajjad@i80pc108:~/Downloads/demo_ros2/ros2_ws/src/my_robot_interfaces$ ls
CMakeLists.txt  include  package.xml  src
sajjad@i80pc108:~/Downloads/demo_ros2/ros2_ws/src/my_robot_interfaces$ rm -rf include src
sajjad@i80pc108:~/Downloads/demo_ros2/ros2_ws/src/my_robot_interfaces$ mkdir msg
sajjad@i80pc108:~/Downloads/demo_ros2/ros2_ws/src/my_robot_interfaces$ ls
CMakeLists.txt  msg  package.xml
sajjad@i80pc108:~/Downloads/demo_ros2/ros2_ws/src/my_robot_interfaces$ vim package.xml 
sajjad@i80pc108:~/Downloads/demo_ros2/ros2_ws/src/my_robot_interfaces$ vim CMakeLists.txt 
sajjad@i80pc108:~/Downloads/demo_ros2/ros2_ws/src/my_robot_interfaces$ ls
CMakeLists.txt  msg  package.xml
sajjad@i80pc108:~/Downloads/demo_ros2/ros2_ws/src/my_robot_interfaces$ vim msg/TargetCoordinates.msg
sajjad@i80pc108:~/Downloads/demo_ros2/ros2_ws/src/my_robot_interfaces$ ros2 interface show geometry_msgs/msg/Point
# This contains the position of a point in free space
float64 x
float64 y
float64 z
sajjad@i80pc108:~/Downloads/demo_ros2/ros2_ws/src/my_robot_interfaces$ vim package.xml 
sajjad@i80pc108:~/Downloads/demo_ros2/ros2_ws/src/my_robot_interfaces$ vim CMakeLists.txt 
sajjad@i80pc108:~/Downloads/demo_ros2/ros2_ws/src/my_robot_interfaces$ vim CMakeLists.txt 
sajjad@i80pc108:~/Downloads/demo_ros2/ros2_ws/src/my_robot_interfaces$ cd ..
sajjad@i80pc108:~/Downloads/demo_ros2/ros2_ws/src$ cd ..
sajjad@i80pc108:~/Downloads/demo_ros2/ros2_ws$ colcon build --packages-select my_robot_interfaces 
Starting >>> my_robot_interfaces
Finished <<< my_robot_interfaces [6.34s]                     

Summary: 1 package finished [7.55s]
sajjad@i80pc108:~/Downloads/demo_ros2/ros2_ws$ ros2 interface list | grep my_robot
sajjad@i80pc108:~/Downloads/demo_ros2/ros2_ws$ source install/setup.sh 
sajjad@i80pc108:~/Downloads/demo_ros2/ros2_ws$ ros2 interface list | grep my_robot
    my_robot_interfaces/msg/TargetCoordinates
sajjad@i80pc108:~/Downloads/demo_ros2/ros2_ws$ ros2 interface show my_robot_interfaces/msg/TargetCoordinates 
string name
geometry_msgs/Point coordinates
	float64 x
	float64 y
	float64 z
sajjad@i80pc108:~/Downloads/demo_ros2/ros2_ws$ 

