[100%] Built target publisher1
[100%] Built target subscriber1
-- Install configuration: ""
-- Up-to-date: /home/sajjad/Downloads/demo_ros2/ros2_ws/install/pub_sub_custom_msg1/lib/pub_sub_custom_msg1/publisher1
-- Up-to-date: /home/sajjad/Downloads/demo_ros2/ros2_ws/install/pub_sub_custom_msg1/lib/pub_sub_custom_msg1/subscriber1
-- Up-to-date: /home/sajjad/Downloads/demo_ros2/ros2_ws/install/pub_sub_custom_msg1/share/pub_sub_custom_msg1//launch
-- Installing: /home/sajjad/Downloads/demo_ros2/ros2_ws/install/pub_sub_custom_msg1/share/pub_sub_custom_msg1//launch/pub_sub_launch1.py
-- Up-to-date: /home/sajjad/Downloads/demo_ros2/ros2_ws/install/pub_sub_custom_msg1/share/ament_index/resource_index/package_run_dependencies/pub_sub_custom_msg1
-- Up-to-date: /home/sajjad/Downloads/demo_ros2/ros2_ws/install/pub_sub_custom_msg1/share/ament_index/resource_index/parent_prefix_path/pub_sub_custom_msg1
-- Up-to-date: /home/sajjad/Downloads/demo_ros2/ros2_ws/install/pub_sub_custom_msg1/share/pub_sub_custom_msg1/environment/ament_prefix_path.sh
-- Up-to-date: /home/sajjad/Downloads/demo_ros2/ros2_ws/install/pub_sub_custom_msg1/share/pub_sub_custom_msg1/environment/ament_prefix_path.dsv
-- Up-to-date: /home/sajjad/Downloads/demo_ros2/ros2_ws/install/pub_sub_custom_msg1/share/pub_sub_custom_msg1/environment/path.sh
-- Up-to-date: /home/sajjad/Downloads/demo_ros2/ros2_ws/install/pub_sub_custom_msg1/share/pub_sub_custom_msg1/environment/path.dsv
-- Up-to-date: /home/sajjad/Downloads/demo_ros2/ros2_ws/install/pub_sub_custom_msg1/share/pub_sub_custom_msg1/local_setup.bash
-- Up-to-date: /home/sajjad/Downloads/demo_ros2/ros2_ws/install/pub_sub_custom_msg1/share/pub_sub_custom_msg1/local_setup.sh
-- Up-to-date: /home/sajjad/Downloads/demo_ros2/ros2_ws/install/pub_sub_custom_msg1/share/pub_sub_custom_msg1/local_setup.zsh
-- Up-to-date: /home/sajjad/Downloads/demo_ros2/ros2_ws/install/pub_sub_custom_msg1/share/pub_sub_custom_msg1/local_setup.dsv
-- Installing: /home/sajjad/Downloads/demo_ros2/ros2_ws/install/pub_sub_custom_msg1/share/pub_sub_custom_msg1/package.dsv
-- Up-to-date: /home/sajjad/Downloads/demo_ros2/ros2_ws/install/pub_sub_custom_msg1/share/ament_index/resource_index/packages/pub_sub_custom_msg1
-- Up-to-date: /home/sajjad/Downloads/demo_ros2/ros2_ws/install/pub_sub_custom_msg1/share/pub_sub_custom_msg1/cmake/pub_sub_custom_msg1Config.cmake
-- Up-to-date: /home/sajjad/Downloads/demo_ros2/ros2_ws/install/pub_sub_custom_msg1/share/pub_sub_custom_msg1/cmake/pub_sub_custom_msg1Config-version.cmake
-- Up-to-date: /home/sajjad/Downloads/demo_ros2/ros2_ws/install/pub_sub_custom_msg1/share/pub_sub_custom_msg1/package.xml
