[0.081s] Invoking command in '/home/sajjad/Downloads/demo_ros2/ros2_ws/build/custom_msg1': CMAKE_PREFIX_PATH=/opt/ros/humble /usr/bin/cmake --build /home/sajjad/Downloads/demo_ros2/ros2_ws/build/custom_msg1 -- -j4 -l4
[0.149s] [  9%] Built target custom_msg1__rosidl_generator_c
[0.155s] [ 12%] Built target custom_msg1__cpp
[0.173s] [ 12%] Built target ament_cmake_python_copy_custom_msg1
[0.190s] [ 22%] Built target custom_msg1__rosidl_typesupport_introspection_c
[0.190s] [ 32%] Built target custom_msg1__rosidl_typesupport_fastrtps_c
[0.195s] [ 41%] Built target custom_msg1__rosidl_typesupport_c
[0.214s] [ 51%] Built target custom_msg1__rosidl_typesupport_fastrtps_cpp
[0.233s] [ 61%] Built target custom_msg1__rosidl_typesupport_introspection_cpp
[0.236s] [ 70%] Built target custom_msg1__rosidl_typesupport_cpp
[0.264s] [ 70%] Built target custom_msg1
[0.292s] [ 74%] Built target custom_msg1__py
[0.321s] [ 80%] Built target custom_msg1__rosidl_generator_py
[0.363s] [ 87%] Built target custom_msg1__rosidl_typesupport_fastrtps_c__pyext
[0.364s] [ 93%] Built target custom_msg1__rosidl_typesupport_introspection_c__pyext
[0.364s] [100%] Built target custom_msg1__rosidl_typesupport_c__pyext
[0.573s] running egg_info
[0.575s] writing custom_msg1.egg-info/PKG-INFO
[0.575s] writing dependency_links to custom_msg1.egg-info/dependency_links.txt
[0.576s] writing top-level names to custom_msg1.egg-info/top_level.txt
[0.579s] reading manifest file 'custom_msg1.egg-info/SOURCES.txt'
[0.580s] writing manifest file 'custom_msg1.egg-info/SOURCES.txt'
[0.614s] [100%] Built target ament_cmake_python_build_custom_msg1_egg
[0.630s] Invoked command in '/home/sajjad/Downloads/demo_ros2/ros2_ws/build/custom_msg1' returned '0': CMAKE_PREFIX_PATH=/opt/ros/humble /usr/bin/cmake --build /home/sajjad/Downloads/demo_ros2/ros2_ws/build/custom_msg1 -- -j4 -l4
[0.729s] Invoking command in '/home/sajjad/Downloads/demo_ros2/ros2_ws/build/custom_msg1': CMAKE_PREFIX_PATH=/opt/ros/humble /usr/bin/cmake --install /home/sajjad/Downloads/demo_ros2/ros2_ws/build/custom_msg1
[0.739s] -- Install configuration: ""
[0.739s] -- Installing: /home/sajjad/Downloads/demo_ros2/ros2_ws/install/custom_msg1/share/ament_index/resource_index/rosidl_interfaces/custom_msg1
[0.740s] -- Installing: /home/sajjad/Downloads/demo_ros2/ros2_ws/install/custom_msg1/include/custom_msg1/custom_msg1
[0.740s] -- Installing: /home/sajjad/Downloads/demo_ros2/ros2_ws/install/custom_msg1/include/custom_msg1/custom_msg1/msg
[0.740s] -- Installing: /home/sajjad/Downloads/demo_ros2/ros2_ws/install/custom_msg1/include/custom_msg1/custom_msg1/msg/log_tf.h
[0.741s] -- Installing: /home/sajjad/Downloads/demo_ros2/ros2_ws/install/custom_msg1/include/custom_msg1/custom_msg1/msg/detail
[0.741s] -- Installing: /home/sajjad/Downloads/demo_ros2/ros2_ws/install/custom_msg1/include/custom_msg1/custom_msg1/msg/detail/log_tf__functions.h
[0.741s] -- Installing: /home/sajjad/Downloads/demo_ros2/ros2_ws/install/custom_msg1/include/custom_msg1/custom_msg1/msg/detail/log_tf__struct.h
[0.741s] -- Installing: /home/sajjad/Downloads/demo_ros2/ros2_ws/install/custom_msg1/include/custom_msg1/custom_msg1/msg/detail/log_tf__functions.c
[0.741s] -- Installing: /home/sajjad/Downloads/demo_ros2/ros2_ws/install/custom_msg1/include/custom_msg1/custom_msg1/msg/detail/log_tf__type_support.h
[0.741s] -- Installing: /home/sajjad/Downloads/demo_ros2/ros2_ws/install/custom_msg1/include/custom_msg1/custom_msg1/msg/rosidl_generator_c__visibility_control.h
[0.742s] -- Installing: /home/sajjad/Downloads/demo_ros2/ros2_ws/install/custom_msg1/share/custom_msg1/environment/library_path.sh
[0.742s] -- Installing: /home/sajjad/Downloads/demo_ros2/ros2_ws/install/custom_msg1/share/custom_msg1/environment/library_path.dsv
[0.742s] -- Installing: /home/sajjad/Downloads/demo_ros2/ros2_ws/install/custom_msg1/lib/libcustom_msg1__rosidl_generator_c.so
[0.743s] -- Set runtime path of "/home/sajjad/Downloads/demo_ros2/ros2_ws/install/custom_msg1/lib/libcustom_msg1__rosidl_generator_c.so" to ""
[0.743s] -- Up-to-date: /home/sajjad/Downloads/demo_ros2/ros2_ws/install/custom_msg1/include/custom_msg1/custom_msg1
[0.743s] -- Up-to-date: /home/sajjad/Downloads/demo_ros2/ros2_ws/install/custom_msg1/include/custom_msg1/custom_msg1/msg
[0.743s] -- Up-to-date: /home/sajjad/Downloads/demo_ros2/ros2_ws/install/custom_msg1/include/custom_msg1/custom_msg1/msg/detail
[0.744s] -- Installing: /home/sajjad/Downloads/demo_ros2/ros2_ws/install/custom_msg1/include/custom_msg1/custom_msg1/msg/detail/log_tf__rosidl_typesupport_fastrtps_c.h
[0.744s] -- Installing: /home/sajjad/Downloads/demo_ros2/ros2_ws/install/custom_msg1/include/custom_msg1/custom_msg1/msg/rosidl_typesupport_fastrtps_c__visibility_control.h
[0.744s] -- Installing: /home/sajjad/Downloads/demo_ros2/ros2_ws/install/custom_msg1/lib/libcustom_msg1__rosidl_typesupport_fastrtps_c.so
[0.745s] -- Set runtime path of "/home/sajjad/Downloads/demo_ros2/ros2_ws/install/custom_msg1/lib/libcustom_msg1__rosidl_typesupport_fastrtps_c.so" to ""
[0.745s] -- Up-to-date: /home/sajjad/Downloads/demo_ros2/ros2_ws/install/custom_msg1/include/custom_msg1/custom_msg1
[0.745s] -- Up-to-date: /home/sajjad/Downloads/demo_ros2/ros2_ws/install/custom_msg1/include/custom_msg1/custom_msg1/msg
[0.745s] -- Installing: /home/sajjad/Downloads/demo_ros2/ros2_ws/install/custom_msg1/include/custom_msg1/custom_msg1/msg/rosidl_typesupport_introspection_c__visibility_control.h
[0.745s] -- Up-to-date: /home/sajjad/Downloads/demo_ros2/ros2_ws/install/custom_msg1/include/custom_msg1/custom_msg1/msg/detail
[0.745s] -- Installing: /home/sajjad/Downloads/demo_ros2/ros2_ws/install/custom_msg1/include/custom_msg1/custom_msg1/msg/detail/log_tf__rosidl_typesupport_introspection_c.h
[0.746s] -- Installing: /home/sajjad/Downloads/demo_ros2/ros2_ws/install/custom_msg1/include/custom_msg1/custom_msg1/msg/detail/log_tf__type_support.c
[0.746s] -- Installing: /home/sajjad/Downloads/demo_ros2/ros2_ws/install/custom_msg1/lib/libcustom_msg1__rosidl_typesupport_introspection_c.so
[0.746s] -- Set runtime path of "/home/sajjad/Downloads/demo_ros2/ros2_ws/install/custom_msg1/lib/libcustom_msg1__rosidl_typesupport_introspection_c.so" to ""
[0.746s] -- Installing: /home/sajjad/Downloads/demo_ros2/ros2_ws/install/custom_msg1/lib/libcustom_msg1__rosidl_typesupport_c.so
[0.747s] -- Set runtime path of "/home/sajjad/Downloads/demo_ros2/ros2_ws/install/custom_msg1/lib/libcustom_msg1__rosidl_typesupport_c.so" to ""
[0.747s] -- Up-to-date: /home/sajjad/Downloads/demo_ros2/ros2_ws/install/custom_msg1/include/custom_msg1/custom_msg1
[0.747s] -- Up-to-date: /home/sajjad/Downloads/demo_ros2/ros2_ws/install/custom_msg1/include/custom_msg1/custom_msg1/msg
[0.747s] -- Up-to-date: /home/sajjad/Downloads/demo_ros2/ros2_ws/install/custom_msg1/include/custom_msg1/custom_msg1/msg/detail
[0.748s] -- Installing: /home/sajjad/Downloads/demo_ros2/ros2_ws/install/custom_msg1/include/custom_msg1/custom_msg1/msg/detail/log_tf__traits.hpp
[0.748s] -- Installing: /home/sajjad/Downloads/demo_ros2/ros2_ws/install/custom_msg1/include/custom_msg1/custom_msg1/msg/detail/log_tf__struct.hpp
[0.748s] -- Installing: /home/sajjad/Downloads/demo_ros2/ros2_ws/install/custom_msg1/include/custom_msg1/custom_msg1/msg/detail/log_tf__builder.hpp
[0.748s] -- Installing: /home/sajjad/Downloads/demo_ros2/ros2_ws/install/custom_msg1/include/custom_msg1/custom_msg1/msg/log_tf.hpp
[0.748s] -- Up-to-date: /home/sajjad/Downloads/demo_ros2/ros2_ws/install/custom_msg1/include/custom_msg1/custom_msg1
[0.748s] -- Up-to-date: /home/sajjad/Downloads/demo_ros2/ros2_ws/install/custom_msg1/include/custom_msg1/custom_msg1/msg
[0.749s] -- Up-to-date: /home/sajjad/Downloads/demo_ros2/ros2_ws/install/custom_msg1/include/custom_msg1/custom_msg1/msg/detail
[0.749s] -- Installing: /home/sajjad/Downloads/demo_ros2/ros2_ws/install/custom_msg1/include/custom_msg1/custom_msg1/msg/detail/log_tf__rosidl_typesupport_fastrtps_cpp.hpp
[0.749s] -- Installing: /home/sajjad/Downloads/demo_ros2/ros2_ws/install/custom_msg1/include/custom_msg1/custom_msg1/msg/detail/dds_fastrtps
[0.749s] -- Installing: /home/sajjad/Downloads/demo_ros2/ros2_ws/install/custom_msg1/include/custom_msg1/custom_msg1/msg/rosidl_typesupport_fastrtps_cpp__visibility_control.h
[0.749s] -- Installing: /home/sajjad/Downloads/demo_ros2/ros2_ws/install/custom_msg1/lib/libcustom_msg1__rosidl_typesupport_fastrtps_cpp.so
[0.749s] -- Set runtime path of "/home/sajjad/Downloads/demo_ros2/ros2_ws/install/custom_msg1/lib/libcustom_msg1__rosidl_typesupport_fastrtps_cpp.so" to ""
[0.749s] -- Up-to-date: /home/sajjad/Downloads/demo_ros2/ros2_ws/install/custom_msg1/include/custom_msg1/custom_msg1
[0.750s] -- Up-to-date: /home/sajjad/Downloads/demo_ros2/ros2_ws/install/custom_msg1/include/custom_msg1/custom_msg1/msg
[0.750s] -- Up-to-date: /home/sajjad/Downloads/demo_ros2/ros2_ws/install/custom_msg1/include/custom_msg1/custom_msg1/msg/detail
[0.750s] -- Installing: /home/sajjad/Downloads/demo_ros2/ros2_ws/install/custom_msg1/include/custom_msg1/custom_msg1/msg/detail/log_tf__rosidl_typesupport_introspection_cpp.hpp
[0.750s] -- Installing: /home/sajjad/Downloads/demo_ros2/ros2_ws/install/custom_msg1/include/custom_msg1/custom_msg1/msg/detail/log_tf__type_support.cpp
[0.750s] -- Installing: /home/sajjad/Downloads/demo_ros2/ros2_ws/install/custom_msg1/lib/libcustom_msg1__rosidl_typesupport_introspection_cpp.so
[0.751s] -- Set runtime path of "/home/sajjad/Downloads/demo_ros2/ros2_ws/install/custom_msg1/lib/libcustom_msg1__rosidl_typesupport_introspection_cpp.so" to ""
[0.751s] -- Installing: /home/sajjad/Downloads/demo_ros2/ros2_ws/install/custom_msg1/lib/libcustom_msg1__rosidl_typesupport_cpp.so
[0.751s] -- Set runtime path of "/home/sajjad/Downloads/demo_ros2/ros2_ws/install/custom_msg1/lib/libcustom_msg1__rosidl_typesupport_cpp.so" to ""
[0.751s] -- Installing: /home/sajjad/Downloads/demo_ros2/ros2_ws/install/custom_msg1/share/custom_msg1/environment/pythonpath.sh
[0.752s] -- Installing: /home/sajjad/Downloads/demo_ros2/ros2_ws/install/custom_msg1/share/custom_msg1/environment/pythonpath.dsv
[0.752s] -- Installing: /home/sajjad/Downloads/demo_ros2/ros2_ws/install/custom_msg1/local/lib/python3.10/dist-packages/custom_msg1-0.0.0-py3.10.egg-info
[0.752s] -- Installing: /home/sajjad/Downloads/demo_ros2/ros2_ws/install/custom_msg1/local/lib/python3.10/dist-packages/custom_msg1-0.0.0-py3.10.egg-info/SOURCES.txt
[0.752s] -- Installing: /home/sajjad/Downloads/demo_ros2/ros2_ws/install/custom_msg1/local/lib/python3.10/dist-packages/custom_msg1-0.0.0-py3.10.egg-info/PKG-INFO
[0.752s] -- Installing: /home/sajjad/Downloads/demo_ros2/ros2_ws/install/custom_msg1/local/lib/python3.10/dist-packages/custom_msg1-0.0.0-py3.10.egg-info/dependency_links.txt
[0.752s] -- Installing: /home/sajjad/Downloads/demo_ros2/ros2_ws/install/custom_msg1/local/lib/python3.10/dist-packages/custom_msg1-0.0.0-py3.10.egg-info/top_level.txt
[0.753s] -- Installing: /home/sajjad/Downloads/demo_ros2/ros2_ws/install/custom_msg1/local/lib/python3.10/dist-packages/custom_msg1
[0.753s] -- Installing: /home/sajjad/Downloads/demo_ros2/ros2_ws/install/custom_msg1/local/lib/python3.10/dist-packages/custom_msg1/custom_msg1_s__rosidl_typesupport_fastrtps_c.cpython-310-x86_64-linux-gnu.so
[0.753s] -- Installing: /home/sajjad/Downloads/demo_ros2/ros2_ws/install/custom_msg1/local/lib/python3.10/dist-packages/custom_msg1/_custom_msg1_s.ep.rosidl_typesupport_c.c
[0.753s] -- Installing: /home/sajjad/Downloads/demo_ros2/ros2_ws/install/custom_msg1/local/lib/python3.10/dist-packages/custom_msg1/custom_msg1_s__rosidl_typesupport_introspection_c.cpython-310-x86_64-linux-gnu.so
[0.753s] -- Installing: /home/sajjad/Downloads/demo_ros2/ros2_ws/install/custom_msg1/local/lib/python3.10/dist-packages/custom_msg1/custom_msg1_s__rosidl_typesupport_c.cpython-310-x86_64-linux-gnu.so
[0.754s] -- Installing: /home/sajjad/Downloads/demo_ros2/ros2_ws/install/custom_msg1/local/lib/python3.10/dist-packages/custom_msg1/_custom_msg1_s.ep.rosidl_typesupport_fastrtps_c.c
[0.754s] -- Installing: /home/sajjad/Downloads/demo_ros2/ros2_ws/install/custom_msg1/local/lib/python3.10/dist-packages/custom_msg1/_custom_msg1_s.ep.rosidl_typesupport_introspection_c.c
[0.754s] -- Installing: /home/sajjad/Downloads/demo_ros2/ros2_ws/install/custom_msg1/local/lib/python3.10/dist-packages/custom_msg1/libcustom_msg1__rosidl_generator_py.so
[0.754s] -- Installing: /home/sajjad/Downloads/demo_ros2/ros2_ws/install/custom_msg1/local/lib/python3.10/dist-packages/custom_msg1/msg
[0.754s] -- Installing: /home/sajjad/Downloads/demo_ros2/ros2_ws/install/custom_msg1/local/lib/python3.10/dist-packages/custom_msg1/msg/_log_tf_s.c
[0.754s] -- Installing: /home/sajjad/Downloads/demo_ros2/ros2_ws/install/custom_msg1/local/lib/python3.10/dist-packages/custom_msg1/msg/_log_tf.py
[0.755s] -- Installing: /home/sajjad/Downloads/demo_ros2/ros2_ws/install/custom_msg1/local/lib/python3.10/dist-packages/custom_msg1/msg/__init__.py
[0.755s] -- Installing: /home/sajjad/Downloads/demo_ros2/ros2_ws/install/custom_msg1/local/lib/python3.10/dist-packages/custom_msg1/__init__.py
[0.796s] Listing '/home/sajjad/Downloads/demo_ros2/ros2_ws/install/custom_msg1/local/lib/python3.10/dist-packages/custom_msg1'...
[0.796s] Compiling '/home/sajjad/Downloads/demo_ros2/ros2_ws/install/custom_msg1/local/lib/python3.10/dist-packages/custom_msg1/__init__.py'...
[0.796s] Listing '/home/sajjad/Downloads/demo_ros2/ros2_ws/install/custom_msg1/local/lib/python3.10/dist-packages/custom_msg1/msg'...
[0.796s] Compiling '/home/sajjad/Downloads/demo_ros2/ros2_ws/install/custom_msg1/local/lib/python3.10/dist-packages/custom_msg1/msg/__init__.py'...
[0.797s] Compiling '/home/sajjad/Downloads/demo_ros2/ros2_ws/install/custom_msg1/local/lib/python3.10/dist-packages/custom_msg1/msg/_log_tf.py'...
[0.802s] -- Installing: /home/sajjad/Downloads/demo_ros2/ros2_ws/install/custom_msg1/local/lib/python3.10/dist-packages/custom_msg1/custom_msg1_s__rosidl_typesupport_fastrtps_c.cpython-310-x86_64-linux-gnu.so
[0.803s] -- Set runtime path of "/home/sajjad/Downloads/demo_ros2/ros2_ws/install/custom_msg1/local/lib/python3.10/dist-packages/custom_msg1/custom_msg1_s__rosidl_typesupport_fastrtps_c.cpython-310-x86_64-linux-gnu.so" to ""
[0.803s] -- Installing: /home/sajjad/Downloads/demo_ros2/ros2_ws/install/custom_msg1/local/lib/python3.10/dist-packages/custom_msg1/custom_msg1_s__rosidl_typesupport_introspection_c.cpython-310-x86_64-linux-gnu.so
[0.804s] -- Set runtime path of "/home/sajjad/Downloads/demo_ros2/ros2_ws/install/custom_msg1/local/lib/python3.10/dist-packages/custom_msg1/custom_msg1_s__rosidl_typesupport_introspection_c.cpython-310-x86_64-linux-gnu.so" to ""
[0.804s] -- Installing: /home/sajjad/Downloads/demo_ros2/ros2_ws/install/custom_msg1/local/lib/python3.10/dist-packages/custom_msg1/custom_msg1_s__rosidl_typesupport_c.cpython-310-x86_64-linux-gnu.so
[0.805s] -- Set runtime path of "/home/sajjad/Downloads/demo_ros2/ros2_ws/install/custom_msg1/local/lib/python3.10/dist-packages/custom_msg1/custom_msg1_s__rosidl_typesupport_c.cpython-310-x86_64-linux-gnu.so" to ""
[0.805s] -- Installing: /home/sajjad/Downloads/demo_ros2/ros2_ws/install/custom_msg1/lib/libcustom_msg1__rosidl_generator_py.so
[0.806s] -- Set runtime path of "/home/sajjad/Downloads/demo_ros2/ros2_ws/install/custom_msg1/lib/libcustom_msg1__rosidl_generator_py.so" to ""
[0.806s] -- Installing: /home/sajjad/Downloads/demo_ros2/ros2_ws/install/custom_msg1/share/custom_msg1/msg/LogTf.idl
[0.806s] -- Installing: /home/sajjad/Downloads/demo_ros2/ros2_ws/install/custom_msg1/share/custom_msg1/msg/LogTf.msg
[0.806s] -- Installing: /home/sajjad/Downloads/demo_ros2/ros2_ws/install/custom_msg1/share/ament_index/resource_index/package_run_dependencies/custom_msg1
[0.806s] -- Installing: /home/sajjad/Downloads/demo_ros2/ros2_ws/install/custom_msg1/share/ament_index/resource_index/parent_prefix_path/custom_msg1
[0.807s] -- Installing: /home/sajjad/Downloads/demo_ros2/ros2_ws/install/custom_msg1/share/custom_msg1/environment/ament_prefix_path.sh
[0.807s] -- Installing: /home/sajjad/Downloads/demo_ros2/ros2_ws/install/custom_msg1/share/custom_msg1/environment/ament_prefix_path.dsv
[0.807s] -- Installing: /home/sajjad/Downloads/demo_ros2/ros2_ws/install/custom_msg1/share/custom_msg1/environment/path.sh
[0.807s] -- Installing: /home/sajjad/Downloads/demo_ros2/ros2_ws/install/custom_msg1/share/custom_msg1/environment/path.dsv
[0.808s] -- Installing: /home/sajjad/Downloads/demo_ros2/ros2_ws/install/custom_msg1/share/custom_msg1/local_setup.bash
[0.808s] -- Installing: /home/sajjad/Downloads/demo_ros2/ros2_ws/install/custom_msg1/share/custom_msg1/local_setup.sh
[0.808s] -- Installing: /home/sajjad/Downloads/demo_ros2/ros2_ws/install/custom_msg1/share/custom_msg1/local_setup.zsh
[0.808s] -- Installing: /home/sajjad/Downloads/demo_ros2/ros2_ws/install/custom_msg1/share/custom_msg1/local_setup.dsv
[0.808s] -- Installing: /home/sajjad/Downloads/demo_ros2/ros2_ws/install/custom_msg1/share/custom_msg1/package.dsv
[0.809s] -- Installing: /home/sajjad/Downloads/demo_ros2/ros2_ws/install/custom_msg1/share/ament_index/resource_index/packages/custom_msg1
[0.809s] -- Installing: /home/sajjad/Downloads/demo_ros2/ros2_ws/install/custom_msg1/share/custom_msg1/cmake/export_custom_msg1__rosidl_generator_cExport.cmake
[0.809s] -- Installing: /home/sajjad/Downloads/demo_ros2/ros2_ws/install/custom_msg1/share/custom_msg1/cmake/export_custom_msg1__rosidl_generator_cExport-noconfig.cmake
[0.809s] -- Installing: /home/sajjad/Downloads/demo_ros2/ros2_ws/install/custom_msg1/share/custom_msg1/cmake/export_custom_msg1__rosidl_typesupport_fastrtps_cExport.cmake
[0.810s] -- Installing: /home/sajjad/Downloads/demo_ros2/ros2_ws/install/custom_msg1/share/custom_msg1/cmake/export_custom_msg1__rosidl_typesupport_fastrtps_cExport-noconfig.cmake
[0.810s] -- Installing: /home/sajjad/Downloads/demo_ros2/ros2_ws/install/custom_msg1/share/custom_msg1/cmake/custom_msg1__rosidl_typesupport_introspection_cExport.cmake
[0.810s] -- Installing: /home/sajjad/Downloads/demo_ros2/ros2_ws/install/custom_msg1/share/custom_msg1/cmake/custom_msg1__rosidl_typesupport_introspection_cExport-noconfig.cmake
[0.811s] -- Installing: /home/sajjad/Downloads/demo_ros2/ros2_ws/install/custom_msg1/share/custom_msg1/cmake/custom_msg1__rosidl_typesupport_cExport.cmake
[0.811s] -- Installing: /home/sajjad/Downloads/demo_ros2/ros2_ws/install/custom_msg1/share/custom_msg1/cmake/custom_msg1__rosidl_typesupport_cExport-noconfig.cmake
[0.811s] -- Installing: /home/sajjad/Downloads/demo_ros2/ros2_ws/install/custom_msg1/share/custom_msg1/cmake/export_custom_msg1__rosidl_generator_cppExport.cmake
[0.812s] -- Installing: /home/sajjad/Downloads/demo_ros2/ros2_ws/install/custom_msg1/share/custom_msg1/cmake/export_custom_msg1__rosidl_typesupport_fastrtps_cppExport.cmake
[0.812s] -- Installing: /home/sajjad/Downloads/demo_ros2/ros2_ws/install/custom_msg1/share/custom_msg1/cmake/export_custom_msg1__rosidl_typesupport_fastrtps_cppExport-noconfig.cmake
[0.812s] -- Installing: /home/sajjad/Downloads/demo_ros2/ros2_ws/install/custom_msg1/share/custom_msg1/cmake/custom_msg1__rosidl_typesupport_introspection_cppExport.cmake
[0.812s] -- Installing: /home/sajjad/Downloads/demo_ros2/ros2_ws/install/custom_msg1/share/custom_msg1/cmake/custom_msg1__rosidl_typesupport_introspection_cppExport-noconfig.cmake
[0.813s] -- Installing: /home/sajjad/Downloads/demo_ros2/ros2_ws/install/custom_msg1/share/custom_msg1/cmake/custom_msg1__rosidl_typesupport_cppExport.cmake
[0.813s] -- Installing: /home/sajjad/Downloads/demo_ros2/ros2_ws/install/custom_msg1/share/custom_msg1/cmake/custom_msg1__rosidl_typesupport_cppExport-noconfig.cmake
[0.813s] -- Installing: /home/sajjad/Downloads/demo_ros2/ros2_ws/install/custom_msg1/share/custom_msg1/cmake/export_custom_msg1__rosidl_generator_pyExport.cmake
[0.814s] -- Installing: /home/sajjad/Downloads/demo_ros2/ros2_ws/install/custom_msg1/share/custom_msg1/cmake/export_custom_msg1__rosidl_generator_pyExport-noconfig.cmake
[0.814s] -- Installing: /home/sajjad/Downloads/demo_ros2/ros2_ws/install/custom_msg1/share/custom_msg1/cmake/rosidl_cmake-extras.cmake
[0.814s] -- Installing: /home/sajjad/Downloads/demo_ros2/ros2_ws/install/custom_msg1/share/custom_msg1/cmake/ament_cmake_export_include_directories-extras.cmake
[0.814s] -- Installing: /home/sajjad/Downloads/demo_ros2/ros2_ws/install/custom_msg1/share/custom_msg1/cmake/ament_cmake_export_libraries-extras.cmake
[0.815s] -- Installing: /home/sajjad/Downloads/demo_ros2/ros2_ws/install/custom_msg1/share/custom_msg1/cmake/ament_cmake_export_targets-extras.cmake
[0.815s] -- Installing: /home/sajjad/Downloads/demo_ros2/ros2_ws/install/custom_msg1/share/custom_msg1/cmake/rosidl_cmake_export_typesupport_targets-extras.cmake
[0.815s] -- Installing: /home/sajjad/Downloads/demo_ros2/ros2_ws/install/custom_msg1/share/custom_msg1/cmake/ament_cmake_export_dependencies-extras.cmake
[0.816s] -- Installing: /home/sajjad/Downloads/demo_ros2/ros2_ws/install/custom_msg1/share/custom_msg1/cmake/rosidl_cmake_export_typesupport_libraries-extras.cmake
[0.816s] -- Installing: /home/sajjad/Downloads/demo_ros2/ros2_ws/install/custom_msg1/share/custom_msg1/cmake/custom_msg1Config.cmake
[0.816s] -- Installing: /home/sajjad/Downloads/demo_ros2/ros2_ws/install/custom_msg1/share/custom_msg1/cmake/custom_msg1Config-version.cmake
[0.816s] -- Installing: /home/sajjad/Downloads/demo_ros2/ros2_ws/install/custom_msg1/share/custom_msg1/package.xml
[0.819s] Invoked command in '/home/sajjad/Downloads/demo_ros2/ros2_ws/build/custom_msg1' returned '0': CMAKE_PREFIX_PATH=/opt/ros/humble /usr/bin/cmake --install /home/sajjad/Downloads/demo_ros2/ros2_ws/build/custom_msg1
