[0.101s] Invoking command in '/home/sajjad/Downloads/demo_ros2/ros2_ws/build/pub_sub_custom_msg': CMAKE_PREFIX_PATH=/home/sajjad/Downloads/demo_ros2/ros2_ws/install/custom_msg:/home/sajjad/Downloads/demo_ros2/ros2_ws/install/ros2_msg:/home/sajjad/Downloads/demo_ros2/ros2_ws/install/my_robot_interfaces:/opt/ros/humble LD_LIBRARY_PATH=/home/sajjad/Downloads/demo_ros2/ros2_ws/install/custom_msg/lib:/home/sajjad/Downloads/demo_ros2/ros2_ws/install/ros2_msg/lib:/home/sajjad/Downloads/demo_ros2/ros2_ws/install/my_robot_interfaces/lib:/opt/ros/humble/opt/rviz_ogre_vendor/lib:/opt/ros/humble/lib/x86_64-linux-gnu:/opt/ros/humble/lib /usr/bin/cmake --build /home/sajjad/Downloads/demo_ros2/ros2_ws/build/pub_sub_custom_msg -- -j4 -l4
[0.133s] -- Found ament_cmake: 1.3.5 (/opt/ros/humble/share/ament_cmake/cmake)
[0.314s] -- Found rclcpp: 16.0.6 (/opt/ros/humble/share/rclcpp/cmake)
[0.351s] -- Found rosidl_generator_c: 3.1.5 (/opt/ros/humble/share/rosidl_generator_c/cmake)
[0.355s] -- Found rosidl_adapter: 3.1.5 (/opt/ros/humble/share/rosidl_adapter/cmake)
[0.362s] -- Found rosidl_generator_cpp: 3.1.5 (/opt/ros/humble/share/rosidl_generator_cpp/cmake)
[0.376s] -- Using all available rosidl_typesupport_c: rosidl_typesupport_fastrtps_c;rosidl_typesupport_introspection_c
[0.396s] -- Using all available rosidl_typesupport_cpp: rosidl_typesupport_fastrtps_cpp;rosidl_typesupport_introspection_cpp
[0.471s] -- Found rmw_implementation_cmake: 6.1.1 (/opt/ros/humble/share/rmw_implementation_cmake/cmake)
[0.473s] -- Found rmw_fastrtps_cpp: 6.2.4 (/opt/ros/humble/share/rmw_fastrtps_cpp/cmake)
[0.620s] -- Using RMW implementation 'rmw_fastrtps_cpp' as default
[0.825s] -- Found custom_msg: 0.0.0 (/home/sajjad/Downloads/demo_ros2/ros2_ws/install/custom_msg/share/custom_msg/cmake)
[0.847s] -- Found ament_lint_auto: 0.12.8 (/opt/ros/humble/share/ament_lint_auto/cmake)
[0.937s] -- Added test 'copyright' to check source files copyright and LICENSE
[0.938s] -- Added test 'cppcheck' to perform static code analysis on C / C++ code
[0.939s] -- Configured cppcheck include dirs: 
[0.939s] -- Configured cppcheck exclude dirs and/or files: 
[0.940s] -- Added test 'cpplint' to check C / C++ code against the Google style
[0.940s] -- Configured cpplint exclude dirs and/or files: 
[0.940s] -- Added test 'flake8' to check Python code syntax and style conventions
[0.941s] -- Added test 'lint_cmake' to check CMake code style
[0.941s] -- Added test 'pep257' to check Python code against some of the docstring style conventions in PEP 257
[0.943s] -- Added test 'uncrustify' to check C / C++ code style
[0.943s] -- Configured uncrustify additional arguments: 
[0.943s] -- Added test 'xmllint' to check XML markup files
[0.944s] -- Configuring done
[0.963s] -- Generating done
[0.965s] -- Build files have been written to: /home/sajjad/Downloads/demo_ros2/ros2_ws/build/pub_sub_custom_msg
[1.013s] [ 50%] [32mBuilding CXX object CMakeFiles/publisher.dir/src/pub.cpp.o[0m
[1.013s] [ 50%] [32mBuilding CXX object CMakeFiles/subscriber.dir/src/sub.cpp.o[0m
[6.739s] [ 75%] [32m[1mLinking CXX executable publisher[0m
[7.036s] [ 75%] Built target publisher
[11.252s] [100%] [32m[1mLinking CXX executable subscriber[0m
[11.789s] [100%] Built target subscriber
[11.804s] Invoked command in '/home/sajjad/Downloads/demo_ros2/ros2_ws/build/pub_sub_custom_msg' returned '0': CMAKE_PREFIX_PATH=/home/sajjad/Downloads/demo_ros2/ros2_ws/install/custom_msg:/home/sajjad/Downloads/demo_ros2/ros2_ws/install/ros2_msg:/home/sajjad/Downloads/demo_ros2/ros2_ws/install/my_robot_interfaces:/opt/ros/humble LD_LIBRARY_PATH=/home/sajjad/Downloads/demo_ros2/ros2_ws/install/custom_msg/lib:/home/sajjad/Downloads/demo_ros2/ros2_ws/install/ros2_msg/lib:/home/sajjad/Downloads/demo_ros2/ros2_ws/install/my_robot_interfaces/lib:/opt/ros/humble/opt/rviz_ogre_vendor/lib:/opt/ros/humble/lib/x86_64-linux-gnu:/opt/ros/humble/lib /usr/bin/cmake --build /home/sajjad/Downloads/demo_ros2/ros2_ws/build/pub_sub_custom_msg -- -j4 -l4
[11.859s] Invoking command in '/home/sajjad/Downloads/demo_ros2/ros2_ws/build/pub_sub_custom_msg': CMAKE_PREFIX_PATH=/home/sajjad/Downloads/demo_ros2/ros2_ws/install/custom_msg:/home/sajjad/Downloads/demo_ros2/ros2_ws/install/ros2_msg:/home/sajjad/Downloads/demo_ros2/ros2_ws/install/my_robot_interfaces:/opt/ros/humble LD_LIBRARY_PATH=/home/sajjad/Downloads/demo_ros2/ros2_ws/install/custom_msg/lib:/home/sajjad/Downloads/demo_ros2/ros2_ws/install/ros2_msg/lib:/home/sajjad/Downloads/demo_ros2/ros2_ws/install/my_robot_interfaces/lib:/opt/ros/humble/opt/rviz_ogre_vendor/lib:/opt/ros/humble/lib/x86_64-linux-gnu:/opt/ros/humble/lib /usr/bin/cmake --install /home/sajjad/Downloads/demo_ros2/ros2_ws/build/pub_sub_custom_msg
[11.870s] -- Install configuration: ""
[11.871s] -- Installing: /home/sajjad/Downloads/demo_ros2/ros2_ws/install/pub_sub_custom_msg/lib/pub_sub_custom_msg/publisher
[11.873s] -- Set runtime path of "/home/sajjad/Downloads/demo_ros2/ros2_ws/install/pub_sub_custom_msg/lib/pub_sub_custom_msg/publisher" to ""
[11.873s] -- Installing: /home/sajjad/Downloads/demo_ros2/ros2_ws/install/pub_sub_custom_msg/lib/pub_sub_custom_msg/subscriber
[11.878s] -- Set runtime path of "/home/sajjad/Downloads/demo_ros2/ros2_ws/install/pub_sub_custom_msg/lib/pub_sub_custom_msg/subscriber" to ""
[11.878s] -- Installing: /home/sajjad/Downloads/demo_ros2/ros2_ws/install/pub_sub_custom_msg/share/pub_sub_custom_msg//launch
[11.879s] -- Installing: /home/sajjad/Downloads/demo_ros2/ros2_ws/install/pub_sub_custom_msg/share/pub_sub_custom_msg//launch/pub_sub_launch.py
[11.879s] -- Installing: /home/sajjad/Downloads/demo_ros2/ros2_ws/install/pub_sub_custom_msg/share/ament_index/resource_index/package_run_dependencies/pub_sub_custom_msg
[11.879s] -- Installing: /home/sajjad/Downloads/demo_ros2/ros2_ws/install/pub_sub_custom_msg/share/ament_index/resource_index/parent_prefix_path/pub_sub_custom_msg
[11.879s] -- Installing: /home/sajjad/Downloads/demo_ros2/ros2_ws/install/pub_sub_custom_msg/share/pub_sub_custom_msg/environment/ament_prefix_path.sh
[11.879s] -- Installing: /home/sajjad/Downloads/demo_ros2/ros2_ws/install/pub_sub_custom_msg/share/pub_sub_custom_msg/environment/ament_prefix_path.dsv
[11.880s] -- Installing: /home/sajjad/Downloads/demo_ros2/ros2_ws/install/pub_sub_custom_msg/share/pub_sub_custom_msg/environment/path.sh
[11.880s] -- Installing: /home/sajjad/Downloads/demo_ros2/ros2_ws/install/pub_sub_custom_msg/share/pub_sub_custom_msg/environment/path.dsv
[11.880s] -- Installing: /home/sajjad/Downloads/demo_ros2/ros2_ws/install/pub_sub_custom_msg/share/pub_sub_custom_msg/local_setup.bash
[11.880s] -- Installing: /home/sajjad/Downloads/demo_ros2/ros2_ws/install/pub_sub_custom_msg/share/pub_sub_custom_msg/local_setup.sh
[11.881s] -- Installing: /home/sajjad/Downloads/demo_ros2/ros2_ws/install/pub_sub_custom_msg/share/pub_sub_custom_msg/local_setup.zsh
[11.881s] -- Installing: /home/sajjad/Downloads/demo_ros2/ros2_ws/install/pub_sub_custom_msg/share/pub_sub_custom_msg/local_setup.dsv
[11.881s] -- Installing: /home/sajjad/Downloads/demo_ros2/ros2_ws/install/pub_sub_custom_msg/share/pub_sub_custom_msg/package.dsv
[11.881s] -- Installing: /home/sajjad/Downloads/demo_ros2/ros2_ws/install/pub_sub_custom_msg/share/ament_index/resource_index/packages/pub_sub_custom_msg
[11.882s] -- Installing: /home/sajjad/Downloads/demo_ros2/ros2_ws/install/pub_sub_custom_msg/share/pub_sub_custom_msg/cmake/pub_sub_custom_msgConfig.cmake
[11.882s] -- Installing: /home/sajjad/Downloads/demo_ros2/ros2_ws/install/pub_sub_custom_msg/share/pub_sub_custom_msg/cmake/pub_sub_custom_msgConfig-version.cmake
[11.882s] -- Installing: /home/sajjad/Downloads/demo_ros2/ros2_ws/install/pub_sub_custom_msg/share/pub_sub_custom_msg/package.xml
[11.885s] Invoked command in '/home/sajjad/Downloads/demo_ros2/ros2_ws/build/pub_sub_custom_msg' returned '0': CMAKE_PREFIX_PATH=/home/sajjad/Downloads/demo_ros2/ros2_ws/install/custom_msg:/home/sajjad/Downloads/demo_ros2/ros2_ws/install/ros2_msg:/home/sajjad/Downloads/demo_ros2/ros2_ws/install/my_robot_interfaces:/opt/ros/humble LD_LIBRARY_PATH=/home/sajjad/Downloads/demo_ros2/ros2_ws/install/custom_msg/lib:/home/sajjad/Downloads/demo_ros2/ros2_ws/install/ros2_msg/lib:/home/sajjad/Downloads/demo_ros2/ros2_ws/install/my_robot_interfaces/lib:/opt/ros/humble/opt/rviz_ogre_vendor/lib:/opt/ros/humble/lib/x86_64-linux-gnu:/opt/ros/humble/lib /usr/bin/cmake --install /home/sajjad/Downloads/demo_ros2/ros2_ws/build/pub_sub_custom_msg
