[0.082s] Invoking command in '/home/sajjad/Downloads/demo_ros2/ros2_ws/build/pub_sub_custom_msg1': AMENT_PREFIX_PATH=/home/sajjad/Downloads/demo_ros2/ros2_ws/install/custom_msg:${AMENT_PREFIX_PATH} CMAKE_PREFIX_PATH=/home/sajjad/Downloads/demo_ros2/ros2_ws/install/custom_msg:/opt/ros/humble LD_LIBRARY_PATH=/home/sajjad/Downloads/demo_ros2/ros2_ws/install/custom_msg/lib:${LD_LIBRARY_PATH} PYTHONPATH=/home/sajjad/Downloads/demo_ros2/ros2_ws/install/custom_msg/local/lib/python3.10/dist-packages:${PYTHONPATH} /usr/bin/cmake /home/sajjad/Downloads/demo_ros2/ros2_ws/src/pub_sub_custom_msg1 -DCMAKE_INSTALL_PREFIX=/home/sajjad/Downloads/demo_ros2/ros2_ws/install/pub_sub_custom_msg1
[0.096s] -- Found ament_cmake: 1.3.5 (/opt/ros/humble/share/ament_cmake/cmake)
[0.281s] -- Found rclcpp: 16.0.6 (/opt/ros/humble/share/rclcpp/cmake)
[0.320s] -- Found rosidl_generator_c: 3.1.5 (/opt/ros/humble/share/rosidl_generator_c/cmake)
[0.323s] -- Found rosidl_adapter: 3.1.5 (/opt/ros/humble/share/rosidl_adapter/cmake)
[0.332s] -- Found rosidl_generator_cpp: 3.1.5 (/opt/ros/humble/share/rosidl_generator_cpp/cmake)
[0.348s] -- Using all available rosidl_typesupport_c: rosidl_typesupport_fastrtps_c;rosidl_typesupport_introspection_c
[0.368s] -- Using all available rosidl_typesupport_cpp: rosidl_typesupport_fastrtps_cpp;rosidl_typesupport_introspection_cpp
[0.446s] -- Found rmw_implementation_cmake: 6.1.1 (/opt/ros/humble/share/rmw_implementation_cmake/cmake)
[0.448s] -- Found rmw_fastrtps_cpp: 6.2.4 (/opt/ros/humble/share/rmw_fastrtps_cpp/cmake)
[0.600s] -- Using RMW implementation 'rmw_fastrtps_cpp' as default
[0.821s] [31mCMake Error at CMakeLists.txt:22 (find_package):
[0.822s]   By not providing "Findcustom_msg1.cmake" in CMAKE_MODULE_PATH this project
[0.822s]   has asked CMake to find a package configuration file provided by
[0.822s]   "custom_msg1", but CMake did not find one.
[0.822s] 
[0.822s]   Could not find a package configuration file provided by "custom_msg1" with
[0.822s]   any of the following names:
[0.822s] 
[0.822s]     custom_msg1Config.cmake
[0.822s]     custom_msg1-config.cmake
[0.823s] 
[0.823s]   Add the installation prefix of "custom_msg1" to CMAKE_PREFIX_PATH or set
[0.823s]   "custom_msg1_DIR" to a directory containing one of the above files.  If
[0.823s]   "custom_msg1" provides a separate development package or SDK, be sure it
[0.823s]   has been installed.
[0.823s] 
[0.823s] [0m
[0.823s] -- Configuring incomplete, errors occurred!
[0.824s] See also "/home/sajjad/Downloads/demo_ros2/ros2_ws/build/pub_sub_custom_msg1/CMakeFiles/CMakeOutput.log".
[0.832s] Invoked command in '/home/sajjad/Downloads/demo_ros2/ros2_ws/build/pub_sub_custom_msg1' returned '1': AMENT_PREFIX_PATH=/home/sajjad/Downloads/demo_ros2/ros2_ws/install/custom_msg:${AMENT_PREFIX_PATH} CMAKE_PREFIX_PATH=/home/sajjad/Downloads/demo_ros2/ros2_ws/install/custom_msg:/opt/ros/humble LD_LIBRARY_PATH=/home/sajjad/Downloads/demo_ros2/ros2_ws/install/custom_msg/lib:${LD_LIBRARY_PATH} PYTHONPATH=/home/sajjad/Downloads/demo_ros2/ros2_ws/install/custom_msg/local/lib/python3.10/dist-packages:${PYTHONPATH} /usr/bin/cmake /home/sajjad/Downloads/demo_ros2/ros2_ws/src/pub_sub_custom_msg1 -DCMAKE_INSTALL_PREFIX=/home/sajjad/Downloads/demo_ros2/ros2_ws/install/pub_sub_custom_msg1
